18/04/05 19:27:43 WARN util.NativeCodeLoader: Unable to load native-hadoop library for your platform... using builtin-java classes where applicable
get: `SRR1770413.g.vcf': File exists
Using GATK jar /home/elon/biosoft/gatk/4.0/gatk-package-4.0.2.1-local.jar
Running:
    java -Dsamjdk.use_async_io_read_samtools=false -Dsamjdk.use_async_io_write_samtools=true -Dsamjdk.use_async_io_write_tribble=false -Dsamjdk.compression_level=1 -jar /home/elon/biosoft/gatk/4.0/gatk-package-4.0.2.1-local.jar GenotypeGVCFs -R /home/elon/wgs/input/fasta/E.coli_K12_MG1655.fa -V SRR1770413.g.vcf -O E_coli_K12.vcf
19:27:47.521 INFO  NativeLibraryLoader - Loading libgkl_compression.so from jar:file:/home/elon/biosoft/gatk/4.0/gatk-package-4.0.2.1-local.jar!/com/intel/gkl/native/libgkl_compression.so
19:27:47.762 INFO  GenotypeGVCFs - ------------------------------------------------------------
19:27:47.762 INFO  GenotypeGVCFs - The Genome Analysis Toolkit (GATK) v4.0.2.1
19:27:47.762 INFO  GenotypeGVCFs - For support and documentation go to https://software.broadinstitute.org/gatk/
19:27:47.762 INFO  GenotypeGVCFs - Executing as elon@longsl on Linux v4.13.0-36-generic amd64
19:27:47.763 INFO  GenotypeGVCFs - Java runtime: Java HotSpot(TM) 64-Bit Server VM v1.8.0_161-b12
19:27:47.763 INFO  GenotypeGVCFs - Start Date/Time: 2018年4月5日 下午07时27分47秒
19:27:47.763 INFO  GenotypeGVCFs - ------------------------------------------------------------
19:27:47.763 INFO  GenotypeGVCFs - ------------------------------------------------------------
19:27:47.763 INFO  GenotypeGVCFs - HTSJDK Version: 2.14.3
19:27:47.764 INFO  GenotypeGVCFs - Picard Version: 2.17.2
19:27:47.764 INFO  GenotypeGVCFs - HTSJDK Defaults.COMPRESSION_LEVEL : 1
19:27:47.764 INFO  GenotypeGVCFs - HTSJDK Defaults.USE_ASYNC_IO_READ_FOR_SAMTOOLS : false
19:27:47.764 INFO  GenotypeGVCFs - HTSJDK Defaults.USE_ASYNC_IO_WRITE_FOR_SAMTOOLS : true
19:27:47.764 INFO  GenotypeGVCFs - HTSJDK Defaults.USE_ASYNC_IO_WRITE_FOR_TRIBBLE : false
19:27:47.764 INFO  GenotypeGVCFs - Deflater: IntelDeflater
19:27:47.764 INFO  GenotypeGVCFs - Inflater: IntelInflater
19:27:47.764 INFO  GenotypeGVCFs - GCS max retries/reopens: 20
19:27:47.764 INFO  GenotypeGVCFs - Using google-cloud-java patch 6d11bef1c81f885c26b2b56c8616b7a705171e4f from https://github.com/droazen/google-cloud-java/tree/dr_all_nio_fixes
19:27:47.764 INFO  GenotypeGVCFs - Initializing engine
19:27:48.169 INFO  FeatureManager - Using codec VCFCodec to read file file:///tmp/SRR1770413.g.vcf
19:27:48.204 INFO  GenotypeGVCFs - Done initializing engine
19:27:48.848 INFO  ProgressMeter - Starting traversal
19:27:48.848 INFO  ProgressMeter -        Current Locus  Elapsed Minutes    Variants Processed  Variants/Minute
19:27:49.157 WARN  ReferenceConfidenceVariantContextMerger - Detected invalid annotations: When trying to merge variant contexts at location NC_000913.3:25739 the annotation MLEAC=[1, 0] was not a numerical value and was ignored
19:27:54.127 INFO  ProgressMeter -  NC_000913.3:1766606              0.1                 86175         979632.4
19:27:54.128 INFO  ProgressMeter - Traversal complete. Processed 86175 total variants in 0.1 minutes.
19:27:54.132 INFO  GenotypeGVCFs - Shutting down engine
[2018年4月5日 下午07时27分54秒] org.broadinstitute.hellbender.tools.walkers.GenotypeGVCFs done. Elapsed time: 0.11 minutes.
Runtime.totalMemory()=397410304

real	0m9.615s
user	0m24.242s
sys	0m0.357s

real	0m0.045s
user	0m0.010s
sys	0m0.003s

real	0m0.033s
user	0m0.008s
sys	0m0.000s
18/04/05 19:27:55 WARN util.NativeCodeLoader: Unable to load native-hadoop library for your platform... using builtin-java classes where applicable
put: `/wgs/output/vcf/E_coli_K12.vcf.gz': File exists
put: `/wgs/output/vcf/E_coli_K12.vcf.gz.tbi': File exists
