18/04/05 22:16:30 WARN util.NativeCodeLoader: Unable to load native-hadoop library for your platform... using builtin-java classes where applicable
18/04/05 22:16:33 WARN util.NativeCodeLoader: Unable to load native-hadoop library for your platform... using builtin-java classes where applicable
[M::bwa_idx_load_from_disk] read 0 ALT contigs
[M::process] read 533018 sequences (40000045 bp)...
[M::process] read 533050 sequences (40000069 bp)...
[M::mem_pestat] # candidate unique pairs for (FF, FR, RF, RR): (6046, 16310, 2617, 5887)
[M::mem_pestat] analyzing insert size distribution for orientation FF...
[M::mem_pestat] (25, 50, 75) percentile: (43, 87, 163)
[M::mem_pestat] low and high boundaries for computing mean and std.dev: (1, 403)
[M::mem_pestat] mean and std.dev: (105.33, 84.13)
[M::mem_pestat] low and high boundaries for proper pairs: (1, 523)
[M::mem_pestat] analyzing insert size distribution for orientation FR...
[M::mem_pestat] (25, 50, 75) percentile: (78, 145, 223)
[M::mem_pestat] low and high boundaries for computing mean and std.dev: (1, 513)
[M::mem_pestat] mean and std.dev: (156.75, 100.88)
[M::mem_pestat] low and high boundaries for proper pairs: (1, 658)
[M::mem_pestat] analyzing insert size distribution for orientation RF...
[M::mem_pestat] (25, 50, 75) percentile: (29, 68, 139)
[M::mem_pestat] low and high boundaries for computing mean and std.dev: (1, 359)
[M::mem_pestat] mean and std.dev: (85.68, 76.56)
[M::mem_pestat] low and high boundaries for proper pairs: (1, 469)
[M::mem_pestat] analyzing insert size distribution for orientation RR...
[M::mem_pestat] (25, 50, 75) percentile: (45, 92, 165)
[M::mem_pestat] low and high boundaries for computing mean and std.dev: (1, 405)
[M::mem_pestat] mean and std.dev: (107.30, 84.97)
[M::mem_pestat] low and high boundaries for proper pairs: (1, 525)
[M::mem_process_seqs] Processed 533018 reads in 43.496 CPU sec, 12.352 real sec
[M::mem_pestat] # candidate unique pairs for (FF, FR, RF, RR): (6143, 16429, 2710, 5755)
[M::mem_pestat] analyzing insert size distribution for orientation FF...
[M::mem_pestat] (25, 50, 75) percentile: (46, 87, 164)
[M::mem_pestat] low and high boundaries for computing mean and std.dev: (1, 400)
[M::mem_pestat] mean and std.dev: (106.69, 85.03)
[M::mem_pestat] low and high boundaries for proper pairs: (1, 518)
[M::mem_pestat] analyzing insert size distribution for orientation FR...
[M::mem_pestat] (25, 50, 75) percentile: (78, 145, 223)
[M::mem_pestat] low and high boundaries for computing mean and std.dev: (1, 513)
[M::mem_pestat] mean and std.dev: (157.73, 101.92)
[M::mem_pestat] low and high boundaries for proper pairs: (1, 658)
[M::mem_pestat] analyzing insert size distribution for orientation RF...
[M::mem_pestat] (25, 50, 75) percentile: (28, 67, 140)
[M::mem_pestat] low and high boundaries for computing mean and std.dev: (1, 364)
[M::mem_pestat] mean and std.dev: (85.93, 77.12)
[M::mem_pestat] low and high boundaries for proper pairs: (1, 476)
[M::mem_pestat] analyzing insert size distribution for orientation RR...
[M::mem_pestat] (25, 50, 75) percentile: (45, 91, 166)
[M::mem_pestat] low and high boundaries for computing mean and std.dev: (1, 408)
[M::mem_pestat] mean and std.dev: (108.76, 84.99)
[M::mem_pestat] low and high boundaries for proper pairs: (1, 529)
[M::process] read 532934 sequences (40000019 bp)...
[M::mem_process_seqs] Processed 533050 reads in 43.928 CPU sec, 13.094 real sec
[M::mem_pestat] # candidate unique pairs for (FF, FR, RF, RR): (6036, 16493, 2593, 5836)
[M::mem_pestat] analyzing insert size distribution for orientation FF...
[M::mem_pestat] (25, 50, 75) percentile: (44, 86, 162)
[M::mem_pestat] low and high boundaries for computing mean and std.dev: (1, 398)
[M::mem_pestat] mean and std.dev: (104.78, 84.36)
[M::mem_pestat] low and high boundaries for proper pairs: (1, 516)
[M::mem_pestat] analyzing insert size distribution for orientation FR...
[M::mem_pestat] (25, 50, 75) percentile: (78, 145, 223)
[M::mem_pestat] low and high boundaries for computing mean and std.dev: (1, 513)
[M::mem_pestat] mean and std.dev: (157.48, 101.86)
[M::mem_pestat] low and high boundaries for proper pairs: (1, 658)
[M::mem_pestat] analyzing insert size distribution for orientation RF...
[M::mem_pestat] (25, 50, 75) percentile: (29, 68, 141)
[M::mem_pestat] low and high boundaries for computing mean and std.dev: (1, 365)
[M::mem_pestat] mean and std.dev: (86.54, 77.70)
[M::mem_pestat] low and high boundaries for proper pairs: (1, 477)
[M::mem_pestat] analyzing insert size distribution for orientation RR...
[M::mem_pestat] (25, 50, 75) percentile: (45, 91, 164)
[M::mem_pestat] low and high boundaries for computing mean and std.dev: (1, 402)
[M::mem_pestat] mean and std.dev: (107.86, 84.84)
[M::mem_pestat] low and high boundaries for proper pairs: (1, 521)
[M::process] read 532766 sequences (40000003 bp)...
[M::mem_process_seqs] Processed 532934 reads in 43.993 CPU sec, 12.881 real sec
[M::mem_pestat] # candidate unique pairs for (FF, FR, RF, RR): (6045, 16179, 2605, 5792)
[M::mem_pestat] analyzing insert size distribution for orientation FF...
[M::mem_pestat] (25, 50, 75) percentile: (45, 90, 162)
[M::mem_pestat] low and high boundaries for computing mean and std.dev: (1, 396)
[M::mem_pestat] mean and std.dev: (106.11, 83.29)
[M::mem_pestat] low and high boundaries for proper pairs: (1, 513)
[M::mem_pestat] analyzing insert size distribution for orientation FR...
[M::mem_pestat] (25, 50, 75) percentile: (79, 147, 227)
[M::mem_pestat] low and high boundaries for computing mean and std.dev: (1, 523)
[M::mem_pestat] mean and std.dev: (160.60, 104.51)
[M::mem_pestat] low and high boundaries for proper pairs: (1, 671)
[M::mem_pestat] analyzing insert size distribution for orientation RF...
[M::mem_pestat] (25, 50, 75) percentile: (30, 69, 138)
[M::mem_pestat] low and high boundaries for computing mean and std.dev: (1, 354)
[M::mem_pestat] mean and std.dev: (84.83, 74.58)
[M::mem_pestat] low and high boundaries for proper pairs: (1, 462)
[M::mem_pestat] analyzing insert size distribution for orientation RR...
[M::mem_pestat] (25, 50, 75) percentile: (46, 92, 165)
[M::mem_pestat] low and high boundaries for computing mean and std.dev: (1, 403)
[M::mem_pestat] mean and std.dev: (108.78, 85.31)
[M::mem_pestat] low and high boundaries for proper pairs: (1, 522)
[M::process] read 532554 sequences (40000071 bp)...
[M::mem_process_seqs] Processed 532766 reads in 43.751 CPU sec, 12.824 real sec
[M::process] read 532486 sequences (40000092 bp)...
[M::mem_pestat] # candidate unique pairs for (FF, FR, RF, RR): (5808, 16258, 2706, 5786)
[M::mem_pestat] analyzing insert size distribution for orientation FF...
[M::mem_pestat] (25, 50, 75) percentile: (44, 89, 166)
[M::mem_pestat] low and high boundaries for computing mean and std.dev: (1, 410)
[M::mem_pestat] mean and std.dev: (107.49, 86.81)
[M::mem_pestat] low and high boundaries for proper pairs: (1, 532)
[M::mem_pestat] analyzing insert size distribution for orientation FR...
[M::mem_pestat] (25, 50, 75) percentile: (80, 149, 228)
[M::mem_pestat] low and high boundaries for computing mean and std.dev: (1, 524)
[M::mem_pestat] mean and std.dev: (161.12, 104.15)
[M::mem_pestat] low and high boundaries for proper pairs: (1, 672)
[M::mem_pestat] analyzing insert size distribution for orientation RF...
[M::mem_pestat] (25, 50, 75) percentile: (30, 69, 141)
[M::mem_pestat] low and high boundaries for computing mean and std.dev: (1, 363)
[M::mem_pestat] mean and std.dev: (88.32, 78.69)
[M::mem_pestat] low and high boundaries for proper pairs: (1, 474)
[M::mem_pestat] analyzing insert size distribution for orientation RR...
[M::mem_pestat] (25, 50, 75) percentile: (45, 89, 166)
[M::mem_pestat] low and high boundaries for computing mean and std.dev: (1, 408)
[M::mem_pestat] mean and std.dev: (107.30, 84.88)
[M::mem_pestat] low and high boundaries for proper pairs: (1, 529)
[M::mem_process_seqs] Processed 532554 reads in 44.095 CPU sec, 12.925 real sec
[M::mem_pestat] # candidate unique pairs for (FF, FR, RF, RR): (6042, 16383, 2690, 5753)
[M::mem_pestat] analyzing insert size distribution for orientation FF...
[M::mem_pestat] (25, 50, 75) percentile: (47, 93, 169)
[M::mem_pestat] low and high boundaries for computing mean and std.dev: (1, 413)
[M::mem_pestat] mean and std.dev: (110.96, 87.38)
[M::mem_pestat] low and high boundaries for proper pairs: (1, 535)
[M::mem_pestat] analyzing insert size distribution for orientation FR...
[M::mem_pestat] (25, 50, 75) percentile: (82, 151, 229)
[M::mem_pestat] low and high boundaries for computing mean and std.dev: (1, 523)
[M::mem_pestat] mean and std.dev: (162.89, 104.69)
[M::mem_pestat] low and high boundaries for proper pairs: (1, 670)
[M::mem_pestat] analyzing insert size distribution for orientation RF...
[M::mem_pestat] (25, 50, 75) percentile: (29, 70, 143)
[M::mem_pestat] low and high boundaries for computing mean and std.dev: (1, 371)
[M::mem_pestat] mean and std.dev: (89.23, 80.33)
[M::mem_pestat] low and high boundaries for proper pairs: (1, 485)
[M::mem_pestat] analyzing insert size distribution for orientation RR...
[M::mem_pestat] (25, 50, 75) percentile: (47, 93, 166)
[M::mem_pestat] low and high boundaries for computing mean and std.dev: (1, 404)
[M::mem_pestat] mean and std.dev: (109.05, 84.69)
[M::mem_pestat] low and high boundaries for proper pairs: (1, 523)
[M::process] read 532940 sequences (40000038 bp)...
[M::mem_process_seqs] Processed 532486 reads in 43.846 CPU sec, 12.889 real sec
[M::process] read 132196 sequences (9922808 bp)...
[M::mem_pestat] # candidate unique pairs for (FF, FR, RF, RR): (5848, 16078, 2608, 5774)
[M::mem_pestat] analyzing insert size distribution for orientation FF...
[M::mem_pestat] (25, 50, 75) percentile: (46, 93, 175)
[M::mem_pestat] low and high boundaries for computing mean and std.dev: (1, 433)
[M::mem_pestat] mean and std.dev: (112.43, 90.67)
[M::mem_pestat] low and high boundaries for proper pairs: (1, 562)
[M::mem_pestat] analyzing insert size distribution for orientation FR...
[M::mem_pestat] (25, 50, 75) percentile: (80, 154, 235)
[M::mem_pestat] low and high boundaries for computing mean and std.dev: (1, 545)
[M::mem_pestat] mean and std.dev: (165.71, 109.19)
[M::mem_pestat] low and high boundaries for proper pairs: (1, 700)
[M::mem_pestat] analyzing insert size distribution for orientation RF...
[M::mem_pestat] (25, 50, 75) percentile: (31, 70, 144)
[M::mem_pestat] low and high boundaries for computing mean and std.dev: (1, 370)
[M::mem_pestat] mean and std.dev: (88.71, 79.00)
[M::mem_pestat] low and high boundaries for proper pairs: (1, 483)
[M::mem_pestat] analyzing insert size distribution for orientation RR...
[M::mem_pestat] (25, 50, 75) percentile: (47, 96, 177)
[M::mem_pestat] low and high boundaries for computing mean and std.dev: (1, 437)
[M::mem_pestat] mean and std.dev: (115.20, 92.15)
[M::mem_pestat] low and high boundaries for proper pairs: (1, 567)
[M::mem_process_seqs] Processed 532940 reads in 43.063 CPU sec, 12.698 real sec
[M::mem_pestat] # candidate unique pairs for (FF, FR, RF, RR): (1414, 3880, 665, 1445)
[M::mem_pestat] analyzing insert size distribution for orientation FF...
[M::mem_pestat] (25, 50, 75) percentile: (46, 91, 182)
[M::mem_pestat] low and high boundaries for computing mean and std.dev: (1, 454)
[M::mem_pestat] mean and std.dev: (115.36, 95.14)
[M::mem_pestat] low and high boundaries for proper pairs: (1, 590)
[M::mem_pestat] analyzing insert size distribution for orientation FR...
[M::mem_pestat] (25, 50, 75) percentile: (86, 158, 243)
[M::mem_pestat] low and high boundaries for computing mean and std.dev: (1, 557)
[M::mem_pestat] mean and std.dev: (170.49, 109.94)
[M::mem_pestat] low and high boundaries for proper pairs: (1, 714)
[M::mem_pestat] analyzing insert size distribution for orientation RF...
[M::mem_pestat] (25, 50, 75) percentile: (29, 70, 139)
[M::mem_pestat] low and high boundaries for computing mean and std.dev: (1, 359)
[M::mem_pestat] mean and std.dev: (87.61, 77.27)
[M::mem_pestat] low and high boundaries for proper pairs: (1, 469)
[M::mem_pestat] analyzing insert size distribution for orientation RR...
[M::mem_pestat] (25, 50, 75) percentile: (49, 99, 179)
[M::mem_pestat] low and high boundaries for computing mean and std.dev: (1, 439)
[M::mem_pestat] mean and std.dev: (118.12, 92.00)
[M::mem_pestat] low and high boundaries for proper pairs: (1, 569)
[M::mem_process_seqs] Processed 132196 reads in 10.636 CPU sec, 3.351 real sec
[main] Version: 0.7.12-r1039
[main] CMD: /home/elon/biosoft/bwa/0.7.12/bwa mem -t 4 -R @RG\tID:foo\tPL:illumina\tSM:E.coli_K12 /home/elon/wgs/input/fasta/E.coli_K12_MG1655.fa SRR3226035_1.fastq.gz SRR3226035_2.fastq.gz
[main] Real time: 98.149 sec; CPU: 317.992 sec

real	1m38.973s
user	5m59.895s
sys	0m3.698s

real	0m23.515s
user	0m45.200s
sys	0m0.733s
Using GATK jar /home/elon/biosoft/gatk/4.0/gatk-package-4.0.2.1-local.jar
Running:
    java -Dsamjdk.use_async_io_read_samtools=false -Dsamjdk.use_async_io_write_samtools=true -Dsamjdk.use_async_io_write_tribble=false -Dsamjdk.compression_level=1 -jar /home/elon/biosoft/gatk/4.0/gatk-package-4.0.2.1-local.jar MarkDuplicates -I SRR3226035.sorted.bam -O SRR3226035.sorted.markdup.bam -M SRR3226035.sorted.markup_metrics.txt
22:19:11.294 INFO  NativeLibraryLoader - Loading libgkl_compression.so from jar:file:/home/elon/biosoft/gatk/4.0/gatk-package-4.0.2.1-local.jar!/com/intel/gkl/native/libgkl_compression.so
[Thu Apr 05 22:19:11 CST 2018] MarkDuplicates  --INPUT SRR3226035.sorted.bam --OUTPUT SRR3226035.sorted.markdup.bam --METRICS_FILE SRR3226035.sorted.markup_metrics.txt  --MAX_SEQUENCES_FOR_DISK_READ_ENDS_MAP 50000 --MAX_FILE_HANDLES_FOR_READ_ENDS_MAP 8000 --SORTING_COLLECTION_SIZE_RATIO 0.25 --TAG_DUPLICATE_SET_MEMBERS false --REMOVE_SEQUENCING_DUPLICATES false --TAGGING_POLICY DontTag --CLEAR_DT true --ADD_PG_TAG_TO_READS true --REMOVE_DUPLICATES false --ASSUME_SORTED false --DUPLICATE_SCORING_STRATEGY SUM_OF_BASE_QUALITIES --PROGRAM_RECORD_ID MarkDuplicates --PROGRAM_GROUP_NAME MarkDuplicates --READ_NAME_REGEX <optimized capture of last three ':' separated fields as numeric values> --OPTICAL_DUPLICATE_PIXEL_DISTANCE 100 --MAX_OPTICAL_DUPLICATE_SET_SIZE 300000 --VERBOSITY INFO --QUIET false --VALIDATION_STRINGENCY STRICT --COMPRESSION_LEVEL 1 --MAX_RECORDS_IN_RAM 500000 --CREATE_INDEX false --CREATE_MD5_FILE false --GA4GH_CLIENT_SECRETS client_secrets.json --help false --version false --showHidden false --USE_JDK_DEFLATER false --USE_JDK_INFLATER false
[Thu Apr 05 22:19:11 CST 2018] Executing as elon@longsl on Linux 4.13.0-36-generic amd64; Java HotSpot(TM) 64-Bit Server VM 1.8.0_161-b12; Deflater: Intel; Inflater: Intel; Picard version: Version:4.0.2.1
INFO	2018-04-05 22:19:11	MarkDuplicates	Start of doWork freeMemory: 133069248; totalMemory: 141557760; maxMemory: 1756364800
INFO	2018-04-05 22:19:11	MarkDuplicates	Reading input file and constructing read end information.
INFO	2018-04-05 22:19:11	MarkDuplicates	Will retain up to 6363640 data points before spilling to disk.
WARNING	2018-04-05 22:19:12	AbstractOpticalDuplicateFinderCommandLineProgram	A field field parsed out of a read name was expected to contain an integer and did not. Read name: SRR3226035.53162. Cause: String 'SRR3226035.53162' did not start with a parsable number.
INFO	2018-04-05 22:19:18	MarkDuplicates	Read 549161 records. 0 pairs never matched.
INFO	2018-04-05 22:19:19	MarkDuplicates	After buildSortedReadEndLists freeMemory: 293243696; totalMemory: 407896064; maxMemory: 1756364800
INFO	2018-04-05 22:19:19	MarkDuplicates	Will retain up to 54886400 duplicate indices before spilling to disk.
INFO	2018-04-05 22:19:19	MarkDuplicates	Traversing read pair information and detecting duplicates.
INFO	2018-04-05 22:19:19	MarkDuplicates	Traversing fragment information and detecting duplicates.
INFO	2018-04-05 22:19:20	MarkDuplicates	Sorting list of duplicate records.
INFO	2018-04-05 22:19:20	MarkDuplicates	After generateDuplicateIndexes freeMemory: 398208312; totalMemory: 848297984; maxMemory: 1756364800
INFO	2018-04-05 22:19:20	MarkDuplicates	Marking 9881 records as duplicates.
INFO	2018-04-05 22:19:20	MarkDuplicates	Found 0 optical duplicate clusters.
INFO	2018-04-05 22:19:20	MarkDuplicates	Reads are assumed to be ordered by: coordinate
INFO	2018-04-05 22:19:33	MarkDuplicates	Before output close freeMemory: 953053904; totalMemory: 968359936; maxMemory: 1756364800
INFO	2018-04-05 22:19:34	MarkDuplicates	After output close freeMemory: 969476296; totalMemory: 981467136; maxMemory: 1756364800
[Thu Apr 05 22:19:34 CST 2018] picard.sam.markduplicates.MarkDuplicates done. Elapsed time: 0.39 minutes.
Runtime.totalMemory()=981467136

real	0m56.064s
user	0m46.168s
sys	0m2.712s

real	0m3.785s
user	0m3.736s
sys	0m0.040s
Using GATK jar /home/elon/biosoft/gatk/4.0/gatk-package-4.0.2.1-local.jar
Running:
    java -Dsamjdk.use_async_io_read_samtools=false -Dsamjdk.use_async_io_write_samtools=true -Dsamjdk.use_async_io_write_tribble=false -Dsamjdk.compression_level=1 -jar /home/elon/biosoft/gatk/4.0/gatk-package-4.0.2.1-local.jar HaplotypeCaller -R /home/elon/wgs/input/fasta/E.coli_K12_MG1655.fa --emit-ref-confidence GVCF -I SRR3226035.sorted.markdup.bam -O SRR3226035.g.vcf
22:19:41.240 INFO  NativeLibraryLoader - Loading libgkl_compression.so from jar:file:/home/elon/biosoft/gatk/4.0/gatk-package-4.0.2.1-local.jar!/com/intel/gkl/native/libgkl_compression.so
22:19:41.917 INFO  HaplotypeCaller - ------------------------------------------------------------
22:19:41.918 INFO  HaplotypeCaller - The Genome Analysis Toolkit (GATK) v4.0.2.1
22:19:41.918 INFO  HaplotypeCaller - For support and documentation go to https://software.broadinstitute.org/gatk/
22:19:41.918 INFO  HaplotypeCaller - Executing as elon@longsl on Linux v4.13.0-36-generic amd64
22:19:41.919 INFO  HaplotypeCaller - Java runtime: Java HotSpot(TM) 64-Bit Server VM v1.8.0_161-b12
22:19:41.919 INFO  HaplotypeCaller - Start Date/Time: 2018年4月5日 下午10时19分41秒
22:19:41.919 INFO  HaplotypeCaller - ------------------------------------------------------------
22:19:41.919 INFO  HaplotypeCaller - ------------------------------------------------------------
22:19:41.920 INFO  HaplotypeCaller - HTSJDK Version: 2.14.3
22:19:41.920 INFO  HaplotypeCaller - Picard Version: 2.17.2
22:19:41.920 INFO  HaplotypeCaller - HTSJDK Defaults.COMPRESSION_LEVEL : 1
22:19:41.920 INFO  HaplotypeCaller - HTSJDK Defaults.USE_ASYNC_IO_READ_FOR_SAMTOOLS : false
22:19:41.920 INFO  HaplotypeCaller - HTSJDK Defaults.USE_ASYNC_IO_WRITE_FOR_SAMTOOLS : true
22:19:41.920 INFO  HaplotypeCaller - HTSJDK Defaults.USE_ASYNC_IO_WRITE_FOR_TRIBBLE : false
22:19:41.921 INFO  HaplotypeCaller - Deflater: IntelDeflater
22:19:41.921 INFO  HaplotypeCaller - Inflater: IntelInflater
22:19:41.921 INFO  HaplotypeCaller - GCS max retries/reopens: 20
22:19:41.921 INFO  HaplotypeCaller - Using google-cloud-java patch 6d11bef1c81f885c26b2b56c8616b7a705171e4f from https://github.com/droazen/google-cloud-java/tree/dr_all_nio_fixes
22:19:41.921 INFO  HaplotypeCaller - Initializing engine
22:19:42.414 INFO  HaplotypeCaller - Done initializing engine
22:19:42.418 INFO  HaplotypeCallerEngine - Standard Emitting and Calling confidence set to 0.0 for reference-model confidence output
22:19:42.418 INFO  HaplotypeCallerEngine - All sites annotated with PLs forced to true for reference-model confidence output
22:19:43.059 INFO  NativeLibraryLoader - Loading libgkl_utils.so from jar:file:/home/elon/biosoft/gatk/4.0/gatk-package-4.0.2.1-local.jar!/com/intel/gkl/native/libgkl_utils.so
22:19:43.123 INFO  NativeLibraryLoader - Loading libgkl_pairhmm_omp.so from jar:file:/home/elon/biosoft/gatk/4.0/gatk-package-4.0.2.1-local.jar!/com/intel/gkl/native/libgkl_pairhmm_omp.so
22:19:43.195 WARN  IntelPairHmm - Flush-to-zero (FTZ) is enabled when running PairHMM
22:19:43.196 INFO  IntelPairHmm - Available threads: 4
22:19:43.196 INFO  IntelPairHmm - Requested threads: 4
22:19:43.196 INFO  PairHMM - Using the OpenMP multi-threaded AVX-accelerated native PairHMM implementation
22:19:43.320 INFO  ProgressMeter - Starting traversal
22:19:43.320 INFO  ProgressMeter -        Current Locus  Elapsed Minutes     Regions Processed   Regions/Minute
22:19:53.345 INFO  ProgressMeter -    NC_000913.3:22440              0.2                   170           1017.5
22:20:03.514 INFO  ProgressMeter -    NC_000913.3:53442              0.3                   400           1188.5
22:20:13.524 INFO  ProgressMeter -   NC_000913.3:109296              0.5                   830           1648.8
22:20:14.744 WARN  DepthPerSampleHC - Annotation will not be calculated, genotype is not called or alleleLikelihoodMap is null
22:20:14.744 WARN  StrandBiasBySample - Annotation will not be calculated, genotype is not called or alleleLikelihoodMap is null
22:20:24.054 INFO  ProgressMeter -   NC_000913.3:144284              0.7                  1090           1605.5
22:20:34.636 INFO  ProgressMeter -   NC_000913.3:199893              0.9                  1510           1765.5
22:20:50.264 INFO  ProgressMeter -   NC_000913.3:227370              1.1                  1720           1541.6
22:21:01.102 INFO  ProgressMeter -   NC_000913.3:256130              1.3                  1940           1496.5
22:21:01.232 WARN  DepthPerSampleHC - Annotation will not be calculated, genotype is not called or alleleLikelihoodMap is null
22:21:01.232 WARN  StrandBiasBySample - Annotation will not be calculated, genotype is not called or alleleLikelihoodMap is null
22:21:11.245 INFO  ProgressMeter -   NC_000913.3:304600              1.5                  2270           1549.1
22:21:21.851 INFO  ProgressMeter -   NC_000913.3:326229              1.6                  2430           1479.8
22:21:31.923 INFO  ProgressMeter -   NC_000913.3:394173              1.8                  2920           1613.2
22:21:38.672 WARN  DepthPerSampleHC - Annotation will not be calculated, genotype is not called or alleleLikelihoodMap is null
22:21:38.673 WARN  StrandBiasBySample - Annotation will not be calculated, genotype is not called or alleleLikelihoodMap is null
22:21:41.923 INFO  ProgressMeter -   NC_000913.3:472366              2.0                  3500           1770.6
22:21:52.101 INFO  ProgressMeter -   NC_000913.3:530701              2.1                  3940           1835.7
22:22:00.275 WARN  DepthPerSampleHC - Annotation will not be calculated, genotype is not called or alleleLikelihoodMap is null
22:22:00.275 WARN  StrandBiasBySample - Annotation will not be calculated, genotype is not called or alleleLikelihoodMap is null
22:22:00.275 WARN  DepthPerSampleHC - Annotation will not be calculated, genotype is not called or alleleLikelihoodMap is null
22:22:00.276 WARN  StrandBiasBySample - Annotation will not be calculated, genotype is not called or alleleLikelihoodMap is null
22:22:00.276 WARN  DepthPerSampleHC - Annotation will not be calculated, genotype is not called or alleleLikelihoodMap is null
22:22:00.276 WARN  StrandBiasBySample - Annotation will not be calculated, genotype is not called or alleleLikelihoodMap is null
22:22:00.276 WARN  DepthPerSampleHC - Annotation will not be calculated, genotype is not called or alleleLikelihoodMap is null
22:22:00.276 WARN  StrandBiasBySample - Annotation will not be calculated, genotype is not called or alleleLikelihoodMap is null
22:22:00.276 WARN  DepthPerSampleHC - Annotation will not be calculated, genotype is not called or alleleLikelihoodMap is null
22:22:00.277 WARN  StrandBiasBySample - Annotation will not be calculated, genotype is not called or alleleLikelihoodMap is null
22:22:02.190 INFO  ProgressMeter -   NC_000913.3:586690              2.3                  4350           1879.5
22:22:13.997 INFO  ProgressMeter -   NC_000913.3:656413              2.5                  4860           1935.3
22:22:24.045 INFO  ProgressMeter -   NC_000913.3:713868              2.7                  5290           1974.8
22:22:36.352 INFO  ProgressMeter -   NC_000913.3:738903              2.9                  5480           1900.2
22:22:38.830 WARN  DepthPerSampleHC - Annotation will not be calculated, genotype is not called or alleleLikelihoodMap is null
22:22:38.831 WARN  StrandBiasBySample - Annotation will not be calculated, genotype is not called or alleleLikelihoodMap is null
22:22:46.620 INFO  ProgressMeter -   NC_000913.3:803391              3.1                  5940           1944.4
22:22:49.773 WARN  DepthPerSampleHC - Annotation will not be calculated, genotype is not called or alleleLikelihoodMap is null
22:22:49.773 WARN  StrandBiasBySample - Annotation will not be calculated, genotype is not called or alleleLikelihoodMap is null
22:22:50.559 WARN  DepthPerSampleHC - Annotation will not be calculated, genotype is not called or alleleLikelihoodMap is null
22:22:50.559 WARN  StrandBiasBySample - Annotation will not be calculated, genotype is not called or alleleLikelihoodMap is null
22:22:50.559 WARN  DepthPerSampleHC - Annotation will not be calculated, genotype is not called or alleleLikelihoodMap is null
22:22:50.559 WARN  StrandBiasBySample - Annotation will not be calculated, genotype is not called or alleleLikelihoodMap is null
22:22:57.140 INFO  ProgressMeter -   NC_000913.3:888080              3.2                  6570           2033.8
22:23:06.445 WARN  DepthPerSampleHC - Annotation will not be calculated, genotype is not called or alleleLikelihoodMap is null
22:23:06.445 WARN  StrandBiasBySample - Annotation will not be calculated, genotype is not called or alleleLikelihoodMap is null
22:23:07.301 INFO  ProgressMeter -   NC_000913.3:963775              3.4                  7130           2097.3
22:23:17.524 INFO  ProgressMeter -  NC_000913.3:1030205              3.6                  7630           2137.2
22:23:27.541 INFO  ProgressMeter -  NC_000913.3:1091622              3.7                  8090           2164.8
22:23:37.730 INFO  ProgressMeter -  NC_000913.3:1147122              3.9                  8480           2170.6
22:23:48.302 INFO  ProgressMeter -  NC_000913.3:1200078              4.1                  8890           2177.3
22:23:58.495 INFO  ProgressMeter -  NC_000913.3:1228143              4.3                  9090           2137.4
22:24:09.385 INFO  ProgressMeter -  NC_000913.3:1301977              4.4                  9640           2173.9
22:24:19.453 INFO  ProgressMeter -  NC_000913.3:1351295              4.6                  9970           2166.4
22:24:20.358 WARN  DepthPerSampleHC - Annotation will not be calculated, genotype is not called or alleleLikelihoodMap is null
22:24:20.359 WARN  StrandBiasBySample - Annotation will not be calculated, genotype is not called or alleleLikelihoodMap is null
22:24:20.359 WARN  DepthPerSampleHC - Annotation will not be calculated, genotype is not called or alleleLikelihoodMap is null
22:24:20.360 WARN  StrandBiasBySample - Annotation will not be calculated, genotype is not called or alleleLikelihoodMap is null
22:24:20.360 WARN  DepthPerSampleHC - Annotation will not be calculated, genotype is not called or alleleLikelihoodMap is null
22:24:20.360 WARN  StrandBiasBySample - Annotation will not be calculated, genotype is not called or alleleLikelihoodMap is null
22:24:28.808 WARN  DepthPerSampleHC - Annotation will not be calculated, genotype is not called or alleleLikelihoodMap is null
22:24:28.808 WARN  StrandBiasBySample - Annotation will not be calculated, genotype is not called or alleleLikelihoodMap is null
22:24:29.511 INFO  ProgressMeter -  NC_000913.3:1440215              4.8                 10600           2222.3
22:24:40.392 INFO  ProgressMeter -  NC_000913.3:1500886              5.0                 11060           2233.8
22:24:48.110 WARN  DepthPerSampleHC - Annotation will not be calculated, genotype is not called or alleleLikelihoodMap is null
22:24:48.110 WARN  StrandBiasBySample - Annotation will not be calculated, genotype is not called or alleleLikelihoodMap is null
22:24:51.162 INFO  ProgressMeter -  NC_000913.3:1569727              5.1                 11560           2253.1
22:25:01.898 INFO  ProgressMeter -  NC_000913.3:1646092              5.3                 12120           2282.6
22:25:12.011 INFO  ProgressMeter -  NC_000913.3:1691347              5.5                 12450           2272.7
22:25:19.285 WARN  DepthPerSampleHC - Annotation will not be calculated, genotype is not called or alleleLikelihoodMap is null
22:25:19.285 WARN  StrandBiasBySample - Annotation will not be calculated, genotype is not called or alleleLikelihoodMap is null
22:25:22.021 INFO  ProgressMeter -  NC_000913.3:1759619              5.6                 12950           2294.1
22:25:22.732 INFO  HaplotypeCaller - 36374 read(s) filtered by: ((((((((MappingQualityReadFilter AND MappingQualityAvailableReadFilter) AND MappedReadFilter) AND NotSecondaryAlignmentReadFilter) AND NotDuplicateReadFilter) AND PassesVendorQualityCheckReadFilter) AND NonZeroReferenceLengthAlignmentReadFilter) AND GoodCigarReadFilter) AND WellformedReadFilter)
  36374 read(s) filtered by: (((((((MappingQualityReadFilter AND MappingQualityAvailableReadFilter) AND MappedReadFilter) AND NotSecondaryAlignmentReadFilter) AND NotDuplicateReadFilter) AND PassesVendorQualityCheckReadFilter) AND NonZeroReferenceLengthAlignmentReadFilter) AND GoodCigarReadFilter)
      36374 read(s) filtered by: ((((((MappingQualityReadFilter AND MappingQualityAvailableReadFilter) AND MappedReadFilter) AND NotSecondaryAlignmentReadFilter) AND NotDuplicateReadFilter) AND PassesVendorQualityCheckReadFilter) AND NonZeroReferenceLengthAlignmentReadFilter)
          36374 read(s) filtered by: (((((MappingQualityReadFilter AND MappingQualityAvailableReadFilter) AND MappedReadFilter) AND NotSecondaryAlignmentReadFilter) AND NotDuplicateReadFilter) AND PassesVendorQualityCheckReadFilter)
              36374 read(s) filtered by: ((((MappingQualityReadFilter AND MappingQualityAvailableReadFilter) AND MappedReadFilter) AND NotSecondaryAlignmentReadFilter) AND NotDuplicateReadFilter)
                  27877 read(s) filtered by: (((MappingQualityReadFilter AND MappingQualityAvailableReadFilter) AND MappedReadFilter) AND NotSecondaryAlignmentReadFilter)
                      27877 read(s) filtered by: ((MappingQualityReadFilter AND MappingQualityAvailableReadFilter) AND MappedReadFilter)
                          27877 read(s) filtered by: (MappingQualityReadFilter AND MappingQualityAvailableReadFilter)
                              27877 read(s) filtered by: MappingQualityReadFilter 
                  8497 read(s) filtered by: NotDuplicateReadFilter 

22:25:22.733 INFO  ProgressMeter -  NC_000913.3:1769173              5.7                 13021           2301.8
22:25:22.733 INFO  ProgressMeter - Traversal complete. Processed 13021 total regions in 5.7 minutes.
22:25:22.758 INFO  VectorLoglessPairHMM - Time spent in setup for JNI call : 0.280813608
22:25:22.758 INFO  PairHMM - Total compute time in PairHMM computeLogLikelihoods() : 91.69844059200001
22:25:22.759 INFO  SmithWatermanAligner - Total compute time in java Smith-Waterman : 108.31 sec
22:25:22.759 INFO  HaplotypeCaller - Shutting down engine
[2018年4月5日 下午10时25分22秒] org.broadinstitute.hellbender.tools.walkers.haplotypecaller.HaplotypeCaller done. Elapsed time: 5.69 minutes.
Runtime.totalMemory()=757071872

real	5m44.519s
user	11m22.187s
sys	0m1.934s
18/04/05 22:25:26 WARN util.NativeCodeLoader: Unable to load native-hadoop library for your platform... using builtin-java classes where applicable
