18/04/05 22:34:23 WARN util.NativeCodeLoader: Unable to load native-hadoop library for your platform... using builtin-java classes where applicable
get: `SRR3226042.g.vcf': File exists
18/04/05 22:34:24 WARN util.NativeCodeLoader: Unable to load native-hadoop library for your platform... using builtin-java classes where applicable
get: `SRR3226039.g.vcf': File exists
18/04/05 22:34:26 WARN util.NativeCodeLoader: Unable to load native-hadoop library for your platform... using builtin-java classes where applicable
get: `SRR3226035.g.vcf': File exists
INFO  22:34:30,518 HelpFormatter - -------------------------------------------------------------------------------- 
INFO  22:34:30,539 HelpFormatter - The Genome Analysis Toolkit (GATK) v3.6-6-g965413b, Compiled 2016/07/11 21:22:38 
INFO  22:34:30,539 HelpFormatter - Copyright (c) 2010-2016 The Broad Institute 
INFO  22:34:30,540 HelpFormatter - For support and documentation go to https://www.broadinstitute.org/gatk 
INFO  22:34:30,540 HelpFormatter - [Thu Apr 05 22:34:30 CST 2018] Executing on Linux 4.13.0-36-generic amd64 
INFO  22:34:30,540 HelpFormatter - Java HotSpot(TM) 64-Bit Server VM 1.8.0_161-b12 
INFO  22:34:30,546 HelpFormatter - Program Args: -T GenotypeGVCFs -nt 4 -R /home/elon/wgs/input/fasta/E.coli_K12_MG1655.fa --variant SRR3226042.g.vcf --variant SRR3226039.g.vcf --variant SRR3226035.g.vcf -o E_coli_K12.vcf 
INFO  22:34:30,550 HelpFormatter - Executing as elon@longsl on Linux 4.13.0-36-generic amd64; Java HotSpot(TM) 64-Bit Server VM 1.8.0_161-b12. 
INFO  22:34:30,550 HelpFormatter - Date/Time: 2018/04/05 22:34:30 
INFO  22:34:30,550 HelpFormatter - -------------------------------------------------------------------------------- 
INFO  22:34:30,550 HelpFormatter - -------------------------------------------------------------------------------- 
INFO  22:34:30,599 GenomeAnalysisEngine - Strictness is SILENT 
INFO  22:34:30,701 GenomeAnalysisEngine - Downsampling Settings: Method: BY_SAMPLE, Target Coverage: 1000 
INFO  22:34:30,857 MicroScheduler - Running the GATK in parallel mode with 4 total threads, 1 CPU thread(s) for each of 4 data thread(s), of 4 processors available on this machine 
INFO  22:34:30,924 GenomeAnalysisEngine - Preparing for traversal 
INFO  22:34:30,925 GenomeAnalysisEngine - Done preparing for traversal 
INFO  22:34:30,926 ProgressMeter - [INITIALIZATION COMPLETE; STARTING PROCESSING] 
INFO  22:34:30,927 ProgressMeter -                 | processed |    time |    per 1M |           |   total | remaining 
INFO  22:34:30,927 ProgressMeter -        Location |     sites | elapsed |     sites | completed | runtime |   runtime 
WARN  22:34:31,044 StrandBiasTest - StrandBiasBySample annotation exists in input VCF header. Attempting to use StrandBiasBySample values to calculate strand bias annotation values. If no sample has the SB genotype annotation, annotation may still fail. 
WARN  22:34:31,044 InbreedingCoeff - Annotation will not be calculated. InbreedingCoeff requires at least 10 unrelated samples. 
WARN  22:34:31,045 StrandBiasTest - StrandBiasBySample annotation exists in input VCF header. Attempting to use StrandBiasBySample values to calculate strand bias annotation values. If no sample has the SB genotype annotation, annotation may still fail. 
INFO  22:34:31,046 GenotypeGVCFs - Notice that the -ploidy parameter is ignored in GenotypeGVCFs tool as this is automatically determined by the input variant files 
WARN  22:34:31,445 HaplotypeScore - Annotation will not be calculated, must be called from UnifiedGenotyper, not org.broadinstitute.gatk.tools.walkers.variantutils.GenotypeGVCFs 
INFO  22:34:56,172 ProgressMeter -            done   1769345.0    25.0 s      14.0 s      100.0%    25.0 s       0.0 s 
INFO  22:34:56,172 ProgressMeter - Total runtime 25.25 secs, 0.42 min, 0.01 hours 

real	0m28.463s
user	1m25.259s
sys	0m14.276s

real	0m0.098s
user	0m0.038s
sys	0m0.008s

real	0m0.077s
user	0m0.012s
sys	0m0.004s
18/04/05 22:34:57 WARN util.NativeCodeLoader: Unable to load native-hadoop library for your platform... using builtin-java classes where applicable
