###COMMAND LINE###：
/home/elon/hadoop/bin/hadoop fs -get /wgsv2/input/fastq/SRR3226039_1.fastq.gz
18/05/14 00:57:27 WARN util.NativeCodeLoader: Unable to load native-hadoop library for your platform... using builtin-java classes where applicable

real	0m3.120s
user	0m4.736s
sys	0m0.405s

###COMMAND LINE###：
/home/elon/hadoop/bin/hadoop fs -get /wgsv2/input/fastq/SRR3226039_2.fastq.gz
18/05/14 00:57:30 WARN util.NativeCodeLoader: Unable to load native-hadoop library for your platform... using builtin-java classes where applicable

real	0m3.355s
user	0m4.799s
sys	0m0.381s

###COMMAND LINE###：
/home/elon/biosoft/bwa/0.7.12/bwa mem -t 4 -R @RG\tID:SRR3226039\tPL:illumina\tSM:E.coli_K12_SRR3226039 /home/elon/wgs/input/fasta/E.coli_K12_MG1655.fa SRR3226039_1.fastq.gz SRR3226039_2.fastq.gz | /home/elon/biosoft/samtools/1.0/bin/samtools view -Sb - > SRR3226039.bam
[M::bwa_idx_load_from_disk] read 0 ALT contigs
[M::process] read 532778 sequences (40000104 bp)...
[M::process] read 532600 sequences (40000078 bp)...
[M::mem_pestat] # candidate unique pairs for (FF, FR, RF, RR): (474, 1387, 436, 499)
[M::mem_pestat] analyzing insert size distribution for orientation FF...
[M::mem_pestat] (25, 50, 75) percentile: (90, 167, 259)
[M::mem_pestat] low and high boundaries for computing mean and std.dev: (1, 597)
[M::mem_pestat] mean and std.dev: (180.04, 114.91)
[M::mem_pestat] low and high boundaries for proper pairs: (1, 766)
[M::mem_pestat] analyzing insert size distribution for orientation FR...
[M::mem_pestat] (25, 50, 75) percentile: (132, 200, 270)
[M::mem_pestat] low and high boundaries for computing mean and std.dev: (1, 546)
[M::mem_pestat] mean and std.dev: (201.68, 101.17)
[M::mem_pestat] low and high boundaries for proper pairs: (1, 684)
[M::mem_pestat] analyzing insert size distribution for orientation RF...
[M::mem_pestat] (25, 50, 75) percentile: (112, 182, 272)
[M::mem_pestat] low and high boundaries for computing mean and std.dev: (1, 592)
[M::mem_pestat] mean and std.dev: (204.03, 128.39)
[M::mem_pestat] low and high boundaries for proper pairs: (1, 752)
[M::mem_pestat] analyzing insert size distribution for orientation RR...
[M::mem_pestat] (25, 50, 75) percentile: (98, 169, 258)
[M::mem_pestat] low and high boundaries for computing mean and std.dev: (1, 578)
[M::mem_pestat] mean and std.dev: (183.95, 115.46)
[M::mem_pestat] low and high boundaries for proper pairs: (1, 738)
[M::mem_process_seqs] Processed 532778 reads in 33.472 CPU sec, 8.475 real sec
[M::process] read 532196 sequences (40000067 bp)...
[M::mem_pestat] # candidate unique pairs for (FF, FR, RF, RR): (522, 1416, 475, 486)
[M::mem_pestat] analyzing insert size distribution for orientation FF...
[M::mem_pestat] (25, 50, 75) percentile: (99, 174, 274)
[M::mem_pestat] low and high boundaries for computing mean and std.dev: (1, 624)
[M::mem_pestat] mean and std.dev: (191.66, 121.04)
[M::mem_pestat] low and high boundaries for proper pairs: (1, 799)
[M::mem_pestat] analyzing insert size distribution for orientation FR...
[M::mem_pestat] (25, 50, 75) percentile: (129, 202, 268)
[M::mem_pestat] low and high boundaries for computing mean and std.dev: (1, 546)
[M::mem_pestat] mean and std.dev: (201.65, 95.95)
[M::mem_pestat] low and high boundaries for proper pairs: (1, 685)
[M::mem_pestat] analyzing insert size distribution for orientation RF...
[M::mem_pestat] (25, 50, 75) percentile: (102, 176, 253)
[M::mem_pestat] low and high boundaries for computing mean and std.dev: (1, 555)
[M::mem_pestat] mean and std.dev: (189.37, 123.92)
[M::mem_pestat] low and high boundaries for proper pairs: (1, 706)
[M::mem_pestat] analyzing insert size distribution for orientation RR...
[M::mem_pestat] (25, 50, 75) percentile: (100, 176, 262)
[M::mem_pestat] low and high boundaries for computing mean and std.dev: (1, 586)
[M::mem_pestat] mean and std.dev: (188.37, 113.82)
[M::mem_pestat] low and high boundaries for proper pairs: (1, 748)
[M::mem_process_seqs] Processed 532600 reads in 34.113 CPU sec, 10.138 real sec
[M::process] read 532090 sequences (40000120 bp)...
[M::mem_pestat] # candidate unique pairs for (FF, FR, RF, RR): (523, 1345, 489, 474)
[M::mem_pestat] analyzing insert size distribution for orientation FF...
[M::mem_pestat] (25, 50, 75) percentile: (98, 174, 272)
[M::mem_pestat] low and high boundaries for computing mean and std.dev: (1, 620)
[M::mem_pestat] mean and std.dev: (189.57, 121.04)
[M::mem_pestat] low and high boundaries for proper pairs: (1, 794)
[M::mem_pestat] analyzing insert size distribution for orientation FR...
[M::mem_pestat] (25, 50, 75) percentile: (128, 202, 268)
[M::mem_pestat] low and high boundaries for computing mean and std.dev: (1, 548)
[M::mem_pestat] mean and std.dev: (200.70, 98.02)
[M::mem_pestat] low and high boundaries for proper pairs: (1, 688)
[M::mem_pestat] analyzing insert size distribution for orientation RF...
[M::mem_pestat] (25, 50, 75) percentile: (107, 174, 260)
[M::mem_pestat] low and high boundaries for computing mean and std.dev: (1, 566)
[M::mem_pestat] mean and std.dev: (195.24, 126.29)
[M::mem_pestat] low and high boundaries for proper pairs: (1, 719)
[M::mem_pestat] analyzing insert size distribution for orientation RR...
[M::mem_pestat] (25, 50, 75) percentile: (87, 176, 262)
[M::mem_pestat] low and high boundaries for computing mean and std.dev: (1, 612)
[M::mem_pestat] mean and std.dev: (185.84, 116.66)
[M::mem_pestat] low and high boundaries for proper pairs: (1, 787)
[M::mem_process_seqs] Processed 532196 reads in 34.176 CPU sec, 10.158 real sec
[M::process] read 532920 sequences (40000127 bp)...
[M::mem_pestat] # candidate unique pairs for (FF, FR, RF, RR): (537, 1402, 526, 473)
[M::mem_pestat] analyzing insert size distribution for orientation FF...
[M::mem_pestat] (25, 50, 75) percentile: (94, 167, 261)
[M::mem_pestat] low and high boundaries for computing mean and std.dev: (1, 595)
[M::mem_pestat] mean and std.dev: (187.44, 119.97)
[M::mem_pestat] low and high boundaries for proper pairs: (1, 762)
[M::mem_pestat] analyzing insert size distribution for orientation FR...
[M::mem_pestat] (25, 50, 75) percentile: (132, 207, 273)
[M::mem_pestat] low and high boundaries for computing mean and std.dev: (1, 555)
[M::mem_pestat] mean and std.dev: (207.46, 101.88)
[M::mem_pestat] low and high boundaries for proper pairs: (1, 696)
[M::mem_pestat] analyzing insert size distribution for orientation RF...
[M::mem_pestat] (25, 50, 75) percentile: (102, 185, 268)
[M::mem_pestat] low and high boundaries for computing mean and std.dev: (1, 600)
[M::mem_pestat] mean and std.dev: (203.38, 131.08)
[M::mem_pestat] low and high boundaries for proper pairs: (1, 766)
[M::mem_pestat] analyzing insert size distribution for orientation RR...
[M::mem_pestat] (25, 50, 75) percentile: (99, 174, 259)
[M::mem_pestat] low and high boundaries for computing mean and std.dev: (1, 579)
[M::mem_pestat] mean and std.dev: (184.87, 112.68)
[M::mem_pestat] low and high boundaries for proper pairs: (1, 739)
[M::mem_process_seqs] Processed 532090 reads in 34.108 CPU sec, 10.200 real sec
[M::process] read 533180 sequences (40000106 bp)...
[M::mem_pestat] # candidate unique pairs for (FF, FR, RF, RR): (496, 1364, 443, 437)
[M::mem_pestat] analyzing insert size distribution for orientation FF...
[M::mem_pestat] (25, 50, 75) percentile: (90, 166, 265)
[M::mem_pestat] low and high boundaries for computing mean and std.dev: (1, 615)
[M::mem_pestat] mean and std.dev: (182.66, 116.84)
[M::mem_pestat] low and high boundaries for proper pairs: (1, 790)
[M::mem_pestat] analyzing insert size distribution for orientation FR...
[M::mem_pestat] (25, 50, 75) percentile: (133, 206, 276)
[M::mem_pestat] low and high boundaries for computing mean and std.dev: (1, 562)
[M::mem_pestat] mean and std.dev: (205.54, 101.48)
[M::mem_pestat] low and high boundaries for proper pairs: (1, 705)
[M::mem_pestat] analyzing insert size distribution for orientation RF...
[M::mem_pestat] (25, 50, 75) percentile: (102, 173, 267)
[M::mem_pestat] low and high boundaries for computing mean and std.dev: (1, 597)
[M::mem_pestat] mean and std.dev: (199.05, 135.58)
[M::mem_pestat] low and high boundaries for proper pairs: (1, 762)
[M::mem_pestat] analyzing insert size distribution for orientation RR...
[M::mem_pestat] (25, 50, 75) percentile: (89, 162, 272)
[M::mem_pestat] low and high boundaries for computing mean and std.dev: (1, 638)
[M::mem_pestat] mean and std.dev: (187.59, 126.19)
[M::mem_pestat] low and high boundaries for proper pairs: (1, 821)
[M::mem_process_seqs] Processed 532920 reads in 34.110 CPU sec, 10.174 real sec
[M::mem_pestat] # candidate unique pairs for (FF, FR, RF, RR): (443, 1337, 472, 443)
[M::mem_pestat] analyzing insert size distribution for orientation FF...
[M::mem_pestat] (25, 50, 75) percentile: (92, 168, 275)
[M::mem_pestat] low and high boundaries for computing mean and std.dev: (1, 641)
[M::mem_pestat] mean and std.dev: (186.83, 120.87)
[M::mem_pestat] low and high boundaries for proper pairs: (1, 824)
[M::mem_pestat] analyzing insert size distribution for orientation FR...
[M::mem_pestat] (25, 50, 75) percentile: (135, 200, 269)
[M::mem_pestat] low and high boundaries for computing mean and std.dev: (1, 537)
[M::mem_pestat] mean and std.dev: (202.00, 97.13)
[M::mem_pestat] low and high boundaries for proper pairs: (1, 671)
[M::mem_pestat] analyzing insert size distribution for orientation RF...
[M::mem_pestat] (25, 50, 75) percentile: (94, 157, 262)
[M::mem_pestat] low and high boundaries for computing mean and std.dev: (1, 598)
[M::mem_pestat] mean and std.dev: (189.29, 130.15)
[M::mem_pestat] low and high boundaries for proper pairs: (1, 766)
[M::mem_pestat] analyzing insert size distribution for orientation RR...
[M::mem_pestat] (25, 50, 75) percentile: (84, 177, 276)
[M::mem_pestat] low and high boundaries for computing mean and std.dev: (1, 660)
[M::mem_pestat] mean and std.dev: (190.49, 124.60)
[M::mem_pestat] low and high boundaries for proper pairs: (1, 852)
[M::process] read 532822 sequences (40000095 bp)...
[M::mem_process_seqs] Processed 533180 reads in 33.989 CPU sec, 9.999 real sec
[M::process] read 532692 sequences (40000126 bp)...
[M::mem_pestat] # candidate unique pairs for (FF, FR, RF, RR): (485, 1301, 467, 453)
[M::mem_pestat] analyzing insert size distribution for orientation FF...
[M::mem_pestat] (25, 50, 75) percentile: (105, 184, 268)
[M::mem_pestat] low and high boundaries for computing mean and std.dev: (1, 594)
[M::mem_pestat] mean and std.dev: (191.97, 112.70)
[M::mem_pestat] low and high boundaries for proper pairs: (1, 757)
[M::mem_pestat] analyzing insert size distribution for orientation FR...
[M::mem_pestat] (25, 50, 75) percentile: (126, 196, 269)
[M::mem_pestat] low and high boundaries for computing mean and std.dev: (1, 555)
[M::mem_pestat] mean and std.dev: (200.27, 101.01)
[M::mem_pestat] low and high boundaries for proper pairs: (1, 698)
[M::mem_pestat] analyzing insert size distribution for orientation RF...
[M::mem_pestat] (25, 50, 75) percentile: (103, 173, 262)
[M::mem_pestat] low and high boundaries for computing mean and std.dev: (1, 580)
[M::mem_pestat] mean and std.dev: (197.43, 129.39)
[M::mem_pestat] low and high boundaries for proper pairs: (1, 739)
[M::mem_pestat] analyzing insert size distribution for orientation RR...
[M::mem_pestat] (25, 50, 75) percentile: (98, 173, 263)
[M::mem_pestat] low and high boundaries for computing mean and std.dev: (1, 593)
[M::mem_pestat] mean and std.dev: (187.92, 120.85)
[M::mem_pestat] low and high boundaries for proper pairs: (1, 758)
[M::mem_process_seqs] Processed 532822 reads in 34.024 CPU sec, 9.973 real sec
[M::process] read 37632 sequences (2827459 bp)...
[M::mem_pestat] # candidate unique pairs for (FF, FR, RF, RR): (505, 1329, 456, 484)
[M::mem_pestat] analyzing insert size distribution for orientation FF...
[M::mem_pestat] (25, 50, 75) percentile: (100, 172, 257)
[M::mem_pestat] low and high boundaries for computing mean and std.dev: (1, 571)
[M::mem_pestat] mean and std.dev: (184.87, 115.00)
[M::mem_pestat] low and high boundaries for proper pairs: (1, 728)
[M::mem_pestat] analyzing insert size distribution for orientation FR...
[M::mem_pestat] (25, 50, 75) percentile: (129, 200, 269)
[M::mem_pestat] low and high boundaries for computing mean and std.dev: (1, 549)
[M::mem_pestat] mean and std.dev: (202.55, 100.65)
[M::mem_pestat] low and high boundaries for proper pairs: (1, 689)
[M::mem_pestat] analyzing insert size distribution for orientation RF...
[M::mem_pestat] (25, 50, 75) percentile: (97, 179, 265)
[M::mem_pestat] low and high boundaries for computing mean and std.dev: (1, 601)
[M::mem_pestat] mean and std.dev: (196.95, 128.61)
[M::mem_pestat] low and high boundaries for proper pairs: (1, 769)
[M::mem_pestat] analyzing insert size distribution for orientation RR...
[M::mem_pestat] (25, 50, 75) percentile: (95, 165, 253)
[M::mem_pestat] low and high boundaries for computing mean and std.dev: (1, 569)
[M::mem_pestat] mean and std.dev: (182.07, 111.60)
[M::mem_pestat] low and high boundaries for proper pairs: (1, 727)
[M::mem_process_seqs] Processed 532692 reads in 32.764 CPU sec, 9.674 real sec
[M::mem_pestat] # candidate unique pairs for (FF, FR, RF, RR): (31, 105, 29, 37)
[M::mem_pestat] analyzing insert size distribution for orientation FF...
[M::mem_pestat] (25, 50, 75) percentile: (80, 174, 278)
[M::mem_pestat] low and high boundaries for computing mean and std.dev: (1, 674)
[M::mem_pestat] mean and std.dev: (187.71, 128.79)
[M::mem_pestat] low and high boundaries for proper pairs: (1, 872)
[M::mem_pestat] analyzing insert size distribution for orientation FR...
[M::mem_pestat] (25, 50, 75) percentile: (124, 199, 263)
[M::mem_pestat] low and high boundaries for computing mean and std.dev: (1, 541)
[M::mem_pestat] mean and std.dev: (197.35, 98.49)
[M::mem_pestat] low and high boundaries for proper pairs: (1, 680)
[M::mem_pestat] analyzing insert size distribution for orientation RF...
[M::mem_pestat] (25, 50, 75) percentile: (100, 152, 251)
[M::mem_pestat] low and high boundaries for computing mean and std.dev: (1, 553)
[M::mem_pestat] mean and std.dev: (173.62, 99.64)
[M::mem_pestat] low and high boundaries for proper pairs: (1, 704)
[M::mem_pestat] analyzing insert size distribution for orientation RR...
[M::mem_pestat] (25, 50, 75) percentile: (123, 172, 247)
[M::mem_pestat] low and high boundaries for computing mean and std.dev: (1, 495)
[M::mem_pestat] mean and std.dev: (171.25, 87.51)
[M::mem_pestat] low and high boundaries for proper pairs: (1, 619)
[M::mem_process_seqs] Processed 37632 reads in 2.294 CPU sec, 0.666 real sec
[main] Version: 0.7.12-r1039
[main] CMD: /home/elon/biosoft/bwa/0.7.12/bwa mem -t 4 -R @RG\tID:SRR3226039\tPL:illumina\tSM:E.coli_K12_SRR3226039 /home/elon/wgs/input/fasta/E.coli_K12_MG1655.fa SRR3226039_1.fastq.gz SRR3226039_2.fastq.gz
[main] Real time: 84.177 sec; CPU: 274.199 sec

real	1m24.651s
user	5m15.444s
sys	0m3.177s

###COMMAND LINE###：
/home/elon/biosoft/samtools/1.0/bin/samtools sort -@ 4 -m 4G -O bam -o SRR3226039.sorted.bam SRR3226039.bam -T PREFIX.bam

real	0m17.190s
user	0m44.036s
sys	0m1.592s

###COMMAND LINE###：
/home/elon/biosoft/gatk/4.0/gatk MarkDuplicates -I SRR3226039.sorted.bam -O SRR3226039.sorted.markdup.bam -M SRR3226039.sorted.markup_metrics.txt
Using GATK jar /home/elon/biosoft/gatk/4.0/gatk-package-4.0.2.1-local.jar
Running:
    java -Dsamjdk.use_async_io_read_samtools=false -Dsamjdk.use_async_io_write_samtools=true -Dsamjdk.use_async_io_write_tribble=false -Dsamjdk.compression_level=1 -jar /home/elon/biosoft/gatk/4.0/gatk-package-4.0.2.1-local.jar MarkDuplicates -I SRR3226039.sorted.bam -O SRR3226039.sorted.markdup.bam -M SRR3226039.sorted.markup_metrics.txt
00:59:17.620 INFO  NativeLibraryLoader - Loading libgkl_compression.so from jar:file:/home/elon/biosoft/gatk/4.0/gatk-package-4.0.2.1-local.jar!/com/intel/gkl/native/libgkl_compression.so
[Mon May 14 00:59:17 CST 2018] MarkDuplicates  --INPUT SRR3226039.sorted.bam --OUTPUT SRR3226039.sorted.markdup.bam --METRICS_FILE SRR3226039.sorted.markup_metrics.txt  --MAX_SEQUENCES_FOR_DISK_READ_ENDS_MAP 50000 --MAX_FILE_HANDLES_FOR_READ_ENDS_MAP 8000 --SORTING_COLLECTION_SIZE_RATIO 0.25 --TAG_DUPLICATE_SET_MEMBERS false --REMOVE_SEQUENCING_DUPLICATES false --TAGGING_POLICY DontTag --CLEAR_DT true --ADD_PG_TAG_TO_READS true --REMOVE_DUPLICATES false --ASSUME_SORTED false --DUPLICATE_SCORING_STRATEGY SUM_OF_BASE_QUALITIES --PROGRAM_RECORD_ID MarkDuplicates --PROGRAM_GROUP_NAME MarkDuplicates --READ_NAME_REGEX <optimized capture of last three ':' separated fields as numeric values> --OPTICAL_DUPLICATE_PIXEL_DISTANCE 100 --MAX_OPTICAL_DUPLICATE_SET_SIZE 300000 --VERBOSITY INFO --QUIET false --VALIDATION_STRINGENCY STRICT --COMPRESSION_LEVEL 1 --MAX_RECORDS_IN_RAM 500000 --CREATE_INDEX false --CREATE_MD5_FILE false --GA4GH_CLIENT_SECRETS client_secrets.json --help false --version false --showHidden false --USE_JDK_DEFLATER false --USE_JDK_INFLATER false
[Mon May 14 00:59:17 CST 2018] Executing as elon@longsl on Linux 4.13.0-39-generic amd64; Java HotSpot(TM) 64-Bit Server VM 1.8.0_161-b12; Deflater: Intel; Inflater: Intel; Picard version: Version:4.0.2.1
INFO	2018-05-14 00:59:17	MarkDuplicates	Start of doWork freeMemory: 190579504; totalMemory: 199753728; maxMemory: 1756364800
INFO	2018-05-14 00:59:17	MarkDuplicates	Reading input file and constructing read end information.
INFO	2018-05-14 00:59:17	MarkDuplicates	Will retain up to 6363640 data points before spilling to disk.
WARNING	2018-05-14 00:59:17	AbstractOpticalDuplicateFinderCommandLineProgram	A field field parsed out of a read name was expected to contain an integer and did not. Read name: SRR3226039.756841. Cause: String 'SRR3226039.756841' did not start with a parsable number.
INFO	2018-05-14 00:59:18	MarkDuplicates	Read 53481 records. 0 pairs never matched.
INFO	2018-05-14 00:59:19	MarkDuplicates	After buildSortedReadEndLists freeMemory: 160517240; totalMemory: 225443840; maxMemory: 1756364800
INFO	2018-05-14 00:59:19	MarkDuplicates	Will retain up to 54886400 duplicate indices before spilling to disk.
INFO	2018-05-14 00:59:19	MarkDuplicates	Traversing read pair information and detecting duplicates.
INFO	2018-05-14 00:59:19	MarkDuplicates	Traversing fragment information and detecting duplicates.
INFO	2018-05-14 00:59:19	MarkDuplicates	Sorting list of duplicate records.
INFO	2018-05-14 00:59:19	MarkDuplicates	After generateDuplicateIndexes freeMemory: 267410704; totalMemory: 716177408; maxMemory: 1756364800
INFO	2018-05-14 00:59:19	MarkDuplicates	Marking 6811 records as duplicates.
INFO	2018-05-14 00:59:19	MarkDuplicates	Found 0 optical duplicate clusters.
INFO	2018-05-14 00:59:19	MarkDuplicates	Reads are assumed to be ordered by: coordinate
INFO	2018-05-14 00:59:33	MarkDuplicates	Before output close freeMemory: 794638008; totalMemory: 1243086848; maxMemory: 1756364800
INFO	2018-05-14 00:59:33	MarkDuplicates	After output close freeMemory: 1221741184; totalMemory: 1237319680; maxMemory: 1756364800
[Mon May 14 00:59:33 CST 2018] picard.sam.markduplicates.MarkDuplicates done. Elapsed time: 0.27 minutes.
Runtime.totalMemory()=1237319680
Tool returned:
0

real	0m18.618s
user	0m36.494s
sys	0m2.772s

###COMMAND LINE###：
time /home/elon/biosoft/samtools/1.0/bin/samtools index SRR3226039.sorted.markdup.bam

real	0m3.927s
user	0m3.871s
sys	0m0.056s

###COMMAND LINE###：
/home/elon/biosoft/gatk/4.0/gatk HaplotypeCaller -R /home/elon/wgs/input/fasta/E.coli_K12_MG1655.fa --emit-ref-confidence GVCF -I SRR3226039.sorted.markdup.bam -O SRR3226039.g.vcf
Using GATK jar /home/elon/biosoft/gatk/4.0/gatk-package-4.0.2.1-local.jar
Running:
    java -Dsamjdk.use_async_io_read_samtools=false -Dsamjdk.use_async_io_write_samtools=true -Dsamjdk.use_async_io_write_tribble=false -Dsamjdk.compression_level=1 -jar /home/elon/biosoft/gatk/4.0/gatk-package-4.0.2.1-local.jar HaplotypeCaller -R /home/elon/wgs/input/fasta/E.coli_K12_MG1655.fa --emit-ref-confidence GVCF -I SRR3226039.sorted.markdup.bam -O SRR3226039.g.vcf
00:59:40.377 INFO  NativeLibraryLoader - Loading libgkl_compression.so from jar:file:/home/elon/biosoft/gatk/4.0/gatk-package-4.0.2.1-local.jar!/com/intel/gkl/native/libgkl_compression.so
01:02:11.124 INFO  HaplotypeCaller - ------------------------------------------------------------
01:02:11.125 INFO  HaplotypeCaller - The Genome Analysis Toolkit (GATK) v4.0.2.1
01:02:11.125 INFO  HaplotypeCaller - For support and documentation go to https://software.broadinstitute.org/gatk/
01:02:11.126 INFO  HaplotypeCaller - Executing as elon@longsl on Linux v4.13.0-39-generic amd64
01:02:11.126 INFO  HaplotypeCaller - Java runtime: Java HotSpot(TM) 64-Bit Server VM v1.8.0_161-b12
01:02:11.126 INFO  HaplotypeCaller - Start Date/Time: 2018年5月14日 上午12时59分40秒
01:02:11.126 INFO  HaplotypeCaller - ------------------------------------------------------------
01:02:11.126 INFO  HaplotypeCaller - ------------------------------------------------------------
01:02:11.127 INFO  HaplotypeCaller - HTSJDK Version: 2.14.3
01:02:11.127 INFO  HaplotypeCaller - Picard Version: 2.17.2
01:02:11.127 INFO  HaplotypeCaller - HTSJDK Defaults.COMPRESSION_LEVEL : 1
01:02:11.127 INFO  HaplotypeCaller - HTSJDK Defaults.USE_ASYNC_IO_READ_FOR_SAMTOOLS : false
01:02:11.127 INFO  HaplotypeCaller - HTSJDK Defaults.USE_ASYNC_IO_WRITE_FOR_SAMTOOLS : true
01:02:11.127 INFO  HaplotypeCaller - HTSJDK Defaults.USE_ASYNC_IO_WRITE_FOR_TRIBBLE : false
01:02:11.127 INFO  HaplotypeCaller - Deflater: IntelDeflater
01:02:11.127 INFO  HaplotypeCaller - Inflater: IntelInflater
01:02:11.128 INFO  HaplotypeCaller - GCS max retries/reopens: 20
01:02:11.128 INFO  HaplotypeCaller - Using google-cloud-java patch 6d11bef1c81f885c26b2b56c8616b7a705171e4f from https://github.com/droazen/google-cloud-java/tree/dr_all_nio_fixes
01:02:11.128 INFO  HaplotypeCaller - Initializing engine
01:02:11.517 INFO  HaplotypeCaller - Done initializing engine
01:02:11.520 INFO  HaplotypeCallerEngine - Standard Emitting and Calling confidence set to 0.0 for reference-model confidence output
01:02:11.521 INFO  HaplotypeCallerEngine - All sites annotated with PLs forced to true for reference-model confidence output
01:02:12.093 INFO  NativeLibraryLoader - Loading libgkl_utils.so from jar:file:/home/elon/biosoft/gatk/4.0/gatk-package-4.0.2.1-local.jar!/com/intel/gkl/native/libgkl_utils.so
01:02:12.095 INFO  NativeLibraryLoader - Loading libgkl_pairhmm_omp.so from jar:file:/home/elon/biosoft/gatk/4.0/gatk-package-4.0.2.1-local.jar!/com/intel/gkl/native/libgkl_pairhmm_omp.so
01:02:12.144 WARN  IntelPairHmm - Flush-to-zero (FTZ) is enabled when running PairHMM
01:02:12.145 INFO  IntelPairHmm - Available threads: 4
01:02:12.145 INFO  IntelPairHmm - Requested threads: 4
01:02:12.145 INFO  PairHMM - Using the OpenMP multi-threaded AVX-accelerated native PairHMM implementation
01:02:12.193 INFO  ProgressMeter - Starting traversal
01:02:12.193 INFO  ProgressMeter -        Current Locus  Elapsed Minutes     Regions Processed   Regions/Minute
01:02:23.299 INFO  ProgressMeter -   NC_000913.3:227264              0.2                   860           4646.6
01:02:37.734 INFO  ProgressMeter -   NC_000913.3:571381              0.4                  2190           5144.7
01:02:47.831 INFO  ProgressMeter -  NC_000913.3:1223615              0.6                  4700           7913.1
01:02:53.475 WARN  DepthPerSampleHC - Annotation will not be calculated, genotype is not called or alleleLikelihoodMap is null
01:02:53.475 WARN  StrandBiasBySample - Annotation will not be calculated, genotype is not called or alleleLikelihoodMap is null
01:02:58.030 INFO  ProgressMeter -  NC_000913.3:1617014              0.8                  6200           8115.7
01:03:00.926 INFO  HaplotypeCaller - 8390 read(s) filtered by: ((((((((MappingQualityReadFilter AND MappingQualityAvailableReadFilter) AND MappedReadFilter) AND NotSecondaryAlignmentReadFilter) AND NotDuplicateReadFilter) AND PassesVendorQualityCheckReadFilter) AND NonZeroReferenceLengthAlignmentReadFilter) AND GoodCigarReadFilter) AND WellformedReadFilter)
  8390 read(s) filtered by: (((((((MappingQualityReadFilter AND MappingQualityAvailableReadFilter) AND MappedReadFilter) AND NotSecondaryAlignmentReadFilter) AND NotDuplicateReadFilter) AND PassesVendorQualityCheckReadFilter) AND NonZeroReferenceLengthAlignmentReadFilter) AND GoodCigarReadFilter)
      8390 read(s) filtered by: ((((((MappingQualityReadFilter AND MappingQualityAvailableReadFilter) AND MappedReadFilter) AND NotSecondaryAlignmentReadFilter) AND NotDuplicateReadFilter) AND PassesVendorQualityCheckReadFilter) AND NonZeroReferenceLengthAlignmentReadFilter)
          8390 read(s) filtered by: (((((MappingQualityReadFilter AND MappingQualityAvailableReadFilter) AND MappedReadFilter) AND NotSecondaryAlignmentReadFilter) AND NotDuplicateReadFilter) AND PassesVendorQualityCheckReadFilter)
              8390 read(s) filtered by: ((((MappingQualityReadFilter AND MappingQualityAvailableReadFilter) AND MappedReadFilter) AND NotSecondaryAlignmentReadFilter) AND NotDuplicateReadFilter)
                  1601 read(s) filtered by: (((MappingQualityReadFilter AND MappingQualityAvailableReadFilter) AND MappedReadFilter) AND NotSecondaryAlignmentReadFilter)
                      1601 read(s) filtered by: ((MappingQualityReadFilter AND MappingQualityAvailableReadFilter) AND MappedReadFilter)
                          1601 read(s) filtered by: (MappingQualityReadFilter AND MappingQualityAvailableReadFilter)
                              1601 read(s) filtered by: MappingQualityReadFilter 
                  6789 read(s) filtered by: NotDuplicateReadFilter 

01:03:00.926 INFO  ProgressMeter -  NC_000913.3:1769051              0.8                  6791           8361.1
01:03:00.926 INFO  ProgressMeter - Traversal complete. Processed 6791 total regions in 0.8 minutes.
01:03:00.931 INFO  VectorLoglessPairHMM - Time spent in setup for JNI call : 0.036396683
01:03:00.931 INFO  PairHMM - Total compute time in PairHMM computeLogLikelihoods() : 18.196588666
01:03:00.932 INFO  SmithWatermanAligner - Total compute time in java Smith-Waterman : 8.61 sec
01:03:00.932 INFO  HaplotypeCaller - Shutting down engine
[2018年5月14日 上午01时03分00秒] org.broadinstitute.hellbender.tools.walkers.haplotypecaller.HaplotypeCaller done. Elapsed time: 3.34 minutes.
Runtime.totalMemory()=694681600

real	3m23.338s
user	2m30.381s
sys	0m0.703s

###COMMAND LINE###：
/home/elon/hadoop/bin/hadoop fs -put -f SRR3226039.g.vcf /wgsv2/output/gvcf
18/05/14 01:03:01 WARN util.NativeCodeLoader: Unable to load native-hadoop library for your platform... using builtin-java classes where applicable



