###COMMAND LINE###：
/home/elon/hadoop/bin/hadoop fs -get /wgsv2/input/fastq/SRR3226037_1.fastq.gz
18/05/18 00:26:51 WARN util.NativeCodeLoader: Unable to load native-hadoop library for your platform... using builtin-java classes where applicable

real	0m2.869s
user	0m4.699s
sys	0m0.255s

###COMMAND LINE###：
/home/elon/hadoop/bin/hadoop fs -get /wgsv2/input/fastq/SRR3226037_2.fastq.gz
18/05/18 00:26:54 WARN util.NativeCodeLoader: Unable to load native-hadoop library for your platform... using builtin-java classes where applicable

real	0m3.002s
user	0m4.769s
sys	0m0.303s

###COMMAND LINE###：
/home/elon/biosoft/bwa/0.7.12/bwa mem -t 4 -R @RG\tID:SRR3226037\tPL:illumina\tSM:E.coli_K12_SRR3226037 /home/elon/wgs/input/fasta/E.coli_K12_MG1655.fa SRR3226037_1.fastq.gz SRR3226037_2.fastq.gz | /home/elon/biosoft/samtools/1.0/bin/samtools view -Sb - > SRR3226037.bam
[M::bwa_idx_load_from_disk] read 0 ALT contigs
[M::process] read 531212 sequences (40000143 bp)...
[M::process] read 531314 sequences (40000071 bp)...
[M::mem_pestat] # candidate unique pairs for (FF, FR, RF, RR): (3604, 88591, 431, 3588)
[M::mem_pestat] analyzing insert size distribution for orientation FF...
[M::mem_pestat] (25, 50, 75) percentile: (405, 824, 1629)
[M::mem_pestat] low and high boundaries for computing mean and std.dev: (1, 4077)
[M::mem_pestat] mean and std.dev: (1047.17, 887.93)
[M::mem_pestat] low and high boundaries for proper pairs: (1, 5301)
[M::mem_pestat] analyzing insert size distribution for orientation FR...
[M::mem_pestat] (25, 50, 75) percentile: (345, 452, 577)
[M::mem_pestat] low and high boundaries for computing mean and std.dev: (1, 1041)
[M::mem_pestat] mean and std.dev: (463.35, 180.05)
[M::mem_pestat] low and high boundaries for proper pairs: (1, 1273)
[M::mem_pestat] analyzing insert size distribution for orientation RF...
[M::mem_pestat] (25, 50, 75) percentile: (821, 1739, 3553)
[M::mem_pestat] low and high boundaries for computing mean and std.dev: (1, 9017)
[M::mem_pestat] mean and std.dev: (2450.58, 2181.84)
[M::mem_pestat] low and high boundaries for proper pairs: (1, 11749)
[M::mem_pestat] analyzing insert size distribution for orientation RR...
[M::mem_pestat] (25, 50, 75) percentile: (386, 799, 1697)
[M::mem_pestat] low and high boundaries for computing mean and std.dev: (1, 4319)
[M::mem_pestat] mean and std.dev: (1063.30, 944.13)
[M::mem_pestat] low and high boundaries for proper pairs: (1, 5630)
[M::mem_pestat] skip orientation FF
[M::mem_pestat] skip orientation RF
[M::mem_pestat] skip orientation RR
[M::mem_process_seqs] Processed 531212 reads in 34.531 CPU sec, 8.945 real sec
[M::mem_pestat] # candidate unique pairs for (FF, FR, RF, RR): (3639, 88850, 447, 3457)
[M::mem_pestat] analyzing insert size distribution for orientation FF...
[M::mem_pestat] (25, 50, 75) percentile: (391, 774, 1601)
[M::mem_pestat] low and high boundaries for computing mean and std.dev: (1, 4021)
[M::mem_pestat] mean and std.dev: (1007.66, 864.51)
[M::mem_pestat] low and high boundaries for proper pairs: (1, 5231)
[M::mem_pestat] analyzing insert size distribution for orientation FR...
[M::mem_pestat] (25, 50, 75) percentile: (345, 450, 572)
[M::mem_pestat] low and high boundaries for computing mean and std.dev: (1, 1026)
[M::mem_pestat] mean and std.dev: (460.45, 177.23)
[M::mem_pestat] low and high boundaries for proper pairs: (1, 1253)
[M::mem_pestat] analyzing insert size distribution for orientation RF...
[M::mem_pestat] (25, 50, 75) percentile: (730, 1575, 2966)
[M::mem_pestat] low and high boundaries for computing mean and std.dev: (1, 7438)
[M::mem_pestat] mean and std.dev: (1965.39, 1612.22)
[M::mem_pestat] low and high boundaries for proper pairs: (1, 9674)
[M::mem_pestat] analyzing insert size distribution for orientation RR...
[M::mem_pestat] (25, 50, 75) percentile: (400, 796, 1663)
[M::mem_pestat] low and high boundaries for computing mean and std.dev: (1, 4189)
[M::mem_pestat] mean and std.dev: (1042.05, 904.59)
[M::mem_pestat] low and high boundaries for proper pairs: (1, 5452)
[M::mem_pestat] skip orientation FF
[M::mem_pestat] skip orientation RF
[M::mem_pestat] skip orientation RR
[M::mem_process_seqs] Processed 531314 reads in 34.511 CPU sec, 10.313 real sec
[M::process] read 531236 sequences (40000069 bp)...
[M::mem_pestat] # candidate unique pairs for (FF, FR, RF, RR): (3674, 88721, 466, 3511)
[M::mem_pestat] analyzing insert size distribution for orientation FF...
[M::mem_pestat] (25, 50, 75) percentile: (407, 794, 1706)
[M::mem_pestat] low and high boundaries for computing mean and std.dev: (1, 4304)
[M::mem_pestat] mean and std.dev: (1070.39, 932.29)
[M::mem_pestat] low and high boundaries for proper pairs: (1, 5603)
[M::mem_pestat] analyzing insert size distribution for orientation FR...
[M::mem_pestat] (25, 50, 75) percentile: (344, 450, 572)
[M::mem_pestat] low and high boundaries for computing mean and std.dev: (1, 1028)
[M::mem_pestat] mean and std.dev: (460.81, 177.23)
[M::mem_pestat] low and high boundaries for proper pairs: (1, 1256)
[M::mem_pestat] analyzing insert size distribution for orientation RF...
[M::mem_pestat] (25, 50, 75) percentile: (791, 1888, 3337)
[M::mem_pestat] low and high boundaries for computing mean and std.dev: (1, 8429)
[M::mem_pestat] mean and std.dev: (2318.59, 1948.15)
[M::mem_pestat] low and high boundaries for proper pairs: (1, 10975)
[M::mem_pestat] analyzing insert size distribution for orientation RR...
[M::mem_pestat] (25, 50, 75) percentile: (415, 806, 1665)
[M::mem_pestat] low and high boundaries for computing mean and std.dev: (1, 4165)
[M::mem_pestat] mean and std.dev: (1043.02, 897.28)
[M::mem_pestat] low and high boundaries for proper pairs: (1, 5415)
[M::mem_pestat] skip orientation FF
[M::mem_pestat] skip orientation RF
[M::mem_pestat] skip orientation RR
[M::process] read 531100 sequences (40000138 bp)...
[M::mem_process_seqs] Processed 531236 reads in 46.828 CPU sec, 13.342 real sec
[M::mem_pestat] # candidate unique pairs for (FF, FR, RF, RR): (3775, 87844, 429, 3673)
[M::mem_pestat] analyzing insert size distribution for orientation FF...
[M::mem_pestat] (25, 50, 75) percentile: (412, 823, 1703)
[M::mem_pestat] low and high boundaries for computing mean and std.dev: (1, 4285)
[M::mem_pestat] mean and std.dev: (1074.90, 928.36)
[M::mem_pestat] low and high boundaries for proper pairs: (1, 5576)
[M::mem_pestat] analyzing insert size distribution for orientation FR...
[M::mem_pestat] (25, 50, 75) percentile: (351, 458, 589)
[M::mem_pestat] low and high boundaries for computing mean and std.dev: (1, 1065)
[M::mem_pestat] mean and std.dev: (473.75, 186.63)
[M::mem_pestat] low and high boundaries for proper pairs: (1, 1303)
[M::mem_pestat] analyzing insert size distribution for orientation RF...
[M::mem_pestat] (25, 50, 75) percentile: (797, 1837, 3274)
[M::mem_pestat] low and high boundaries for computing mean and std.dev: (1, 8228)
[M::mem_pestat] mean and std.dev: (2238.64, 1855.13)
[M::mem_pestat] low and high boundaries for proper pairs: (1, 10705)
[M::mem_pestat] analyzing insert size distribution for orientation RR...
[M::mem_pestat] (25, 50, 75) percentile: (424, 825, 1690)
[M::mem_pestat] low and high boundaries for computing mean and std.dev: (1, 4222)
[M::mem_pestat] mean and std.dev: (1072.63, 909.30)
[M::mem_pestat] low and high boundaries for proper pairs: (1, 5488)
[M::mem_pestat] skip orientation FF
[M::mem_pestat] skip orientation RF
[M::mem_pestat] skip orientation RR
[M::process] read 531094 sequences (40000064 bp)...
[M::mem_process_seqs] Processed 531100 reads in 87.327 CPU sec, 26.544 real sec
[M::mem_pestat] # candidate unique pairs for (FF, FR, RF, RR): (3832, 88217, 428, 3670)
[M::mem_pestat] analyzing insert size distribution for orientation FF...
[M::mem_pestat] (25, 50, 75) percentile: (414, 802, 1696)
[M::mem_pestat] low and high boundaries for computing mean and std.dev: (1, 4260)
[M::mem_pestat] mean and std.dev: (1061.01, 919.28)
[M::mem_pestat] low and high boundaries for proper pairs: (1, 5542)
[M::mem_pestat] analyzing insert size distribution for orientation FR...
[M::mem_pestat] (25, 50, 75) percentile: (350, 458, 589)
[M::mem_pestat] low and high boundaries for computing mean and std.dev: (1, 1067)
[M::mem_pestat] mean and std.dev: (473.56, 187.18)
[M::mem_pestat] low and high boundaries for proper pairs: (1, 1306)
[M::mem_pestat] analyzing insert size distribution for orientation RF...
[M::mem_pestat] (25, 50, 75) percentile: (718, 1718, 3463)
[M::mem_pestat] low and high boundaries for computing mean and std.dev: (1, 8953)
[M::mem_pestat] mean and std.dev: (2277.06, 1956.35)
[M::mem_pestat] low and high boundaries for proper pairs: (1, 11698)
[M::mem_pestat] analyzing insert size distribution for orientation RR...
[M::mem_pestat] (25, 50, 75) percentile: (428, 829, 1746)
[M::mem_pestat] low and high boundaries for computing mean and std.dev: (1, 4382)
[M::mem_pestat] mean and std.dev: (1105.25, 949.60)
[M::mem_pestat] low and high boundaries for proper pairs: (1, 5700)
[M::mem_pestat] skip orientation FF
[M::mem_pestat] skip orientation RF
[M::mem_pestat] skip orientation RR
[M::process] read 298206 sequences (22461739 bp)...
[M::mem_process_seqs] Processed 531094 reads in 84.991 CPU sec, 25.562 real sec
[M::mem_pestat] # candidate unique pairs for (FF, FR, RF, RR): (2142, 49415, 246, 1994)
[M::mem_pestat] analyzing insert size distribution for orientation FF...
[M::mem_pestat] (25, 50, 75) percentile: (423, 802, 1643)
[M::mem_pestat] low and high boundaries for computing mean and std.dev: (1, 4083)
[M::mem_pestat] mean and std.dev: (1035.20, 885.10)
[M::mem_pestat] low and high boundaries for proper pairs: (1, 5303)
[M::mem_pestat] analyzing insert size distribution for orientation FR...
[M::mem_pestat] (25, 50, 75) percentile: (349, 459, 589)
[M::mem_pestat] low and high boundaries for computing mean and std.dev: (1, 1069)
[M::mem_pestat] mean and std.dev: (473.58, 187.03)
[M::mem_pestat] low and high boundaries for proper pairs: (1, 1309)
[M::mem_pestat] analyzing insert size distribution for orientation RF...
[M::mem_pestat] (25, 50, 75) percentile: (658, 1705, 3393)
[M::mem_pestat] low and high boundaries for computing mean and std.dev: (1, 8863)
[M::mem_pestat] mean and std.dev: (2237.83, 1949.93)
[M::mem_pestat] low and high boundaries for proper pairs: (1, 11598)
[M::mem_pestat] analyzing insert size distribution for orientation RR...
[M::mem_pestat] (25, 50, 75) percentile: (422, 834, 1599)
[M::mem_pestat] low and high boundaries for computing mean and std.dev: (1, 3953)
[M::mem_pestat] mean and std.dev: (1017.85, 848.04)
[M::mem_pestat] low and high boundaries for proper pairs: (1, 5130)
[M::mem_pestat] skip orientation FF
[M::mem_pestat] skip orientation RF
[M::mem_pestat] skip orientation RR
[M::mem_process_seqs] Processed 298206 reads in 47.089 CPU sec, 14.992 real sec
[main] Version: 0.7.12-r1039
[main] CMD: /home/elon/biosoft/bwa/0.7.12/bwa mem -t 4 -R @RG\tID:SRR3226037\tPL:illumina\tSM:E.coli_K12_SRR3226037 /home/elon/wgs/input/fasta/E.coli_K12_MG1655.fa SRR3226037_1.fastq.gz SRR3226037_2.fastq.gz
[main] Real time: 110.013 sec; CPU: 337.236 sec

real	1m50.227s
user	6m37.415s
sys	0m4.924s

###COMMAND LINE###：
/home/elon/biosoft/samtools/1.0/bin/samtools sort -@ 4 -m 4G -O bam -o SRR3226037.sorted.bam SRR3226037.bam -T PREFIX.bam

real	0m13.449s
user	0m31.429s
sys	0m0.412s

###COMMAND LINE###：
java -jar /home/elon/biosoft/picard/2.18.2/picard.jar MarkDuplicates I=SRR3226037.sorted.bam O=SRR3226037.sorted.markdup.bam M=SRR3226037.sorted.markdup_metrics.txt
00:29:00.589 INFO  NativeLibraryLoader - Loading libgkl_compression.so from jar:file:/home/elon/biosoft/picard/2.18.2/picard.jar!/com/intel/gkl/native/libgkl_compression.so
[Fri May 18 00:29:00 CST 2018] MarkDuplicates INPUT=[SRR3226037.sorted.bam] OUTPUT=SRR3226037.sorted.markdup.bam METRICS_FILE=SRR3226037.sorted.markdup_metrics.txt    MAX_SEQUENCES_FOR_DISK_READ_ENDS_MAP=50000 MAX_FILE_HANDLES_FOR_READ_ENDS_MAP=8000 SORTING_COLLECTION_SIZE_RATIO=0.25 TAG_DUPLICATE_SET_MEMBERS=false REMOVE_SEQUENCING_DUPLICATES=false TAGGING_POLICY=DontTag CLEAR_DT=true ADD_PG_TAG_TO_READS=true REMOVE_DUPLICATES=false ASSUME_SORTED=false DUPLICATE_SCORING_STRATEGY=SUM_OF_BASE_QUALITIES PROGRAM_RECORD_ID=MarkDuplicates PROGRAM_GROUP_NAME=MarkDuplicates READ_NAME_REGEX=<optimized capture of last three ':' separated fields as numeric values> OPTICAL_DUPLICATE_PIXEL_DISTANCE=100 MAX_OPTICAL_DUPLICATE_SET_SIZE=300000 VERBOSITY=INFO QUIET=false VALIDATION_STRINGENCY=STRICT COMPRESSION_LEVEL=5 MAX_RECORDS_IN_RAM=500000 CREATE_INDEX=false CREATE_MD5_FILE=false GA4GH_CLIENT_SECRETS=client_secrets.json USE_JDK_DEFLATER=false USE_JDK_INFLATER=false
[Fri May 18 00:29:00 CST 2018] Executing as elon@longsl on Linux 4.13.0-41-generic amd64; Java HotSpot(TM) 64-Bit Server VM 1.8.0_161-b12; Deflater: Intel; Inflater: Intel; Provider GCS is not available; Picard version: 2.18.2-SNAPSHOT
INFO	2018-05-18 00:29:00	MarkDuplicates	Start of doWork freeMemory: 145228144; totalMemory: 150470656; maxMemory: 1756364800
INFO	2018-05-18 00:29:00	MarkDuplicates	Reading input file and constructing read end information.
INFO	2018-05-18 00:29:00	MarkDuplicates	Will retain up to 6363640 data points before spilling to disk.
WARNING	2018-05-18 00:29:00	AbstractOpticalDuplicateFinderCommandLineProgram	A field field parsed out of a read name was expected to contain an integer and did not. Read name: SRR3226037.188023. Cause: String 'SRR3226037.188023' did not start with a parsable number.
INFO	2018-05-18 00:29:07	MarkDuplicates	Read     1,000,000 records.  Elapsed time: 00:00:06s.  Time for last 1,000,000:    6s.  Last read position: NC_000913.3:1,504,442
INFO	2018-05-18 00:29:07	MarkDuplicates	Tracking 533 as yet unmatched pairs. 533 records in RAM.
INFO	2018-05-18 00:29:08	MarkDuplicates	Read 1214567 records. 0 pairs never matched.
INFO	2018-05-18 00:29:09	MarkDuplicates	After buildSortedReadEndLists freeMemory: 467725720; totalMemory: 656408576; maxMemory: 1756364800
INFO	2018-05-18 00:29:09	MarkDuplicates	Will retain up to 54886400 duplicate indices before spilling to disk.
INFO	2018-05-18 00:29:09	MarkDuplicates	Traversing read pair information and detecting duplicates.
INFO	2018-05-18 00:29:09	MarkDuplicates	Traversing fragment information and detecting duplicates.
INFO	2018-05-18 00:29:10	MarkDuplicates	Sorting list of duplicate records.
INFO	2018-05-18 00:29:10	MarkDuplicates	After generateDuplicateIndexes freeMemory: 644792072; totalMemory: 1095761920; maxMemory: 1756364800
INFO	2018-05-18 00:29:10	MarkDuplicates	Marking 51328 records as duplicates.
INFO	2018-05-18 00:29:10	MarkDuplicates	Found 0 optical duplicate clusters.
INFO	2018-05-18 00:29:10	MarkDuplicates	Reads are assumed to be ordered by: coordinate
INFO	2018-05-18 00:29:31	MarkDuplicates	Before output close freeMemory: 1094720320; totalMemory: 1108869120; maxMemory: 1756364800
INFO	2018-05-18 00:29:31	MarkDuplicates	After output close freeMemory: 1153440576; totalMemory: 1167589376; maxMemory: 1756364800
[Fri May 18 00:29:31 CST 2018] picard.sam.markduplicates.MarkDuplicates done. Elapsed time: 0.52 minutes.
Runtime.totalMemory()=1167589376

real	0m32.034s
user	0m43.228s
sys	0m0.752s

###COMMAND LINE###：
time /home/elon/biosoft/samtools/1.0/bin/samtools index SRR3226037.sorted.markdup.bam

real	0m1.812s
user	0m1.792s
sys	0m0.020s

###COMMAND LINE###：
java -jar /home/elon/biosoft/gatk/3.6/GenomeAnalysisTK.jar -T HaplotypeCaller -R /home/elon/wgs/input/fasta/E.coli_K12_MG1655.fa --emitRefConfidence GVCF -I SRR3226037.sorted.markdup.bam -o SRR3226037.g.vcf
INFO  00:29:35,809 HelpFormatter - -------------------------------------------------------------------------------- 
INFO  00:29:35,811 HelpFormatter - The Genome Analysis Toolkit (GATK) v3.6-6-g965413b, Compiled 2016/07/11 21:22:38 
INFO  00:29:35,812 HelpFormatter - Copyright (c) 2010-2016 The Broad Institute 
INFO  00:29:35,812 HelpFormatter - For support and documentation go to https://www.broadinstitute.org/gatk 
INFO  00:29:35,812 HelpFormatter - [Fri May 18 00:29:35 CST 2018] Executing on Linux 4.13.0-41-generic amd64 
INFO  00:29:35,812 HelpFormatter - Java HotSpot(TM) 64-Bit Server VM 1.8.0_161-b12 
INFO  00:29:35,816 HelpFormatter - Program Args: -T HaplotypeCaller -R /home/elon/wgs/input/fasta/E.coli_K12_MG1655.fa --emitRefConfidence GVCF -I SRR3226037.sorted.markdup.bam -o SRR3226037.g.vcf 
INFO  00:29:35,819 HelpFormatter - Executing as elon@longsl on Linux 4.13.0-41-generic amd64; Java HotSpot(TM) 64-Bit Server VM 1.8.0_161-b12. 
INFO  00:29:35,819 HelpFormatter - Date/Time: 2018/05/18 00:29:35 
INFO  00:29:35,820 HelpFormatter - -------------------------------------------------------------------------------- 
INFO  00:29:35,820 HelpFormatter - -------------------------------------------------------------------------------- 
INFO  00:29:35,836 GenomeAnalysisEngine - Strictness is SILENT 
INFO  00:29:35,902 GenomeAnalysisEngine - Downsampling Settings: Method: BY_SAMPLE, Target Coverage: 500 
INFO  00:29:35,909 SAMDataSource$SAMReaders - Initializing SAMRecords in serial 
INFO  00:29:35,928 SAMDataSource$SAMReaders - Done initializing BAM readers: total time 0.02 
INFO  00:29:35,938 HCMappingQualityFilter - Filtering out reads with MAPQ < 20 
INFO  00:29:36,023 GenomeAnalysisEngine - Preparing for traversal over 1 BAM files 
INFO  00:29:36,053 GenomeAnalysisEngine - Done preparing for traversal 
INFO  00:29:36,054 ProgressMeter - [INITIALIZATION COMPLETE; STARTING PROCESSING] 
INFO  00:29:36,054 ProgressMeter -                 |      processed |    time |         per 1M |           |   total | remaining 
INFO  00:29:36,054 ProgressMeter -        Location | active regions | elapsed | active regions | completed | runtime |   runtime 
INFO  00:29:36,055 HaplotypeCaller - Standard Emitting and Calling confidence set to 0.0 for reference-model confidence output 
INFO  00:29:36,055 HaplotypeCaller - All sites annotated with PLs forced to true for reference-model confidence output 
WARN  00:29:36,090 InbreedingCoeff - Annotation will not be calculated. InbreedingCoeff requires at least 10 unrelated samples. 
INFO  00:29:36,156 HaplotypeCaller - Using global mismapping rate of 45 => -4.5 in log10 likelihood units 
Using AVX accelerated implementation of PairHMM
INFO  00:29:39,467 VectorLoglessPairHMM - libVectorLoglessPairHMM unpacked successfully from GATK jar file 
INFO  00:29:39,467 VectorLoglessPairHMM - Using vectorized implementation of PairHMM 
WARN  00:29:39,550 HaplotypeScore - Annotation will not be calculated, must be called from UnifiedGenotyper 
INFO  00:30:06,057 ProgressMeter - NC_000913.3:227962              0.0    30.0 s           49.6 w       12.9%     3.9 m       3.4 m 
INFO  00:30:36,058 ProgressMeter - NC_000913.3:269035              0.0    60.0 s           99.2 w       15.2%     6.6 m       5.6 m 
INFO  00:31:16,059 ProgressMeter - NC_000913.3:1223556              0.0   100.0 s          165.4 w       69.2%     2.4 m      44.0 s 
INFO  00:31:42,508 VectorLoglessPairHMM - Time spent in setup for JNI call : 0.044650647 
INFO  00:31:42,508 PairHMM - Total compute time in PairHMM computeLikelihoods() : 43.183767593000006 
INFO  00:31:42,509 HaplotypeCaller - Ran local assembly on 6165 active regions 
INFO  00:31:42,512 ProgressMeter -            done        1769345.0     2.1 m           71.0 s      100.0%     2.1 m       0.0 s 
INFO  00:31:42,512 ProgressMeter - Total runtime 126.46 secs, 2.11 min, 0.04 hours 
INFO  00:31:42,513 MicroScheduler - 115525 reads were filtered out during the traversal out of approximately 1214567 total reads (9.51%) 
INFO  00:31:42,513 MicroScheduler -   -> 0 reads (0.00% of total) failing BadCigarFilter 
INFO  00:31:42,513 MicroScheduler -   -> 40469 reads (3.33% of total) failing DuplicateReadFilter 
INFO  00:31:42,513 MicroScheduler -   -> 0 reads (0.00% of total) failing FailsVendorQualityCheckFilter 
INFO  00:31:42,514 MicroScheduler -   -> 75056 reads (6.18% of total) failing HCMappingQualityFilter 
INFO  00:31:42,514 MicroScheduler -   -> 0 reads (0.00% of total) failing MalformedReadFilter 
INFO  00:31:42,514 MicroScheduler -   -> 0 reads (0.00% of total) failing MappingQualityUnavailableFilter 
INFO  00:31:42,514 MicroScheduler -   -> 0 reads (0.00% of total) failing NotPrimaryAlignmentFilter 
INFO  00:31:42,515 MicroScheduler -   -> 0 reads (0.00% of total) failing UnmappedReadFilter 
------------------------------------------------------------------------------------------
Done. There were 2 WARN messages, the first 2 are repeated below.
WARN  00:29:36,090 InbreedingCoeff - Annotation will not be calculated. InbreedingCoeff requires at least 10 unrelated samples. 
WARN  00:29:39,550 HaplotypeScore - Annotation will not be calculated, must be called from UnifiedGenotyper 
------------------------------------------------------------------------------------------

real	2m8.927s
user	3m5.031s
sys	0m0.840s

###COMMAND LINE###：
/home/elon/hadoop/bin/hadoop fs -put -f SRR3226037.g.vcf /wgsv2/output/gvcf
18/05/18 00:31:43 WARN util.NativeCodeLoader: Unable to load native-hadoop library for your platform... using builtin-java classes where applicable

real	0m2.392s
user	0m4.643s
sys	0m0.197s

