###COMMAND LINE###：
/home/elon/hadoop/bin/hadoop fs -get /wgsv2/input/fastq/SRR3226036_1.fastq.gz
18/05/18 00:17:19 WARN util.NativeCodeLoader: Unable to load native-hadoop library for your platform... using builtin-java classes where applicable

real	0m2.761s
user	0m4.957s
sys	0m0.311s

###COMMAND LINE###：
/home/elon/hadoop/bin/hadoop fs -get /wgsv2/input/fastq/SRR3226036_2.fastq.gz
18/05/18 00:17:22 WARN util.NativeCodeLoader: Unable to load native-hadoop library for your platform... using builtin-java classes where applicable

real	0m2.895s
user	0m4.772s
sys	0m0.311s

###COMMAND LINE###：
/home/elon/biosoft/bwa/0.7.12/bwa mem -t 4 -R @RG\tID:SRR3226036\tPL:illumina\tSM:E.coli_K12_SRR3226036 /home/elon/wgs/input/fasta/E.coli_K12_MG1655.fa SRR3226036_1.fastq.gz SRR3226036_2.fastq.gz | /home/elon/biosoft/samtools/1.0/bin/samtools view -Sb - > SRR3226036.bam
[M::bwa_idx_load_from_disk] read 0 ALT contigs
[M::process] read 531370 sequences (40000095 bp)...
[M::process] read 531330 sequences (40000150 bp)...
[M::mem_pestat] # candidate unique pairs for (FF, FR, RF, RR): (4701, 86429, 674, 4589)
[M::mem_pestat] analyzing insert size distribution for orientation FF...
[M::mem_pestat] (25, 50, 75) percentile: (417, 809, 1682)
[M::mem_pestat] low and high boundaries for computing mean and std.dev: (1, 4212)
[M::mem_pestat] mean and std.dev: (1062.44, 913.05)
[M::mem_pestat] low and high boundaries for proper pairs: (1, 5477)
[M::mem_pestat] analyzing insert size distribution for orientation FR...
[M::mem_pestat] (25, 50, 75) percentile: (371, 484, 614)
[M::mem_pestat] low and high boundaries for computing mean and std.dev: (1, 1100)
[M::mem_pestat] mean and std.dev: (493.70, 188.71)
[M::mem_pestat] low and high boundaries for proper pairs: (1, 1343)
[M::mem_pestat] analyzing insert size distribution for orientation RF...
[M::mem_pestat] (25, 50, 75) percentile: (743, 1651, 3331)
[M::mem_pestat] low and high boundaries for computing mean and std.dev: (1, 8507)
[M::mem_pestat] mean and std.dev: (2188.97, 1876.78)
[M::mem_pestat] low and high boundaries for proper pairs: (1, 11095)
[M::mem_pestat] analyzing insert size distribution for orientation RR...
[M::mem_pestat] (25, 50, 75) percentile: (433, 842, 1665)
[M::mem_pestat] low and high boundaries for computing mean and std.dev: (1, 4129)
[M::mem_pestat] mean and std.dev: (1071.63, 897.63)
[M::mem_pestat] low and high boundaries for proper pairs: (1, 5361)
[M::mem_pestat] skip orientation RF
[M::mem_process_seqs] Processed 531370 reads in 436.825 CPU sec, 113.350 real sec
[M::mem_pestat] # candidate unique pairs for (FF, FR, RF, RR): (4709, 86611, 645, 4566)
[M::mem_pestat] analyzing insert size distribution for orientation FF...
[M::mem_pestat] (25, 50, 75) percentile: (429, 804, 1650)
[M::mem_pestat] low and high boundaries for computing mean and std.dev: (1, 4092)
[M::mem_pestat] mean and std.dev: (1048.67, 881.72)
[M::mem_pestat] low and high boundaries for proper pairs: (1, 5313)
[M::mem_pestat] analyzing insert size distribution for orientation FR...
[M::mem_pestat] (25, 50, 75) percentile: (370, 481, 608)
[M::mem_pestat] low and high boundaries for computing mean and std.dev: (1, 1084)
[M::mem_pestat] mean and std.dev: (489.18, 185.17)
[M::mem_pestat] low and high boundaries for proper pairs: (1, 1322)
[M::mem_pestat] analyzing insert size distribution for orientation RF...
[M::mem_pestat] (25, 50, 75) percentile: (756, 1734, 3154)
[M::mem_pestat] low and high boundaries for computing mean and std.dev: (1, 7950)
[M::mem_pestat] mean and std.dev: (2104.39, 1740.13)
[M::mem_pestat] low and high boundaries for proper pairs: (1, 10348)
[M::mem_pestat] analyzing insert size distribution for orientation RR...
[M::mem_pestat] (25, 50, 75) percentile: (417, 818, 1617)
[M::mem_pestat] low and high boundaries for computing mean and std.dev: (1, 4017)
[M::mem_pestat] mean and std.dev: (1041.25, 873.06)
[M::mem_pestat] low and high boundaries for proper pairs: (1, 5217)
[M::mem_pestat] skip orientation RF
[M::process] read 531082 sequences (40000142 bp)...
[M::mem_process_seqs] Processed 531330 reads in 271.186 CPU sec, 72.471 real sec
[M::mem_pestat] # candidate unique pairs for (FF, FR, RF, RR): (4736, 86151, 630, 4838)
[M::mem_pestat] analyzing insert size distribution for orientation FF...
[M::mem_pestat] (25, 50, 75) percentile: (423, 831, 1639)
[M::mem_pestat] low and high boundaries for computing mean and std.dev: (1, 4071)
[M::mem_pestat] mean and std.dev: (1057.57, 870.49)
[M::mem_pestat] low and high boundaries for proper pairs: (1, 5287)
[M::mem_pestat] analyzing insert size distribution for orientation FR...
[M::mem_pestat] (25, 50, 75) percentile: (377, 491, 626)
[M::mem_pestat] low and high boundaries for computing mean and std.dev: (1, 1124)
[M::mem_pestat] mean and std.dev: (503.34, 194.82)
[M::mem_pestat] low and high boundaries for proper pairs: (1, 1373)
[M::mem_pestat] analyzing insert size distribution for orientation RF...
[M::mem_pestat] (25, 50, 75) percentile: (832, 1757, 3373)
[M::mem_pestat] low and high boundaries for computing mean and std.dev: (1, 8455)
[M::mem_pestat] mean and std.dev: (2296.84, 1907.10)
[M::mem_pestat] low and high boundaries for proper pairs: (1, 10996)
[M::mem_pestat] analyzing insert size distribution for orientation RR...
[M::mem_pestat] (25, 50, 75) percentile: (437, 826, 1725)
[M::mem_pestat] low and high boundaries for computing mean and std.dev: (1, 4301)
[M::mem_pestat] mean and std.dev: (1080.18, 906.18)
[M::mem_pestat] low and high boundaries for proper pairs: (1, 5589)
[M::mem_pestat] skip orientation RF
[M::process] read 531090 sequences (40000070 bp)...
[M::mem_process_seqs] Processed 531082 reads in 193.116 CPU sec, 50.183 real sec
[M::mem_pestat] # candidate unique pairs for (FF, FR, RF, RR): (4857, 85857, 664, 4890)
[M::mem_pestat] analyzing insert size distribution for orientation FF...
[M::mem_pestat] (25, 50, 75) percentile: (428, 828, 1672)
[M::mem_pestat] low and high boundaries for computing mean and std.dev: (1, 4160)
[M::mem_pestat] mean and std.dev: (1080.20, 903.68)
[M::mem_pestat] low and high boundaries for proper pairs: (1, 5404)
[M::mem_pestat] analyzing insert size distribution for orientation FR...
[M::mem_pestat] (25, 50, 75) percentile: (378, 495, 634)
[M::mem_pestat] low and high boundaries for computing mean and std.dev: (1, 1146)
[M::mem_pestat] mean and std.dev: (509.08, 200.34)
[M::mem_pestat] low and high boundaries for proper pairs: (1, 1402)
[M::mem_pestat] analyzing insert size distribution for orientation RF...
[M::mem_pestat] (25, 50, 75) percentile: (689, 1647, 3314)
[M::mem_pestat] low and high boundaries for computing mean and std.dev: (1, 8564)
[M::mem_pestat] mean and std.dev: (2231.51, 1990.94)
[M::mem_pestat] low and high boundaries for proper pairs: (1, 11189)
[M::mem_pestat] analyzing insert size distribution for orientation RR...
[M::mem_pestat] (25, 50, 75) percentile: (427, 821, 1726)
[M::mem_pestat] low and high boundaries for computing mean and std.dev: (1, 4324)
[M::mem_pestat] mean and std.dev: (1083.96, 926.11)
[M::mem_pestat] low and high boundaries for proper pairs: (1, 5623)
[M::mem_pestat] skip orientation RF
[M::process] read 349050 sequences (26285820 bp)...
[M::mem_process_seqs] Processed 531090 reads in 461.006 CPU sec, 120.008 real sec
[M::mem_pestat] # candidate unique pairs for (FF, FR, RF, RR): (3185, 56197, 446, 3113)
[M::mem_pestat] analyzing insert size distribution for orientation FF...
[M::mem_pestat] (25, 50, 75) percentile: (428, 835, 1631)
[M::mem_pestat] low and high boundaries for computing mean and std.dev: (1, 4037)
[M::mem_pestat] mean and std.dev: (1052.65, 865.53)
[M::mem_pestat] low and high boundaries for proper pairs: (1, 5240)
[M::mem_pestat] analyzing insert size distribution for orientation FR...
[M::mem_pestat] (25, 50, 75) percentile: (380, 496, 634)
[M::mem_pestat] low and high boundaries for computing mean and std.dev: (1, 1142)
[M::mem_pestat] mean and std.dev: (509.65, 199.18)
[M::mem_pestat] low and high boundaries for proper pairs: (1, 1396)
[M::mem_pestat] analyzing insert size distribution for orientation RF...
[M::mem_pestat] (25, 50, 75) percentile: (766, 1787, 3284)
[M::mem_pestat] low and high boundaries for computing mean and std.dev: (1, 8320)
[M::mem_pestat] mean and std.dev: (2259.02, 1872.20)
[M::mem_pestat] low and high boundaries for proper pairs: (1, 10838)
[M::mem_pestat] analyzing insert size distribution for orientation RR...
[M::mem_pestat] (25, 50, 75) percentile: (429, 832, 1678)
[M::mem_pestat] low and high boundaries for computing mean and std.dev: (1, 4176)
[M::mem_pestat] mean and std.dev: (1069.64, 888.63)
[M::mem_pestat] low and high boundaries for proper pairs: (1, 5425)
[M::mem_pestat] skip orientation RF
[M::mem_process_seqs] Processed 349050 reads in 184.540 CPU sec, 50.456 real sec
[main] Version: 0.7.12-r1039
[main] CMD: /home/elon/biosoft/bwa/0.7.12/bwa mem -t 4 -R @RG\tID:SRR3226036\tPL:illumina\tSM:E.coli_K12_SRR3226036 /home/elon/wgs/input/fasta/E.coli_K12_MG1655.fa SRR3226036_1.fastq.gz SRR3226036_2.fastq.gz
[main] Real time: 410.238 sec; CPU: 1547.670 sec

real	6m50.534s
user	26m36.482s
sys	0m5.022s

###COMMAND LINE###：
/home/elon/biosoft/samtools/1.0/bin/samtools sort -@ 4 -m 4G -O bam -o SRR3226036.sorted.bam SRR3226036.bam -T PREFIX.bam

real	0m11.224s
user	0m26.299s
sys	0m0.384s

###COMMAND LINE###：
java -jar /home/elon/biosoft/picard/2.18.2/picard.jar MarkDuplicates I=SRR3226036.sorted.bam O=SRR3226036.sorted.markdup.bam M=SRR3226036.sorted.markdup_metrics.txt
00:24:26.809 INFO  NativeLibraryLoader - Loading libgkl_compression.so from jar:file:/home/elon/biosoft/picard/2.18.2/picard.jar!/com/intel/gkl/native/libgkl_compression.so
[Fri May 18 00:24:26 CST 2018] MarkDuplicates INPUT=[SRR3226036.sorted.bam] OUTPUT=SRR3226036.sorted.markdup.bam METRICS_FILE=SRR3226036.sorted.markdup_metrics.txt    MAX_SEQUENCES_FOR_DISK_READ_ENDS_MAP=50000 MAX_FILE_HANDLES_FOR_READ_ENDS_MAP=8000 SORTING_COLLECTION_SIZE_RATIO=0.25 TAG_DUPLICATE_SET_MEMBERS=false REMOVE_SEQUENCING_DUPLICATES=false TAGGING_POLICY=DontTag CLEAR_DT=true ADD_PG_TAG_TO_READS=true REMOVE_DUPLICATES=false ASSUME_SORTED=false DUPLICATE_SCORING_STRATEGY=SUM_OF_BASE_QUALITIES PROGRAM_RECORD_ID=MarkDuplicates PROGRAM_GROUP_NAME=MarkDuplicates READ_NAME_REGEX=<optimized capture of last three ':' separated fields as numeric values> OPTICAL_DUPLICATE_PIXEL_DISTANCE=100 MAX_OPTICAL_DUPLICATE_SET_SIZE=300000 VERBOSITY=INFO QUIET=false VALIDATION_STRINGENCY=STRICT COMPRESSION_LEVEL=5 MAX_RECORDS_IN_RAM=500000 CREATE_INDEX=false CREATE_MD5_FILE=false GA4GH_CLIENT_SECRETS=client_secrets.json USE_JDK_DEFLATER=false USE_JDK_INFLATER=false
[Fri May 18 00:24:26 CST 2018] Executing as elon@longsl on Linux 4.13.0-41-generic amd64; Java HotSpot(TM) 64-Bit Server VM 1.8.0_161-b12; Deflater: Intel; Inflater: Intel; Provider GCS is not available; Picard version: 2.18.2-SNAPSHOT
INFO	2018-05-18 00:24:26	MarkDuplicates	Start of doWork freeMemory: 145227984; totalMemory: 150470656; maxMemory: 1756364800
INFO	2018-05-18 00:24:26	MarkDuplicates	Reading input file and constructing read end information.
INFO	2018-05-18 00:24:26	MarkDuplicates	Will retain up to 6363640 data points before spilling to disk.
WARNING	2018-05-18 00:24:26	AbstractOpticalDuplicateFinderCommandLineProgram	A field field parsed out of a read name was expected to contain an integer and did not. Read name: SRR3226036.4166. Cause: String 'SRR3226036.4166' did not start with a parsable number.
INFO	2018-05-18 00:24:34	MarkDuplicates	Read     1,000,000 records.  Elapsed time: 00:00:07s.  Time for last 1,000,000:    7s.  Last read position: NC_000913.3:1,740,126
INFO	2018-05-18 00:24:34	MarkDuplicates	Tracking 146 as yet unmatched pairs. 146 records in RAM.
INFO	2018-05-18 00:24:34	MarkDuplicates	Read 1016598 records. 0 pairs never matched.
INFO	2018-05-18 00:24:34	MarkDuplicates	After buildSortedReadEndLists freeMemory: 391346024; totalMemory: 557842432; maxMemory: 1756364800
INFO	2018-05-18 00:24:34	MarkDuplicates	Will retain up to 54886400 duplicate indices before spilling to disk.
INFO	2018-05-18 00:24:34	MarkDuplicates	Traversing read pair information and detecting duplicates.
INFO	2018-05-18 00:24:34	MarkDuplicates	Traversing fragment information and detecting duplicates.
INFO	2018-05-18 00:24:35	MarkDuplicates	Sorting list of duplicate records.
INFO	2018-05-18 00:24:35	MarkDuplicates	After generateDuplicateIndexes freeMemory: 547774512; totalMemory: 997195776; maxMemory: 1756364800
INFO	2018-05-18 00:24:35	MarkDuplicates	Marking 35821 records as duplicates.
INFO	2018-05-18 00:24:35	MarkDuplicates	Found 0 optical duplicate clusters.
INFO	2018-05-18 00:24:35	MarkDuplicates	Reads are assumed to be ordered by: coordinate
INFO	2018-05-18 00:24:53	MarkDuplicates	Before output close freeMemory: 1002358840; totalMemory: 1014497280; maxMemory: 1756364800
INFO	2018-05-18 00:24:53	MarkDuplicates	After output close freeMemory: 1047971896; totalMemory: 1060110336; maxMemory: 1756364800
[Fri May 18 00:24:53 CST 2018] picard.sam.markduplicates.MarkDuplicates done. Elapsed time: 0.45 minutes.
Runtime.totalMemory()=1060110336

real	0m27.797s
user	0m37.807s
sys	0m0.517s

###COMMAND LINE###：
time /home/elon/biosoft/samtools/1.0/bin/samtools index SRR3226036.sorted.markdup.bam

real	0m1.596s
user	0m1.584s
sys	0m0.012s

###COMMAND LINE###：
java -jar /home/elon/biosoft/gatk/3.6/GenomeAnalysisTK.jar -T HaplotypeCaller -R /home/elon/wgs/input/fasta/E.coli_K12_MG1655.fa --emitRefConfidence GVCF -I SRR3226036.sorted.markdup.bam -o SRR3226036.g.vcf
INFO  00:24:57,591 HelpFormatter - -------------------------------------------------------------------------------- 
INFO  00:24:57,594 HelpFormatter - The Genome Analysis Toolkit (GATK) v3.6-6-g965413b, Compiled 2016/07/11 21:22:38 
INFO  00:24:57,594 HelpFormatter - Copyright (c) 2010-2016 The Broad Institute 
INFO  00:24:57,594 HelpFormatter - For support and documentation go to https://www.broadinstitute.org/gatk 
INFO  00:24:57,595 HelpFormatter - [Fri May 18 00:24:57 CST 2018] Executing on Linux 4.13.0-41-generic amd64 
INFO  00:24:57,595 HelpFormatter - Java HotSpot(TM) 64-Bit Server VM 1.8.0_161-b12 
INFO  00:24:57,599 HelpFormatter - Program Args: -T HaplotypeCaller -R /home/elon/wgs/input/fasta/E.coli_K12_MG1655.fa --emitRefConfidence GVCF -I SRR3226036.sorted.markdup.bam -o SRR3226036.g.vcf 
INFO  00:24:57,602 HelpFormatter - Executing as elon@longsl on Linux 4.13.0-41-generic amd64; Java HotSpot(TM) 64-Bit Server VM 1.8.0_161-b12. 
INFO  00:24:57,603 HelpFormatter - Date/Time: 2018/05/18 00:24:57 
INFO  00:24:57,603 HelpFormatter - -------------------------------------------------------------------------------- 
INFO  00:24:57,603 HelpFormatter - -------------------------------------------------------------------------------- 
INFO  00:24:57,621 GenomeAnalysisEngine - Strictness is SILENT 
INFO  00:24:57,686 GenomeAnalysisEngine - Downsampling Settings: Method: BY_SAMPLE, Target Coverage: 500 
INFO  00:24:57,693 SAMDataSource$SAMReaders - Initializing SAMRecords in serial 
INFO  00:24:57,711 SAMDataSource$SAMReaders - Done initializing BAM readers: total time 0.02 
INFO  00:24:57,720 HCMappingQualityFilter - Filtering out reads with MAPQ < 20 
INFO  00:24:57,817 GenomeAnalysisEngine - Preparing for traversal over 1 BAM files 
INFO  00:24:57,843 GenomeAnalysisEngine - Done preparing for traversal 
INFO  00:24:57,843 ProgressMeter - [INITIALIZATION COMPLETE; STARTING PROCESSING] 
INFO  00:24:57,844 ProgressMeter -                 |      processed |    time |         per 1M |           |   total | remaining 
INFO  00:24:57,844 ProgressMeter -        Location | active regions | elapsed | active regions | completed | runtime |   runtime 
INFO  00:24:57,845 HaplotypeCaller - Standard Emitting and Calling confidence set to 0.0 for reference-model confidence output 
INFO  00:24:57,845 HaplotypeCaller - All sites annotated with PLs forced to true for reference-model confidence output 
WARN  00:24:57,882 InbreedingCoeff - Annotation will not be calculated. InbreedingCoeff requires at least 10 unrelated samples. 
INFO  00:24:57,958 HaplotypeCaller - Using global mismapping rate of 45 => -4.5 in log10 likelihood units 
Using AVX accelerated implementation of PairHMM
INFO  00:25:01,331 VectorLoglessPairHMM - libVectorLoglessPairHMM unpacked successfully from GATK jar file 
INFO  00:25:01,331 VectorLoglessPairHMM - Using vectorized implementation of PairHMM 
WARN  00:25:01,417 HaplotypeScore - Annotation will not be calculated, must be called from UnifiedGenotyper 
INFO  00:25:27,850 ProgressMeter - NC_000913.3:228253              0.0    30.0 s           49.6 w       12.9%     3.9 m       3.4 m 
INFO  00:25:57,851 ProgressMeter - NC_000913.3:420465              0.0    60.0 s           99.2 w       23.8%     4.2 m       3.2 m 
INFO  00:26:27,852 ProgressMeter - NC_000913.3:1224182              0.0    90.0 s          148.8 w       69.2%     2.2 m      40.0 s 
INFO  00:26:47,720 VectorLoglessPairHMM - Time spent in setup for JNI call : 0.041284146 
INFO  00:26:47,721 PairHMM - Total compute time in PairHMM computeLikelihoods() : 30.424129583000003 
INFO  00:26:47,721 HaplotypeCaller - Ran local assembly on 6263 active regions 
INFO  00:26:47,725 ProgressMeter -            done        1769345.0   109.0 s           62.0 s      100.0%   109.0 s       0.0 s 
INFO  00:26:47,725 ProgressMeter - Total runtime 109.88 secs, 1.83 min, 0.03 hours 
INFO  00:26:47,725 MicroScheduler - 86215 reads were filtered out during the traversal out of approximately 1016598 total reads (8.48%) 
INFO  00:26:47,726 MicroScheduler -   -> 0 reads (0.00% of total) failing BadCigarFilter 
INFO  00:26:47,726 MicroScheduler -   -> 27361 reads (2.69% of total) failing DuplicateReadFilter 
INFO  00:26:47,726 MicroScheduler -   -> 0 reads (0.00% of total) failing FailsVendorQualityCheckFilter 
INFO  00:26:47,727 MicroScheduler -   -> 58854 reads (5.79% of total) failing HCMappingQualityFilter 
INFO  00:26:47,727 MicroScheduler -   -> 0 reads (0.00% of total) failing MalformedReadFilter 
INFO  00:26:47,727 MicroScheduler -   -> 0 reads (0.00% of total) failing MappingQualityUnavailableFilter 
INFO  00:26:47,727 MicroScheduler -   -> 0 reads (0.00% of total) failing NotPrimaryAlignmentFilter 
INFO  00:26:47,728 MicroScheduler -   -> 0 reads (0.00% of total) failing UnmappedReadFilter 
------------------------------------------------------------------------------------------
Done. There were 2 WARN messages, the first 2 are repeated below.
WARN  00:24:57,882 InbreedingCoeff - Annotation will not be calculated. InbreedingCoeff requires at least 10 unrelated samples. 
WARN  00:25:01,417 HaplotypeScore - Annotation will not be calculated, must be called from UnifiedGenotyper 
------------------------------------------------------------------------------------------

real	1m52.365s
user	2m58.473s
sys	0m0.876s

###COMMAND LINE###：
/home/elon/hadoop/bin/hadoop fs -put -f SRR3226036.g.vcf /wgsv2/output/gvcf
18/05/18 00:26:48 WARN util.NativeCodeLoader: Unable to load native-hadoop library for your platform... using builtin-java classes where applicable

real	0m2.375s
user	0m4.830s
sys	0m0.195s

