###COMMAND LINE###：
/home/elon/hadoop/bin/hadoop fs -get /wgsv2/input/fastq/SRR3226038_1.fastq.gz
18/05/14 00:55:13 WARN util.NativeCodeLoader: Unable to load native-hadoop library for your platform... using builtin-java classes where applicable

real	0m2.807s
user	0m4.740s
sys	0m0.329s

###COMMAND LINE###：
/home/elon/hadoop/bin/hadoop fs -get /wgsv2/input/fastq/SRR3226038_2.fastq.gz
18/05/14 00:55:16 WARN util.NativeCodeLoader: Unable to load native-hadoop library for your platform... using builtin-java classes where applicable

real	0m3.036s
user	0m4.437s
sys	0m0.327s

###COMMAND LINE###：
/home/elon/biosoft/bwa/0.7.12/bwa mem -t 4 -R @RG\tID:SRR3226038\tPL:illumina\tSM:E.coli_K12_SRR3226038 /home/elon/wgs/input/fasta/E.coli_K12_MG1655.fa SRR3226038_1.fastq.gz SRR3226038_2.fastq.gz | /home/elon/biosoft/samtools/1.0/bin/samtools view -Sb - > SRR3226038.bam
[M::bwa_idx_load_from_disk] read 0 ALT contigs
[M::process] read 533408 sequences (40000009 bp)...
[M::process] read 533318 sequences (40000000 bp)...
[M::mem_pestat] # candidate unique pairs for (FF, FR, RF, RR): (35, 316, 9, 35)
[M::mem_pestat] analyzing insert size distribution for orientation FF...
[M::mem_pestat] (25, 50, 75) percentile: (145, 274, 408)
[M::mem_pestat] low and high boundaries for computing mean and std.dev: (1, 934)
[M::mem_pestat] mean and std.dev: (284.29, 197.06)
[M::mem_pestat] low and high boundaries for proper pairs: (1, 1197)
[M::mem_pestat] analyzing insert size distribution for orientation FR...
[M::mem_pestat] (25, 50, 75) percentile: (164, 252, 336)
[M::mem_pestat] low and high boundaries for computing mean and std.dev: (1, 680)
[M::mem_pestat] mean and std.dev: (253.14, 119.53)
[M::mem_pestat] low and high boundaries for proper pairs: (1, 852)
[M::mem_pestat] skip orientation RF as there are not enough pairs
[M::mem_pestat] analyzing insert size distribution for orientation RR...
[M::mem_pestat] (25, 50, 75) percentile: (167, 268, 408)
[M::mem_pestat] low and high boundaries for computing mean and std.dev: (1, 890)
[M::mem_pestat] mean and std.dev: (284.29, 168.76)
[M::mem_pestat] low and high boundaries for proper pairs: (1, 1131)
[M::mem_process_seqs] Processed 533408 reads in 32.650 CPU sec, 8.254 real sec
[M::process] read 532976 sequences (40000008 bp)...
[M::mem_pestat] # candidate unique pairs for (FF, FR, RF, RR): (36, 321, 10, 41)
[M::mem_pestat] analyzing insert size distribution for orientation FF...
[M::mem_pestat] (25, 50, 75) percentile: (155, 300, 435)
[M::mem_pestat] low and high boundaries for computing mean and std.dev: (1, 995)
[M::mem_pestat] mean and std.dev: (298.64, 170.13)
[M::mem_pestat] low and high boundaries for proper pairs: (1, 1275)
[M::mem_pestat] analyzing insert size distribution for orientation FR...
[M::mem_pestat] (25, 50, 75) percentile: (174, 247, 342)
[M::mem_pestat] low and high boundaries for computing mean and std.dev: (1, 678)
[M::mem_pestat] mean and std.dev: (259.40, 124.12)
[M::mem_pestat] low and high boundaries for proper pairs: (1, 846)
[M::mem_pestat] analyzing insert size distribution for orientation RF...
[M::mem_pestat] (25, 50, 75) percentile: (27, 103, 156)
[M::mem_pestat] low and high boundaries for computing mean and std.dev: (1, 414)
[M::mem_pestat] mean and std.dev: (83.33, 65.25)
[M::mem_pestat] low and high boundaries for proper pairs: (1, 543)
[M::mem_pestat] analyzing insert size distribution for orientation RR...
[M::mem_pestat] (25, 50, 75) percentile: (140, 230, 334)
[M::mem_pestat] low and high boundaries for computing mean and std.dev: (1, 722)
[M::mem_pestat] mean and std.dev: (233.20, 123.13)
[M::mem_pestat] low and high boundaries for proper pairs: (1, 916)
[M::mem_pestat] skip orientation RF
[M::mem_process_seqs] Processed 533318 reads in 33.260 CPU sec, 9.867 real sec
[M::process] read 532724 sequences (40000064 bp)...
[M::mem_pestat] # candidate unique pairs for (FF, FR, RF, RR): (37, 356, 3, 38)
[M::mem_pestat] analyzing insert size distribution for orientation FF...
[M::mem_pestat] (25, 50, 75) percentile: (126, 309, 418)
[M::mem_pestat] low and high boundaries for computing mean and std.dev: (1, 1002)
[M::mem_pestat] mean and std.dev: (297.47, 196.90)
[M::mem_pestat] low and high boundaries for proper pairs: (1, 1294)
[M::mem_pestat] analyzing insert size distribution for orientation FR...
[M::mem_pestat] (25, 50, 75) percentile: (160, 253, 333)
[M::mem_pestat] low and high boundaries for computing mean and std.dev: (1, 679)
[M::mem_pestat] mean and std.dev: (249.49, 120.32)
[M::mem_pestat] low and high boundaries for proper pairs: (1, 852)
[M::mem_pestat] skip orientation RF as there are not enough pairs
[M::mem_pestat] analyzing insert size distribution for orientation RR...
[M::mem_pestat] (25, 50, 75) percentile: (151, 302, 408)
[M::mem_pestat] low and high boundaries for computing mean and std.dev: (1, 922)
[M::mem_pestat] mean and std.dev: (281.89, 178.63)
[M::mem_pestat] low and high boundaries for proper pairs: (1, 1179)
[M::mem_process_seqs] Processed 532976 reads in 33.507 CPU sec, 10.245 real sec
[M::process] read 533264 sequences (40000036 bp)...
[M::mem_pestat] # candidate unique pairs for (FF, FR, RF, RR): (43, 342, 7, 40)
[M::mem_pestat] analyzing insert size distribution for orientation FF...
[M::mem_pestat] (25, 50, 75) percentile: (154, 252, 403)
[M::mem_pestat] low and high boundaries for computing mean and std.dev: (1, 901)
[M::mem_pestat] mean and std.dev: (270.67, 148.88)
[M::mem_pestat] low and high boundaries for proper pairs: (1, 1150)
[M::mem_pestat] analyzing insert size distribution for orientation FR...
[M::mem_pestat] (25, 50, 75) percentile: (173, 246, 329)
[M::mem_pestat] low and high boundaries for computing mean and std.dev: (1, 641)
[M::mem_pestat] mean and std.dev: (253.82, 116.36)
[M::mem_pestat] low and high boundaries for proper pairs: (1, 797)
[M::mem_pestat] skip orientation RF as there are not enough pairs
[M::mem_pestat] analyzing insert size distribution for orientation RR...
[M::mem_pestat] (25, 50, 75) percentile: (131, 199, 426)
[M::mem_pestat] low and high boundaries for computing mean and std.dev: (1, 1016)
[M::mem_pestat] mean and std.dev: (269.18, 182.46)
[M::mem_pestat] low and high boundaries for proper pairs: (1, 1311)
[M::mem_process_seqs] Processed 532724 reads in 33.258 CPU sec, 9.933 real sec
[M::process] read 533458 sequences (40000003 bp)...
[M::mem_pestat] # candidate unique pairs for (FF, FR, RF, RR): (37, 328, 9, 45)
[M::mem_pestat] analyzing insert size distribution for orientation FF...
[M::mem_pestat] (25, 50, 75) percentile: (158, 221, 303)
[M::mem_pestat] low and high boundaries for computing mean and std.dev: (1, 593)
[M::mem_pestat] mean and std.dev: (237.89, 125.73)
[M::mem_pestat] low and high boundaries for proper pairs: (1, 738)
[M::mem_pestat] analyzing insert size distribution for orientation FR...
[M::mem_pestat] (25, 50, 75) percentile: (197, 269, 348)
[M::mem_pestat] low and high boundaries for computing mean and std.dev: (1, 650)
[M::mem_pestat] mean and std.dev: (270.65, 123.01)
[M::mem_pestat] low and high boundaries for proper pairs: (1, 801)
[M::mem_pestat] skip orientation RF as there are not enough pairs
[M::mem_pestat] analyzing insert size distribution for orientation RR...
[M::mem_pestat] (25, 50, 75) percentile: (85, 164, 443)
[M::mem_pestat] low and high boundaries for computing mean and std.dev: (1, 1159)
[M::mem_pestat] mean and std.dev: (246.64, 194.85)
[M::mem_pestat] low and high boundaries for proper pairs: (1, 1517)
[M::mem_process_seqs] Processed 533264 reads in 33.297 CPU sec, 9.928 real sec
[M::process] read 475778 sequences (35696770 bp)...
[M::mem_pestat] # candidate unique pairs for (FF, FR, RF, RR): (37, 330, 10, 29)
[M::mem_pestat] analyzing insert size distribution for orientation FF...
[M::mem_pestat] (25, 50, 75) percentile: (140, 306, 415)
[M::mem_pestat] low and high boundaries for computing mean and std.dev: (1, 965)
[M::mem_pestat] mean and std.dev: (298.08, 163.59)
[M::mem_pestat] low and high boundaries for proper pairs: (1, 1240)
[M::mem_pestat] analyzing insert size distribution for orientation FR...
[M::mem_pestat] (25, 50, 75) percentile: (189, 274, 345)
[M::mem_pestat] low and high boundaries for computing mean and std.dev: (1, 657)
[M::mem_pestat] mean and std.dev: (272.83, 118.90)
[M::mem_pestat] low and high boundaries for proper pairs: (1, 813)
[M::mem_pestat] analyzing insert size distribution for orientation RF...
[M::mem_pestat] (25, 50, 75) percentile: (62, 118, 221)
[M::mem_pestat] low and high boundaries for computing mean and std.dev: (1, 539)
[M::mem_pestat] mean and std.dev: (144.80, 93.58)
[M::mem_pestat] low and high boundaries for proper pairs: (1, 698)
[M::mem_pestat] analyzing insert size distribution for orientation RR...
[M::mem_pestat] (25, 50, 75) percentile: (197, 282, 397)
[M::mem_pestat] low and high boundaries for computing mean and std.dev: (1, 797)
[M::mem_pestat] mean and std.dev: (301.34, 152.43)
[M::mem_pestat] low and high boundaries for proper pairs: (1, 997)
[M::mem_pestat] skip orientation RF
[M::mem_process_seqs] Processed 533458 reads in 32.962 CPU sec, 9.722 real sec
[M::mem_pestat] # candidate unique pairs for (FF, FR, RF, RR): (40, 319, 10, 38)
[M::mem_pestat] analyzing insert size distribution for orientation FF...
[M::mem_pestat] (25, 50, 75) percentile: (212, 313, 381)
[M::mem_pestat] low and high boundaries for computing mean and std.dev: (1, 719)
[M::mem_pestat] mean and std.dev: (288.52, 145.57)
[M::mem_pestat] low and high boundaries for proper pairs: (1, 888)
[M::mem_pestat] analyzing insert size distribution for orientation FR...
[M::mem_pestat] (25, 50, 75) percentile: (177, 274, 360)
[M::mem_pestat] low and high boundaries for computing mean and std.dev: (1, 726)
[M::mem_pestat] mean and std.dev: (279.60, 134.82)
[M::mem_pestat] low and high boundaries for proper pairs: (1, 909)
[M::mem_pestat] analyzing insert size distribution for orientation RF...
[M::mem_pestat] (25, 50, 75) percentile: (27, 174, 261)
[M::mem_pestat] low and high boundaries for computing mean and std.dev: (1, 729)
[M::mem_pestat] mean and std.dev: (178.70, 148.58)
[M::mem_pestat] low and high boundaries for proper pairs: (1, 963)
[M::mem_pestat] analyzing insert size distribution for orientation RR...
[M::mem_pestat] (25, 50, 75) percentile: (108, 190, 354)
[M::mem_pestat] low and high boundaries for computing mean and std.dev: (1, 846)
[M::mem_pestat] mean and std.dev: (258.37, 185.10)
[M::mem_pestat] low and high boundaries for proper pairs: (1, 1092)
[M::mem_pestat] skip orientation RF
[M::mem_process_seqs] Processed 475778 reads in 28.511 CPU sec, 8.544 real sec
[main] Version: 0.7.12-r1039
[main] CMD: /home/elon/biosoft/bwa/0.7.12/bwa mem -t 4 -R @RG\tID:SRR3226038\tPL:illumina\tSM:E.coli_K12_SRR3226038 /home/elon/wgs/input/fasta/E.coli_K12_MG1655.fa SRR3226038_1.fastq.gz SRR3226038_2.fastq.gz
[main] Real time: 70.573 sec; CPU: 228.474 sec

real	1m10.866s
user	4m22.647s
sys	0m2.895s

###COMMAND LINE###：
/home/elon/biosoft/samtools/1.0/bin/samtools sort -@ 4 -m 4G -O bam -o SRR3226038.sorted.bam SRR3226038.bam -T PREFIX.bam

real	0m14.383s
user	0m36.563s
sys	0m0.568s

###COMMAND LINE###：
/home/elon/biosoft/gatk/4.0/gatk MarkDuplicates -I SRR3226038.sorted.bam -O SRR3226038.sorted.markdup.bam -M SRR3226038.sorted.markup_metrics.txt
Using GATK jar /home/elon/biosoft/gatk/4.0/gatk-package-4.0.2.1-local.jar
Running:
    java -Dsamjdk.use_async_io_read_samtools=false -Dsamjdk.use_async_io_write_samtools=true -Dsamjdk.use_async_io_write_tribble=false -Dsamjdk.compression_level=1 -jar /home/elon/biosoft/gatk/4.0/gatk-package-4.0.2.1-local.jar MarkDuplicates -I SRR3226038.sorted.bam -O SRR3226038.sorted.markdup.bam -M SRR3226038.sorted.markup_metrics.txt
00:56:46.488 INFO  NativeLibraryLoader - Loading libgkl_compression.so from jar:file:/home/elon/biosoft/gatk/4.0/gatk-package-4.0.2.1-local.jar!/com/intel/gkl/native/libgkl_compression.so
[Mon May 14 00:56:46 CST 2018] MarkDuplicates  --INPUT SRR3226038.sorted.bam --OUTPUT SRR3226038.sorted.markdup.bam --METRICS_FILE SRR3226038.sorted.markup_metrics.txt  --MAX_SEQUENCES_FOR_DISK_READ_ENDS_MAP 50000 --MAX_FILE_HANDLES_FOR_READ_ENDS_MAP 8000 --SORTING_COLLECTION_SIZE_RATIO 0.25 --TAG_DUPLICATE_SET_MEMBERS false --REMOVE_SEQUENCING_DUPLICATES false --TAGGING_POLICY DontTag --CLEAR_DT true --ADD_PG_TAG_TO_READS true --REMOVE_DUPLICATES false --ASSUME_SORTED false --DUPLICATE_SCORING_STRATEGY SUM_OF_BASE_QUALITIES --PROGRAM_RECORD_ID MarkDuplicates --PROGRAM_GROUP_NAME MarkDuplicates --READ_NAME_REGEX <optimized capture of last three ':' separated fields as numeric values> --OPTICAL_DUPLICATE_PIXEL_DISTANCE 100 --MAX_OPTICAL_DUPLICATE_SET_SIZE 300000 --VERBOSITY INFO --QUIET false --VALIDATION_STRINGENCY STRICT --COMPRESSION_LEVEL 1 --MAX_RECORDS_IN_RAM 500000 --CREATE_INDEX false --CREATE_MD5_FILE false --GA4GH_CLIENT_SECRETS client_secrets.json --help false --version false --showHidden false --USE_JDK_DEFLATER false --USE_JDK_INFLATER false
[Mon May 14 00:56:46 CST 2018] Executing as elon@longsl on Linux 4.13.0-39-generic amd64; Java HotSpot(TM) 64-Bit Server VM 1.8.0_161-b12; Deflater: Intel; Inflater: Intel; Picard version: Version:4.0.2.1
INFO	2018-05-14 00:56:46	MarkDuplicates	Start of doWork freeMemory: 190542072; totalMemory: 199753728; maxMemory: 1756364800
INFO	2018-05-14 00:56:46	MarkDuplicates	Reading input file and constructing read end information.
INFO	2018-05-14 00:56:46	MarkDuplicates	Will retain up to 6363640 data points before spilling to disk.
WARNING	2018-05-14 00:56:46	AbstractOpticalDuplicateFinderCommandLineProgram	A field field parsed out of a read name was expected to contain an integer and did not. Read name: SRR3226038.166348. Cause: String 'SRR3226038.166348' did not start with a parsable number.
INFO	2018-05-14 00:56:47	MarkDuplicates	Read 21573 records. 0 pairs never matched.
INFO	2018-05-14 00:56:47	MarkDuplicates	After buildSortedReadEndLists freeMemory: 165045984; totalMemory: 227016704; maxMemory: 1756364800
INFO	2018-05-14 00:56:47	MarkDuplicates	Will retain up to 54886400 duplicate indices before spilling to disk.
INFO	2018-05-14 00:56:47	MarkDuplicates	Traversing read pair information and detecting duplicates.
INFO	2018-05-14 00:56:47	MarkDuplicates	Traversing fragment information and detecting duplicates.
INFO	2018-05-14 00:56:47	MarkDuplicates	Sorting list of duplicate records.
INFO	2018-05-14 00:56:47	MarkDuplicates	After generateDuplicateIndexes freeMemory: 219085176; totalMemory: 666894336; maxMemory: 1756364800
INFO	2018-05-14 00:56:47	MarkDuplicates	Marking 5354 records as duplicates.
INFO	2018-05-14 00:56:47	MarkDuplicates	Found 0 optical duplicate clusters.
INFO	2018-05-14 00:56:47	MarkDuplicates	Reads are assumed to be ordered by: coordinate
INFO	2018-05-14 00:57:00	MarkDuplicates	Before output close freeMemory: 1096887912; totalMemory: 1116209152; maxMemory: 1756364800
INFO	2018-05-14 00:57:00	MarkDuplicates	After output close freeMemory: 1101854288; totalMemory: 1116733440; maxMemory: 1756364800
[Mon May 14 00:57:00 CST 2018] picard.sam.markduplicates.MarkDuplicates done. Elapsed time: 0.23 minutes.
Runtime.totalMemory()=1116733440
Tool returned:
0

real	0m16.340s
user	0m32.528s
sys	0m2.616s

###COMMAND LINE###：
time /home/elon/biosoft/samtools/1.0/bin/samtools index SRR3226038.sorted.markdup.bam

real	0m3.302s
user	0m3.246s
sys	0m0.056s

###COMMAND LINE###：
/home/elon/biosoft/gatk/4.0/gatk HaplotypeCaller -R /home/elon/wgs/input/fasta/E.coli_K12_MG1655.fa --emit-ref-confidence GVCF -I SRR3226038.sorted.markdup.bam -O SRR3226038.g.vcf
Using GATK jar /home/elon/biosoft/gatk/4.0/gatk-package-4.0.2.1-local.jar
Running:
    java -Dsamjdk.use_async_io_read_samtools=false -Dsamjdk.use_async_io_write_samtools=true -Dsamjdk.use_async_io_write_tribble=false -Dsamjdk.compression_level=1 -jar /home/elon/biosoft/gatk/4.0/gatk-package-4.0.2.1-local.jar HaplotypeCaller -R /home/elon/wgs/input/fasta/E.coli_K12_MG1655.fa --emit-ref-confidence GVCF -I SRR3226038.sorted.markdup.bam -O SRR3226038.g.vcf
00:57:06.479 INFO  NativeLibraryLoader - Loading libgkl_compression.so from jar:file:/home/elon/biosoft/gatk/4.0/gatk-package-4.0.2.1-local.jar!/com/intel/gkl/native/libgkl_compression.so
00:57:06.675 INFO  HaplotypeCaller - ------------------------------------------------------------
00:57:06.675 INFO  HaplotypeCaller - The Genome Analysis Toolkit (GATK) v4.0.2.1
00:57:06.675 INFO  HaplotypeCaller - For support and documentation go to https://software.broadinstitute.org/gatk/
00:57:06.675 INFO  HaplotypeCaller - Executing as elon@longsl on Linux v4.13.0-39-generic amd64
00:57:06.675 INFO  HaplotypeCaller - Java runtime: Java HotSpot(TM) 64-Bit Server VM v1.8.0_161-b12
00:57:06.676 INFO  HaplotypeCaller - Start Date/Time: 2018年5月14日 上午12时57分06秒
00:57:06.676 INFO  HaplotypeCaller - ------------------------------------------------------------
00:57:06.676 INFO  HaplotypeCaller - ------------------------------------------------------------
00:57:06.676 INFO  HaplotypeCaller - HTSJDK Version: 2.14.3
00:57:06.676 INFO  HaplotypeCaller - Picard Version: 2.17.2
00:57:06.676 INFO  HaplotypeCaller - HTSJDK Defaults.COMPRESSION_LEVEL : 1
00:57:06.676 INFO  HaplotypeCaller - HTSJDK Defaults.USE_ASYNC_IO_READ_FOR_SAMTOOLS : false
00:57:06.677 INFO  HaplotypeCaller - HTSJDK Defaults.USE_ASYNC_IO_WRITE_FOR_SAMTOOLS : true
00:57:06.677 INFO  HaplotypeCaller - HTSJDK Defaults.USE_ASYNC_IO_WRITE_FOR_TRIBBLE : false
00:57:06.677 INFO  HaplotypeCaller - Deflater: IntelDeflater
00:57:06.677 INFO  HaplotypeCaller - Inflater: IntelInflater
00:57:06.677 INFO  HaplotypeCaller - GCS max retries/reopens: 20
00:57:06.677 INFO  HaplotypeCaller - Using google-cloud-java patch 6d11bef1c81f885c26b2b56c8616b7a705171e4f from https://github.com/droazen/google-cloud-java/tree/dr_all_nio_fixes
00:57:06.677 INFO  HaplotypeCaller - Initializing engine
00:57:07.090 INFO  HaplotypeCaller - Done initializing engine
00:57:07.094 INFO  HaplotypeCallerEngine - Standard Emitting and Calling confidence set to 0.0 for reference-model confidence output
00:57:07.094 INFO  HaplotypeCallerEngine - All sites annotated with PLs forced to true for reference-model confidence output
00:57:07.707 INFO  NativeLibraryLoader - Loading libgkl_utils.so from jar:file:/home/elon/biosoft/gatk/4.0/gatk-package-4.0.2.1-local.jar!/com/intel/gkl/native/libgkl_utils.so
00:57:07.708 INFO  NativeLibraryLoader - Loading libgkl_pairhmm_omp.so from jar:file:/home/elon/biosoft/gatk/4.0/gatk-package-4.0.2.1-local.jar!/com/intel/gkl/native/libgkl_pairhmm_omp.so
00:57:07.758 WARN  IntelPairHmm - Flush-to-zero (FTZ) is enabled when running PairHMM
00:57:07.759 INFO  IntelPairHmm - Available threads: 4
00:57:07.759 INFO  IntelPairHmm - Requested threads: 4
00:57:07.759 INFO  PairHMM - Using the OpenMP multi-threaded AVX-accelerated native PairHMM implementation
00:57:07.812 INFO  ProgressMeter - Starting traversal
00:57:07.813 INFO  ProgressMeter -        Current Locus  Elapsed Minutes     Regions Processed   Regions/Minute
00:57:09.055 WARN  DepthPerSampleHC - Annotation will not be calculated, genotype is not called or alleleLikelihoodMap is null
00:57:09.055 WARN  StrandBiasBySample - Annotation will not be calculated, genotype is not called or alleleLikelihoodMap is null
00:57:19.063 INFO  ProgressMeter -   NC_000913.3:228072              0.2                   790           4213.3
00:57:24.381 INFO  HaplotypeCaller - 9389 read(s) filtered by: ((((((((MappingQualityReadFilter AND MappingQualityAvailableReadFilter) AND MappedReadFilter) AND NotSecondaryAlignmentReadFilter) AND NotDuplicateReadFilter) AND PassesVendorQualityCheckReadFilter) AND NonZeroReferenceLengthAlignmentReadFilter) AND GoodCigarReadFilter) AND WellformedReadFilter)
  9389 read(s) filtered by: (((((((MappingQualityReadFilter AND MappingQualityAvailableReadFilter) AND MappedReadFilter) AND NotSecondaryAlignmentReadFilter) AND NotDuplicateReadFilter) AND PassesVendorQualityCheckReadFilter) AND NonZeroReferenceLengthAlignmentReadFilter) AND GoodCigarReadFilter)
      9389 read(s) filtered by: ((((((MappingQualityReadFilter AND MappingQualityAvailableReadFilter) AND MappedReadFilter) AND NotSecondaryAlignmentReadFilter) AND NotDuplicateReadFilter) AND PassesVendorQualityCheckReadFilter) AND NonZeroReferenceLengthAlignmentReadFilter)
          9389 read(s) filtered by: (((((MappingQualityReadFilter AND MappingQualityAvailableReadFilter) AND MappedReadFilter) AND NotSecondaryAlignmentReadFilter) AND NotDuplicateReadFilter) AND PassesVendorQualityCheckReadFilter)
              9389 read(s) filtered by: ((((MappingQualityReadFilter AND MappingQualityAvailableReadFilter) AND MappedReadFilter) AND NotSecondaryAlignmentReadFilter) AND NotDuplicateReadFilter)
                  4163 read(s) filtered by: (((MappingQualityReadFilter AND MappingQualityAvailableReadFilter) AND MappedReadFilter) AND NotSecondaryAlignmentReadFilter)
                      4163 read(s) filtered by: ((MappingQualityReadFilter AND MappingQualityAvailableReadFilter) AND MappedReadFilter)
                          4163 read(s) filtered by: (MappingQualityReadFilter AND MappingQualityAvailableReadFilter)
                              4163 read(s) filtered by: MappingQualityReadFilter 
                  5226 read(s) filtered by: NotDuplicateReadFilter 

00:57:24.381 INFO  ProgressMeter -  NC_000913.3:1769321              0.3                  6130          22199.4
00:57:24.381 INFO  ProgressMeter - Traversal complete. Processed 6130 total regions in 0.3 minutes.
00:57:24.385 INFO  VectorLoglessPairHMM - Time spent in setup for JNI call : 0.010879755000000001
00:57:24.386 INFO  PairHMM - Total compute time in PairHMM computeLogLikelihoods() : 1.9545902730000002
00:57:24.386 INFO  SmithWatermanAligner - Total compute time in java Smith-Waterman : 3.34 sec
00:57:24.386 INFO  HaplotypeCaller - Shutting down engine
[2018年5月14日 上午12时57分24秒] org.broadinstitute.hellbender.tools.walkers.haplotypecaller.HaplotypeCaller done. Elapsed time: 0.30 minutes.
Runtime.totalMemory()=713031680

real	0m20.752s
user	0m59.336s
sys	0m0.562s

###COMMAND LINE###：
/home/elon/hadoop/bin/hadoop fs -put -f SRR3226038.g.vcf /wgsv2/output/gvcf
18/05/14 00:57:25 WARN util.NativeCodeLoader: Unable to load native-hadoop library for your platform... using builtin-java classes where applicable



