###COMMAND LINE###：
/home/elon/hadoop/bin/hadoop fs -get /wgsv2/input/fastq/SRR3226040_1.fastq.gz
18/05/14 01:03:04 WARN util.NativeCodeLoader: Unable to load native-hadoop library for your platform... using builtin-java classes where applicable

real	0m2.823s
user	0m4.734s
sys	0m0.310s

###COMMAND LINE###：
/home/elon/hadoop/bin/hadoop fs -get /wgsv2/input/fastq/SRR3226040_2.fastq.gz
18/05/14 01:03:07 WARN util.NativeCodeLoader: Unable to load native-hadoop library for your platform... using builtin-java classes where applicable

real	0m2.751s
user	0m4.453s
sys	0m0.269s

###COMMAND LINE###：
/home/elon/biosoft/bwa/0.7.12/bwa mem -t 4 -R @RG\tID:SRR3226040\tPL:illumina\tSM:E.coli_K12_SRR3226040 /home/elon/wgs/input/fasta/E.coli_K12_MG1655.fa SRR3226040_1.fastq.gz SRR3226040_2.fastq.gz | /home/elon/biosoft/samtools/1.0/bin/samtools view -Sb - > SRR3226040.bam
[M::bwa_idx_load_from_disk] read 0 ALT contigs
[M::process] read 531494 sequences (40000000 bp)...
[M::process] read 531044 sequences (40000057 bp)...
[M::mem_pestat] # candidate unique pairs for (FF, FR, RF, RR): (7954, 68573, 2248, 7997)
[M::mem_pestat] analyzing insert size distribution for orientation FF...
[M::mem_pestat] (25, 50, 75) percentile: (214, 400, 687)
[M::mem_pestat] low and high boundaries for computing mean and std.dev: (1, 1633)
[M::mem_pestat] mean and std.dev: (472.29, 342.18)
[M::mem_pestat] low and high boundaries for proper pairs: (1, 2106)
[M::mem_pestat] analyzing insert size distribution for orientation FR...
[M::mem_pestat] (25, 50, 75) percentile: (202, 278, 372)
[M::mem_pestat] low and high boundaries for computing mean and std.dev: (1, 712)
[M::mem_pestat] mean and std.dev: (290.25, 130.49)
[M::mem_pestat] low and high boundaries for proper pairs: (1, 882)
[M::mem_pestat] analyzing insert size distribution for orientation RF...
[M::mem_pestat] (25, 50, 75) percentile: (251, 478, 877)
[M::mem_pestat] low and high boundaries for computing mean and std.dev: (1, 2129)
[M::mem_pestat] mean and std.dev: (594.17, 464.72)
[M::mem_pestat] low and high boundaries for proper pairs: (1, 2755)
[M::mem_pestat] analyzing insert size distribution for orientation RR...
[M::mem_pestat] (25, 50, 75) percentile: (221, 412, 690)
[M::mem_pestat] low and high boundaries for computing mean and std.dev: (1, 1628)
[M::mem_pestat] mean and std.dev: (479.82, 341.61)
[M::mem_pestat] low and high boundaries for proper pairs: (1, 2097)
[M::mem_pestat] skip orientation RF
[M::mem_process_seqs] Processed 531494 reads in 90.727 CPU sec, 23.063 real sec
[M::mem_pestat] # candidate unique pairs for (FF, FR, RF, RR): (8052, 68305, 2313, 8058)
[M::mem_pestat] analyzing insert size distribution for orientation FF...
[M::mem_pestat] (25, 50, 75) percentile: (222, 413, 700)
[M::mem_pestat] low and high boundaries for computing mean and std.dev: (1, 1656)
[M::mem_pestat] mean and std.dev: (481.76, 343.68)
[M::mem_pestat] low and high boundaries for proper pairs: (1, 2134)
[M::mem_pestat] analyzing insert size distribution for orientation FR...
[M::mem_pestat] (25, 50, 75) percentile: (206, 281, 377)
[M::mem_pestat] low and high boundaries for computing mean and std.dev: (1, 719)
[M::mem_pestat] mean and std.dev: (294.06, 130.83)
[M::mem_pestat] low and high boundaries for proper pairs: (1, 890)
[M::mem_pestat] analyzing insert size distribution for orientation RF...
[M::mem_pestat] (25, 50, 75) percentile: (246, 472, 859)
[M::mem_pestat] low and high boundaries for computing mean and std.dev: (1, 2085)
[M::mem_pestat] mean and std.dev: (576.01, 440.30)
[M::mem_pestat] low and high boundaries for proper pairs: (1, 2698)
[M::mem_pestat] analyzing insert size distribution for orientation RR...
[M::mem_pestat] (25, 50, 75) percentile: (229, 424, 710)
[M::mem_pestat] low and high boundaries for computing mean and std.dev: (1, 1672)
[M::mem_pestat] mean and std.dev: (487.94, 343.24)
[M::mem_pestat] low and high boundaries for proper pairs: (1, 2153)
[M::mem_pestat] skip orientation RF
[M::process] read 530854 sequences (40000069 bp)...
[M::mem_process_seqs] Processed 531044 reads in 92.970 CPU sec, 25.182 real sec
[M::mem_pestat] # candidate unique pairs for (FF, FR, RF, RR): (8444, 67616, 2428, 8194)
[M::mem_pestat] analyzing insert size distribution for orientation FF...
[M::mem_pestat] (25, 50, 75) percentile: (226, 416, 693)
[M::mem_pestat] low and high boundaries for computing mean and std.dev: (1, 1627)
[M::mem_pestat] mean and std.dev: (477.99, 335.61)
[M::mem_pestat] low and high boundaries for proper pairs: (1, 2094)
[M::mem_pestat] analyzing insert size distribution for orientation FR...
[M::mem_pestat] (25, 50, 75) percentile: (210, 288, 388)
[M::mem_pestat] low and high boundaries for computing mean and std.dev: (1, 744)
[M::mem_pestat] mean and std.dev: (303.24, 136.42)
[M::mem_pestat] low and high boundaries for proper pairs: (1, 922)
[M::mem_pestat] analyzing insert size distribution for orientation RF...
[M::mem_pestat] (25, 50, 75) percentile: (255, 493, 868)
[M::mem_pestat] low and high boundaries for computing mean and std.dev: (1, 2094)
[M::mem_pestat] mean and std.dev: (600.40, 458.08)
[M::mem_pestat] low and high boundaries for proper pairs: (1, 2707)
[M::mem_pestat] analyzing insert size distribution for orientation RR...
[M::mem_pestat] (25, 50, 75) percentile: (235, 427, 716)
[M::mem_pestat] low and high boundaries for computing mean and std.dev: (1, 1678)
[M::mem_pestat] mean and std.dev: (499.60, 350.23)
[M::mem_pestat] low and high boundaries for proper pairs: (1, 2159)
[M::mem_pestat] skip orientation RF
[M::process] read 531602 sequences (40000038 bp)...
[M::mem_process_seqs] Processed 530854 reads in 92.811 CPU sec, 25.162 real sec
[M::mem_pestat] # candidate unique pairs for (FF, FR, RF, RR): (8380, 67720, 2442, 8175)
[M::mem_pestat] analyzing insert size distribution for orientation FF...
[M::mem_pestat] (25, 50, 75) percentile: (230, 427, 713)
[M::mem_pestat] low and high boundaries for computing mean and std.dev: (1, 1679)
[M::mem_pestat] mean and std.dev: (492.73, 348.65)
[M::mem_pestat] low and high boundaries for proper pairs: (1, 2162)
[M::mem_pestat] analyzing insert size distribution for orientation FR...
[M::mem_pestat] (25, 50, 75) percentile: (210, 291, 394)
[M::mem_pestat] low and high boundaries for computing mean and std.dev: (1, 762)
[M::mem_pestat] mean and std.dev: (306.25, 141.38)
[M::mem_pestat] low and high boundaries for proper pairs: (1, 946)
[M::mem_pestat] analyzing insert size distribution for orientation RF...
[M::mem_pestat] (25, 50, 75) percentile: (232, 465, 844)
[M::mem_pestat] low and high boundaries for computing mean and std.dev: (1, 2068)
[M::mem_pestat] mean and std.dev: (569.00, 437.58)
[M::mem_pestat] low and high boundaries for proper pairs: (1, 2680)
[M::mem_pestat] analyzing insert size distribution for orientation RR...
[M::mem_pestat] (25, 50, 75) percentile: (235, 440, 719)
[M::mem_pestat] low and high boundaries for computing mean and std.dev: (1, 1687)
[M::mem_pestat] mean and std.dev: (497.49, 343.34)
[M::mem_pestat] low and high boundaries for proper pairs: (1, 2171)
[M::mem_pestat] skip orientation RF
[M::process] read 498018 sequences (37504090 bp)...
[M::mem_process_seqs] Processed 531602 reads in 93.757 CPU sec, 25.388 real sec
[M::mem_pestat] # candidate unique pairs for (FF, FR, RF, RR): (8084, 62500, 2337, 8013)
[M::mem_pestat] analyzing insert size distribution for orientation FF...
[M::mem_pestat] (25, 50, 75) percentile: (236, 429, 715)
[M::mem_pestat] low and high boundaries for computing mean and std.dev: (1, 1673)
[M::mem_pestat] mean and std.dev: (497.12, 346.84)
[M::mem_pestat] low and high boundaries for proper pairs: (1, 2152)
[M::mem_pestat] analyzing insert size distribution for orientation FR...
[M::mem_pestat] (25, 50, 75) percentile: (214, 296, 405)
[M::mem_pestat] low and high boundaries for computing mean and std.dev: (1, 787)
[M::mem_pestat] mean and std.dev: (313.53, 146.97)
[M::mem_pestat] low and high boundaries for proper pairs: (1, 978)
[M::mem_pestat] analyzing insert size distribution for orientation RF...
[M::mem_pestat] (25, 50, 75) percentile: (255, 482, 864)
[M::mem_pestat] low and high boundaries for computing mean and std.dev: (1, 2082)
[M::mem_pestat] mean and std.dev: (587.10, 445.00)
[M::mem_pestat] low and high boundaries for proper pairs: (1, 2691)
[M::mem_pestat] analyzing insert size distribution for orientation RR...
[M::mem_pestat] (25, 50, 75) percentile: (234, 435, 716)
[M::mem_pestat] low and high boundaries for computing mean and std.dev: (1, 1680)
[M::mem_pestat] mean and std.dev: (497.45, 347.67)
[M::mem_pestat] low and high boundaries for proper pairs: (1, 2162)
[M::mem_pestat] skip orientation RF
[M::mem_process_seqs] Processed 498018 reads in 86.683 CPU sec, 23.522 real sec
[main] Version: 0.7.12-r1039
[main] CMD: /home/elon/biosoft/bwa/0.7.12/bwa mem -t 4 -R @RG\tID:SRR3226040\tPL:illumina\tSM:E.coli_K12_SRR3226040 /home/elon/wgs/input/fasta/E.coli_K12_MG1655.fa SRR3226040_1.fastq.gz SRR3226040_2.fastq.gz
[main] Real time: 127.382 sec; CPU: 458.018 sec

real	2m7.990s
user	8m6.451s
sys	0m2.554s

###COMMAND LINE###：
/home/elon/biosoft/samtools/1.0/bin/samtools sort -@ 4 -m 4G -O bam -o SRR3226040.sorted.bam SRR3226040.bam -T PREFIX.bam

real	0m12.428s
user	0m29.644s
sys	0m0.439s

###COMMAND LINE###：
/home/elon/biosoft/gatk/4.0/gatk MarkDuplicates -I SRR3226040.sorted.bam -O SRR3226040.sorted.markdup.bam -M SRR3226040.sorted.markup_metrics.txt
Using GATK jar /home/elon/biosoft/gatk/4.0/gatk-package-4.0.2.1-local.jar
Running:
    java -Dsamjdk.use_async_io_read_samtools=false -Dsamjdk.use_async_io_write_samtools=true -Dsamjdk.use_async_io_write_tribble=false -Dsamjdk.compression_level=1 -jar /home/elon/biosoft/gatk/4.0/gatk-package-4.0.2.1-local.jar MarkDuplicates -I SRR3226040.sorted.bam -O SRR3226040.sorted.markdup.bam -M SRR3226040.sorted.markup_metrics.txt
01:05:31.966 INFO  NativeLibraryLoader - Loading libgkl_compression.so from jar:file:/home/elon/biosoft/gatk/4.0/gatk-package-4.0.2.1-local.jar!/com/intel/gkl/native/libgkl_compression.so
[Mon May 14 01:05:31 CST 2018] MarkDuplicates  --INPUT SRR3226040.sorted.bam --OUTPUT SRR3226040.sorted.markdup.bam --METRICS_FILE SRR3226040.sorted.markup_metrics.txt  --MAX_SEQUENCES_FOR_DISK_READ_ENDS_MAP 50000 --MAX_FILE_HANDLES_FOR_READ_ENDS_MAP 8000 --SORTING_COLLECTION_SIZE_RATIO 0.25 --TAG_DUPLICATE_SET_MEMBERS false --REMOVE_SEQUENCING_DUPLICATES false --TAGGING_POLICY DontTag --CLEAR_DT true --ADD_PG_TAG_TO_READS true --REMOVE_DUPLICATES false --ASSUME_SORTED false --DUPLICATE_SCORING_STRATEGY SUM_OF_BASE_QUALITIES --PROGRAM_RECORD_ID MarkDuplicates --PROGRAM_GROUP_NAME MarkDuplicates --READ_NAME_REGEX <optimized capture of last three ':' separated fields as numeric values> --OPTICAL_DUPLICATE_PIXEL_DISTANCE 100 --MAX_OPTICAL_DUPLICATE_SET_SIZE 300000 --VERBOSITY INFO --QUIET false --VALIDATION_STRINGENCY STRICT --COMPRESSION_LEVEL 1 --MAX_RECORDS_IN_RAM 500000 --CREATE_INDEX false --CREATE_MD5_FILE false --GA4GH_CLIENT_SECRETS client_secrets.json --help false --version false --showHidden false --USE_JDK_DEFLATER false --USE_JDK_INFLATER false
[Mon May 14 01:05:31 CST 2018] Executing as elon@longsl on Linux 4.13.0-39-generic amd64; Java HotSpot(TM) 64-Bit Server VM 1.8.0_161-b12; Deflater: Intel; Inflater: Intel; Picard version: Version:4.0.2.1
INFO	2018-05-14 01:05:32	MarkDuplicates	Start of doWork freeMemory: 184368568; totalMemory: 193462272; maxMemory: 1756364800
INFO	2018-05-14 01:05:32	MarkDuplicates	Reading input file and constructing read end information.
INFO	2018-05-14 01:05:32	MarkDuplicates	Will retain up to 6363640 data points before spilling to disk.
WARNING	2018-05-14 01:05:32	AbstractOpticalDuplicateFinderCommandLineProgram	A field field parsed out of a read name was expected to contain an integer and did not. Read name: SRR3226040.15780. Cause: String 'SRR3226040.15780' did not start with a parsable number.
INFO	2018-05-14 01:05:39	MarkDuplicates	Read 988349 records. 0 pairs never matched.
INFO	2018-05-14 01:05:39	MarkDuplicates	After buildSortedReadEndLists freeMemory: 609413264; totalMemory: 778043392; maxMemory: 1756364800
INFO	2018-05-14 01:05:39	MarkDuplicates	Will retain up to 54886400 duplicate indices before spilling to disk.
INFO	2018-05-14 01:05:39	MarkDuplicates	Traversing read pair information and detecting duplicates.
INFO	2018-05-14 01:05:39	MarkDuplicates	Traversing fragment information and detecting duplicates.
INFO	2018-05-14 01:05:39	MarkDuplicates	Sorting list of duplicate records.
INFO	2018-05-14 01:05:40	MarkDuplicates	After generateDuplicateIndexes freeMemory: 763367608; totalMemory: 1218445312; maxMemory: 1756364800
INFO	2018-05-14 01:05:40	MarkDuplicates	Marking 25871 records as duplicates.
INFO	2018-05-14 01:05:40	MarkDuplicates	Found 0 optical duplicate clusters.
INFO	2018-05-14 01:05:40	MarkDuplicates	Reads are assumed to be ordered by: coordinate
INFO	2018-05-14 01:05:49	MarkDuplicates	Before output close freeMemory: 375067440; totalMemory: 1340080128; maxMemory: 1756364800
INFO	2018-05-14 01:05:49	MarkDuplicates	After output close freeMemory: 1325450728; totalMemory: 1341128704; maxMemory: 1756364800
[Mon May 14 01:05:49 CST 2018] picard.sam.markduplicates.MarkDuplicates done. Elapsed time: 0.30 minutes.
Runtime.totalMemory()=1341128704
Tool returned:
0

real	0m20.661s
user	0m39.867s
sys	0m1.888s

###COMMAND LINE###：
time /home/elon/biosoft/samtools/1.0/bin/samtools index SRR3226040.sorted.markdup.bam

real	0m2.420s
user	0m2.395s
sys	0m0.024s

###COMMAND LINE###：
/home/elon/biosoft/gatk/4.0/gatk HaplotypeCaller -R /home/elon/wgs/input/fasta/E.coli_K12_MG1655.fa --emit-ref-confidence GVCF -I SRR3226040.sorted.markdup.bam -O SRR3226040.g.vcf
Using GATK jar /home/elon/biosoft/gatk/4.0/gatk-package-4.0.2.1-local.jar
Running:
    java -Dsamjdk.use_async_io_read_samtools=false -Dsamjdk.use_async_io_write_samtools=true -Dsamjdk.use_async_io_write_tribble=false -Dsamjdk.compression_level=1 -jar /home/elon/biosoft/gatk/4.0/gatk-package-4.0.2.1-local.jar HaplotypeCaller -R /home/elon/wgs/input/fasta/E.coli_K12_MG1655.fa --emit-ref-confidence GVCF -I SRR3226040.sorted.markdup.bam -O SRR3226040.g.vcf
01:05:55.162 INFO  NativeLibraryLoader - Loading libgkl_compression.so from jar:file:/home/elon/biosoft/gatk/4.0/gatk-package-4.0.2.1-local.jar!/com/intel/gkl/native/libgkl_compression.so
01:08:25.864 INFO  HaplotypeCaller - ------------------------------------------------------------
01:08:25.865 INFO  HaplotypeCaller - The Genome Analysis Toolkit (GATK) v4.0.2.1
01:08:25.865 INFO  HaplotypeCaller - For support and documentation go to https://software.broadinstitute.org/gatk/
01:08:25.866 INFO  HaplotypeCaller - Executing as elon@longsl on Linux v4.13.0-39-generic amd64
01:08:25.866 INFO  HaplotypeCaller - Java runtime: Java HotSpot(TM) 64-Bit Server VM v1.8.0_161-b12
01:08:25.867 INFO  HaplotypeCaller - Start Date/Time: 2018年5月14日 上午01时05分55秒
01:08:25.867 INFO  HaplotypeCaller - ------------------------------------------------------------
01:08:25.867 INFO  HaplotypeCaller - ------------------------------------------------------------
01:08:25.869 INFO  HaplotypeCaller - HTSJDK Version: 2.14.3
01:08:25.869 INFO  HaplotypeCaller - Picard Version: 2.17.2
01:08:25.869 INFO  HaplotypeCaller - HTSJDK Defaults.COMPRESSION_LEVEL : 1
01:08:25.869 INFO  HaplotypeCaller - HTSJDK Defaults.USE_ASYNC_IO_READ_FOR_SAMTOOLS : false
01:08:25.869 INFO  HaplotypeCaller - HTSJDK Defaults.USE_ASYNC_IO_WRITE_FOR_SAMTOOLS : true
01:08:25.869 INFO  HaplotypeCaller - HTSJDK Defaults.USE_ASYNC_IO_WRITE_FOR_TRIBBLE : false
01:08:25.870 INFO  HaplotypeCaller - Deflater: IntelDeflater
01:08:25.870 INFO  HaplotypeCaller - Inflater: IntelInflater
01:08:25.870 INFO  HaplotypeCaller - GCS max retries/reopens: 20
01:08:25.870 INFO  HaplotypeCaller - Using google-cloud-java patch 6d11bef1c81f885c26b2b56c8616b7a705171e4f from https://github.com/droazen/google-cloud-java/tree/dr_all_nio_fixes
01:08:25.870 INFO  HaplotypeCaller - Initializing engine
01:08:26.265 INFO  HaplotypeCaller - Done initializing engine
01:08:26.271 INFO  HaplotypeCallerEngine - Standard Emitting and Calling confidence set to 0.0 for reference-model confidence output
01:08:26.271 INFO  HaplotypeCallerEngine - All sites annotated with PLs forced to true for reference-model confidence output
01:08:26.846 INFO  NativeLibraryLoader - Loading libgkl_utils.so from jar:file:/home/elon/biosoft/gatk/4.0/gatk-package-4.0.2.1-local.jar!/com/intel/gkl/native/libgkl_utils.so
01:08:26.848 INFO  NativeLibraryLoader - Loading libgkl_pairhmm_omp.so from jar:file:/home/elon/biosoft/gatk/4.0/gatk-package-4.0.2.1-local.jar!/com/intel/gkl/native/libgkl_pairhmm_omp.so
01:08:26.897 WARN  IntelPairHmm - Flush-to-zero (FTZ) is enabled when running PairHMM
01:08:26.898 INFO  IntelPairHmm - Available threads: 4
01:08:26.898 INFO  IntelPairHmm - Requested threads: 4
01:08:26.898 INFO  PairHMM - Using the OpenMP multi-threaded AVX-accelerated native PairHMM implementation
01:08:26.947 INFO  ProgressMeter - Starting traversal
01:08:26.948 INFO  ProgressMeter -        Current Locus  Elapsed Minutes     Regions Processed   Regions/Minute
01:08:37.016 INFO  ProgressMeter -    NC_000913.3:26821              0.2                   160            953.6
01:08:47.183 INFO  ProgressMeter -    NC_000913.3:84189              0.3                   490           1452.9
01:08:57.286 INFO  ProgressMeter -   NC_000913.3:146331              0.5                   840           1661.3
01:09:07.466 INFO  ProgressMeter -   NC_000913.3:223799              0.7                  1250           1851.0
01:09:20.830 INFO  ProgressMeter -   NC_000913.3:227027              0.9                  1270           1414.2
01:09:33.515 INFO  ProgressMeter -   NC_000913.3:238743              1.1                  1350           1216.8
01:09:45.715 INFO  ProgressMeter -   NC_000913.3:268246              1.3                  1530           1165.5
01:09:57.054 INFO  ProgressMeter -   NC_000913.3:293731              1.5                  1680           1118.7
01:10:08.534 INFO  ProgressMeter -   NC_000913.3:318362              1.7                  1840           1086.8
01:10:18.870 INFO  ProgressMeter -   NC_000913.3:391598              1.9                  2300           1233.0
01:10:28.898 INFO  ProgressMeter -   NC_000913.3:508818              2.0                  3000           1476.0
01:10:38.932 INFO  ProgressMeter -   NC_000913.3:578834              2.2                  3430           1559.3
01:10:49.623 INFO  ProgressMeter -   NC_000913.3:636048              2.4                  3770           1585.4
01:11:00.036 INFO  ProgressMeter -   NC_000913.3:716886              2.6                  4250           1665.7
01:11:11.602 INFO  ProgressMeter -   NC_000913.3:738671              2.7                  4390           1599.7
01:11:22.187 INFO  ProgressMeter -   NC_000913.3:848320              2.9                  5020           1718.8
01:11:33.148 INFO  ProgressMeter -   NC_000913.3:926596              3.1                  5500           1772.3
01:11:43.154 INFO  ProgressMeter -  NC_000913.3:1027169              3.3                  6090           1862.3
01:11:53.853 INFO  ProgressMeter -  NC_000913.3:1089106              3.4                  6460           1873.3
01:12:04.601 INFO  ProgressMeter -  NC_000913.3:1103880              3.6                  6550           1805.6
01:12:14.871 INFO  ProgressMeter -  NC_000913.3:1198163              3.8                  7110           1871.7
01:12:25.276 INFO  ProgressMeter -  NC_000913.3:1210801              4.0                  7200           1812.6
01:12:38.599 INFO  ProgressMeter -  NC_000913.3:1224876              4.2                  7290           1738.1
01:12:48.727 INFO  ProgressMeter -  NC_000913.3:1299298              4.4                  7750           1776.3
01:12:59.032 INFO  ProgressMeter -  NC_000913.3:1413340              4.5                  8440           1861.2
01:13:09.053 INFO  ProgressMeter -  NC_000913.3:1462647              4.7                  8760           1863.1
01:13:19.589 INFO  ProgressMeter -  NC_000913.3:1527406              4.9                  9170           1880.1
01:13:29.746 INFO  ProgressMeter -  NC_000913.3:1550675              5.0                  9320           1846.8
01:13:40.363 INFO  ProgressMeter -  NC_000913.3:1616844              5.2                  9730           1862.7
01:13:50.388 INFO  ProgressMeter -  NC_000913.3:1651827              5.4                  9950           1845.8
01:14:00.470 INFO  ProgressMeter -  NC_000913.3:1712595              5.6                 10330           1858.3
01:14:03.973 INFO  HaplotypeCaller - 81563 read(s) filtered by: ((((((((MappingQualityReadFilter AND MappingQualityAvailableReadFilter) AND MappedReadFilter) AND NotSecondaryAlignmentReadFilter) AND NotDuplicateReadFilter) AND PassesVendorQualityCheckReadFilter) AND NonZeroReferenceLengthAlignmentReadFilter) AND GoodCigarReadFilter) AND WellformedReadFilter)
  81563 read(s) filtered by: (((((((MappingQualityReadFilter AND MappingQualityAvailableReadFilter) AND MappedReadFilter) AND NotSecondaryAlignmentReadFilter) AND NotDuplicateReadFilter) AND PassesVendorQualityCheckReadFilter) AND NonZeroReferenceLengthAlignmentReadFilter) AND GoodCigarReadFilter)
      81563 read(s) filtered by: ((((((MappingQualityReadFilter AND MappingQualityAvailableReadFilter) AND MappedReadFilter) AND NotSecondaryAlignmentReadFilter) AND NotDuplicateReadFilter) AND PassesVendorQualityCheckReadFilter) AND NonZeroReferenceLengthAlignmentReadFilter)
          81563 read(s) filtered by: (((((MappingQualityReadFilter AND MappingQualityAvailableReadFilter) AND MappedReadFilter) AND NotSecondaryAlignmentReadFilter) AND NotDuplicateReadFilter) AND PassesVendorQualityCheckReadFilter)
              81563 read(s) filtered by: ((((MappingQualityReadFilter AND MappingQualityAvailableReadFilter) AND MappedReadFilter) AND NotSecondaryAlignmentReadFilter) AND NotDuplicateReadFilter)
                  62977 read(s) filtered by: (((MappingQualityReadFilter AND MappingQualityAvailableReadFilter) AND MappedReadFilter) AND NotSecondaryAlignmentReadFilter)
                      62977 read(s) filtered by: ((MappingQualityReadFilter AND MappingQualityAvailableReadFilter) AND MappedReadFilter)
                          62977 read(s) filtered by: (MappingQualityReadFilter AND MappingQualityAvailableReadFilter)
                              62977 read(s) filtered by: MappingQualityReadFilter 
                  18586 read(s) filtered by: NotDuplicateReadFilter 

01:14:03.973 INFO  ProgressMeter -  NC_000913.3:1768478              5.6                 10646           1895.3
01:14:03.973 INFO  ProgressMeter - Traversal complete. Processed 10646 total regions in 5.6 minutes.
01:14:04.009 INFO  VectorLoglessPairHMM - Time spent in setup for JNI call : 0.30023442300000003
01:14:04.009 INFO  PairHMM - Total compute time in PairHMM computeLogLikelihoods() : 123.880874769
01:14:04.009 INFO  SmithWatermanAligner - Total compute time in java Smith-Waterman : 97.80 sec
01:14:04.010 INFO  HaplotypeCaller - Shutting down engine
[2018年5月14日 上午01时14分04秒] org.broadinstitute.hellbender.tools.walkers.haplotypecaller.HaplotypeCaller done. Elapsed time: 8.15 minutes.
Runtime.totalMemory()=709885952

real	8m11.698s
user	13m0.784s
sys	0m1.499s

###COMMAND LINE###：
/home/elon/hadoop/bin/hadoop fs -put -f SRR3226040.g.vcf /wgsv2/output/gvcf
18/05/14 01:14:05 WARN util.NativeCodeLoader: Unable to load native-hadoop library for your platform... using builtin-java classes where applicable



