18/04/11 22:33:04 WARN util.NativeCodeLoader: Unable to load native-hadoop library for your platform... using builtin-java classes where applicable
18/04/11 22:33:08 WARN util.NativeCodeLoader: Unable to load native-hadoop library for your platform... using builtin-java classes where applicable
[M::bwa_idx_load_from_disk] read 0 ALT contigs
[M::process] read 543914 sequences (40000050 bp)...
[M::process] read 544184 sequences (40000101 bp)...
[M::mem_pestat] # candidate unique pairs for (FF, FR, RF, RR): (2488, 82189, 456, 2507)
[M::mem_pestat] analyzing insert size distribution for orientation FF...
[M::mem_pestat] (25, 50, 75) percentile: (436, 1013, 2109)
[M::mem_pestat] low and high boundaries for computing mean and std.dev: (1, 5455)
[M::mem_pestat] mean and std.dev: (1363.85, 1210.39)
[M::mem_pestat] low and high boundaries for proper pairs: (1, 7128)
[M::mem_pestat] analyzing insert size distribution for orientation FR...
[M::mem_pestat] (25, 50, 75) percentile: (107, 181, 316)
[M::mem_pestat] low and high boundaries for computing mean and std.dev: (1, 734)
[M::mem_pestat] mean and std.dev: (222.94, 154.35)
[M::mem_pestat] low and high boundaries for proper pairs: (1, 943)
[M::mem_pestat] analyzing insert size distribution for orientation RF...
[M::mem_pestat] (25, 50, 75) percentile: (920, 2069, 3768)
[M::mem_pestat] low and high boundaries for computing mean and std.dev: (1, 9464)
[M::mem_pestat] mean and std.dev: (2561.55, 2091.46)
[M::mem_pestat] low and high boundaries for proper pairs: (1, 12312)
[M::mem_pestat] analyzing insert size distribution for orientation RR...
[M::mem_pestat] (25, 50, 75) percentile: (423, 960, 2010)
[M::mem_pestat] low and high boundaries for computing mean and std.dev: (1, 5184)
[M::mem_pestat] mean and std.dev: (1303.85, 1164.02)
[M::mem_pestat] low and high boundaries for proper pairs: (1, 6771)
[M::mem_pestat] skip orientation FF
[M::mem_pestat] skip orientation RF
[M::mem_pestat] skip orientation RR
[M::mem_process_seqs] Processed 543914 reads in 36.038 CPU sec, 9.280 real sec
[M::mem_pestat] # candidate unique pairs for (FF, FR, RF, RR): (2527, 81695, 462, 2434)
[M::mem_pestat] analyzing insert size distribution for orientation FF...
[M::mem_pestat] (25, 50, 75) percentile: (424, 1015, 2090)
[M::mem_pestat] low and high boundaries for computing mean and std.dev: (1, 5422)
[M::mem_pestat] mean and std.dev: (1353.75, 1185.27)
[M::mem_pestat] low and high boundaries for proper pairs: (1, 7088)
[M::mem_pestat] analyzing insert size distribution for orientation FR...
[M::mem_pestat] (25, 50, 75) percentile: (107, 181, 316)
[M::mem_pestat] low and high boundaries for computing mean and std.dev: (1, 734)
[M::mem_pestat] mean and std.dev: (222.68, 153.82)
[M::mem_pestat] low and high boundaries for proper pairs: (1, 943)
[M::mem_pestat] analyzing insert size distribution for orientation RF...
[M::mem_pestat] (25, 50, 75) percentile: (938, 2063, 3734)
[M::mem_pestat] low and high boundaries for computing mean and std.dev: (1, 9326)
[M::mem_pestat] mean and std.dev: (2549.59, 2088.64)
[M::mem_pestat] low and high boundaries for proper pairs: (1, 12122)
[M::mem_pestat] analyzing insert size distribution for orientation RR...
[M::mem_pestat] (25, 50, 75) percentile: (397, 980, 2052)
[M::mem_pestat] low and high boundaries for computing mean and std.dev: (1, 5362)
[M::mem_pestat] mean and std.dev: (1299.86, 1175.08)
[M::mem_pestat] low and high boundaries for proper pairs: (1, 7017)
[M::mem_pestat] skip orientation FF
[M::mem_pestat] skip orientation RF
[M::mem_pestat] skip orientation RR
[M::mem_process_seqs] Processed 544184 reads in 36.375 CPU sec, 10.956 real sec
[M::process] read 544252 sequences (40000122 bp)...
[M::mem_pestat] # candidate unique pairs for (FF, FR, RF, RR): (2440, 82421, 454, 2403)
[M::mem_pestat] analyzing insert size distribution for orientation FF...
[M::mem_pestat] (25, 50, 75) percentile: (470, 1035, 2129)
[M::mem_pestat] low and high boundaries for computing mean and std.dev: (1, 5447)
[M::mem_pestat] mean and std.dev: (1381.53, 1191.37)
[M::mem_pestat] low and high boundaries for proper pairs: (1, 7106)
[M::mem_pestat] analyzing insert size distribution for orientation FR...
[M::mem_pestat] (25, 50, 75) percentile: (107, 182, 318)
[M::mem_pestat] low and high boundaries for computing mean and std.dev: (1, 740)
[M::mem_pestat] mean and std.dev: (224.66, 156.23)
[M::mem_pestat] low and high boundaries for proper pairs: (1, 951)
[M::mem_pestat] analyzing insert size distribution for orientation RF...
[M::mem_pestat] (25, 50, 75) percentile: (967, 2220, 3821)
[M::mem_pestat] low and high boundaries for computing mean and std.dev: (1, 9529)
[M::mem_pestat] mean and std.dev: (2661.00, 2165.10)
[M::mem_pestat] low and high boundaries for proper pairs: (1, 12383)
[M::mem_pestat] analyzing insert size distribution for orientation RR...
[M::mem_pestat] (25, 50, 75) percentile: (427, 1044, 2045)
[M::mem_pestat] low and high boundaries for computing mean and std.dev: (1, 5281)
[M::mem_pestat] mean and std.dev: (1341.68, 1175.60)
[M::mem_pestat] low and high boundaries for proper pairs: (1, 6899)
[M::mem_pestat] skip orientation FF
[M::mem_pestat] skip orientation RF
[M::mem_pestat] skip orientation RR
[M::process] read 544400 sequences (40000112 bp)...
[M::mem_process_seqs] Processed 544252 reads in 36.565 CPU sec, 10.777 real sec
[M::mem_pestat] # candidate unique pairs for (FF, FR, RF, RR): (2423, 81800, 424, 2428)
[M::mem_pestat] analyzing insert size distribution for orientation FF...
[M::mem_pestat] (25, 50, 75) percentile: (456, 1005, 2131)
[M::mem_pestat] low and high boundaries for computing mean and std.dev: (1, 5481)
[M::mem_pestat] mean and std.dev: (1361.44, 1191.51)
[M::mem_pestat] low and high boundaries for proper pairs: (1, 7156)
[M::mem_pestat] analyzing insert size distribution for orientation FR...
[M::mem_pestat] (25, 50, 75) percentile: (107, 181, 316)
[M::mem_pestat] low and high boundaries for computing mean and std.dev: (1, 734)
[M::mem_pestat] mean and std.dev: (223.12, 154.84)
[M::mem_pestat] low and high boundaries for proper pairs: (1, 943)
[M::mem_pestat] analyzing insert size distribution for orientation RF...
[M::mem_pestat] (25, 50, 75) percentile: (1213, 2272, 4205)
[M::mem_pestat] low and high boundaries for computing mean and std.dev: (1, 10189)
[M::mem_pestat] mean and std.dev: (2903.07, 2282.06)
[M::mem_pestat] low and high boundaries for proper pairs: (1, 13181)
[M::mem_pestat] analyzing insert size distribution for orientation RR...
[M::mem_pestat] (25, 50, 75) percentile: (450, 1050, 2065)
[M::mem_pestat] low and high boundaries for computing mean and std.dev: (1, 5295)
[M::mem_pestat] mean and std.dev: (1351.41, 1166.82)
[M::mem_pestat] low and high boundaries for proper pairs: (1, 6910)
[M::mem_pestat] skip orientation FF
[M::mem_pestat] skip orientation RF
[M::mem_pestat] skip orientation RR
[M::process] read 543934 sequences (40000046 bp)...
[M::mem_process_seqs] Processed 544400 reads in 36.397 CPU sec, 10.914 real sec
[M::mem_pestat] # candidate unique pairs for (FF, FR, RF, RR): (2475, 82194, 432, 2438)
[M::mem_pestat] analyzing insert size distribution for orientation FF...
[M::mem_pestat] (25, 50, 75) percentile: (405, 987, 2070)
[M::mem_pestat] low and high boundaries for computing mean and std.dev: (1, 5400)
[M::mem_pestat] mean and std.dev: (1332.19, 1199.77)
[M::mem_pestat] low and high boundaries for proper pairs: (1, 7065)
[M::mem_pestat] analyzing insert size distribution for orientation FR...
[M::mem_pestat] (25, 50, 75) percentile: (107, 181, 314)
[M::mem_pestat] low and high boundaries for computing mean and std.dev: (1, 728)
[M::mem_pestat] mean and std.dev: (222.15, 153.47)
[M::mem_pestat] low and high boundaries for proper pairs: (1, 935)
[M::mem_pestat] analyzing insert size distribution for orientation RF...
[M::mem_pestat] (25, 50, 75) percentile: (981, 2183, 4022)
[M::mem_pestat] low and high boundaries for computing mean and std.dev: (1, 10104)
[M::mem_pestat] mean and std.dev: (2842.46, 2412.01)
[M::mem_pestat] low and high boundaries for proper pairs: (1, 13145)
[M::mem_pestat] analyzing insert size distribution for orientation RR...
[M::mem_pestat] (25, 50, 75) percentile: (438, 1027, 2131)
[M::mem_pestat] low and high boundaries for computing mean and std.dev: (1, 5517)
[M::mem_pestat] mean and std.dev: (1385.60, 1226.93)
[M::mem_pestat] low and high boundaries for proper pairs: (1, 7210)
[M::mem_pestat] skip orientation FF
[M::mem_pestat] skip orientation RF
[M::mem_pestat] skip orientation RR
[M::process] read 543892 sequences (40000103 bp)...
[M::mem_process_seqs] Processed 543934 reads in 37.523 CPU sec, 11.212 real sec
[M::mem_pestat] # candidate unique pairs for (FF, FR, RF, RR): (2479, 81872, 471, 2373)
[M::mem_pestat] analyzing insert size distribution for orientation FF...
[M::mem_pestat] (25, 50, 75) percentile: (448, 1027, 2060)
[M::mem_pestat] low and high boundaries for computing mean and std.dev: (1, 5284)
[M::mem_pestat] mean and std.dev: (1362.42, 1187.32)
[M::mem_pestat] low and high boundaries for proper pairs: (1, 6896)
[M::mem_pestat] analyzing insert size distribution for orientation FR...
[M::mem_pestat] (25, 50, 75) percentile: (107, 181, 314)
[M::mem_pestat] low and high boundaries for computing mean and std.dev: (1, 728)
[M::mem_pestat] mean and std.dev: (222.22, 153.24)
[M::mem_pestat] low and high boundaries for proper pairs: (1, 935)
[M::mem_pestat] analyzing insert size distribution for orientation RF...
[M::mem_pestat] (25, 50, 75) percentile: (1085, 2451, 4270)
[M::mem_pestat] low and high boundaries for computing mean and std.dev: (1, 10640)
[M::mem_pestat] mean and std.dev: (2930.45, 2295.65)
[M::mem_pestat] low and high boundaries for proper pairs: (1, 13825)
[M::mem_pestat] analyzing insert size distribution for orientation RR...
[M::mem_pestat] (25, 50, 75) percentile: (435, 978, 2022)
[M::mem_pestat] low and high boundaries for computing mean and std.dev: (1, 5196)
[M::mem_pestat] mean and std.dev: (1309.60, 1147.59)
[M::mem_pestat] low and high boundaries for proper pairs: (1, 6783)
[M::mem_pestat] skip orientation FF
[M::mem_pestat] skip orientation RF
[M::mem_pestat] skip orientation RR
[M::process] read 543686 sequences (40000022 bp)...
[M::mem_process_seqs] Processed 543892 reads in 36.231 CPU sec, 10.859 real sec
[M::mem_pestat] # candidate unique pairs for (FF, FR, RF, RR): (2375, 81989, 442, 2424)
[M::mem_pestat] analyzing insert size distribution for orientation FF...
[M::mem_pestat] (25, 50, 75) percentile: (429, 961, 2065)
[M::mem_pestat] low and high boundaries for computing mean and std.dev: (1, 5337)
[M::mem_pestat] mean and std.dev: (1321.60, 1164.61)
[M::mem_pestat] low and high boundaries for proper pairs: (1, 6973)
[M::mem_pestat] analyzing insert size distribution for orientation FR...
[M::mem_pestat] (25, 50, 75) percentile: (108, 182, 311)
[M::mem_pestat] low and high boundaries for computing mean and std.dev: (1, 717)
[M::mem_pestat] mean and std.dev: (221.75, 150.96)
[M::mem_pestat] low and high boundaries for proper pairs: (1, 920)
[M::mem_pestat] analyzing insert size distribution for orientation RF...
[M::mem_pestat] (25, 50, 75) percentile: (1127, 2175, 3924)
[M::mem_pestat] low and high boundaries for computing mean and std.dev: (1, 9518)
[M::mem_pestat] mean and std.dev: (2753.52, 2189.57)
[M::mem_pestat] low and high boundaries for proper pairs: (1, 12315)
[M::mem_pestat] analyzing insert size distribution for orientation RR...
[M::mem_pestat] (25, 50, 75) percentile: (398, 983, 2004)
[M::mem_pestat] low and high boundaries for computing mean and std.dev: (1, 5216)
[M::mem_pestat] mean and std.dev: (1292.27, 1139.26)
[M::mem_pestat] low and high boundaries for proper pairs: (1, 6822)
[M::mem_pestat] skip orientation FF
[M::mem_pestat] skip orientation RF
[M::mem_pestat] skip orientation RR
[M::process] read 542956 sequences (40000079 bp)...
[M::mem_process_seqs] Processed 543686 reads in 43.049 CPU sec, 12.871 real sec
[M::mem_pestat] # candidate unique pairs for (FF, FR, RF, RR): (2523, 81769, 432, 2380)
[M::mem_pestat] analyzing insert size distribution for orientation FF...
[M::mem_pestat] (25, 50, 75) percentile: (446, 1020, 2133)
[M::mem_pestat] low and high boundaries for computing mean and std.dev: (1, 5507)
[M::mem_pestat] mean and std.dev: (1362.91, 1208.59)
[M::mem_pestat] low and high boundaries for proper pairs: (1, 7194)
[M::mem_pestat] analyzing insert size distribution for orientation FR...
[M::mem_pestat] (25, 50, 75) percentile: (110, 184, 320)
[M::mem_pestat] low and high boundaries for computing mean and std.dev: (1, 740)
[M::mem_pestat] mean and std.dev: (226.17, 155.90)
[M::mem_pestat] low and high boundaries for proper pairs: (1, 950)
[M::mem_pestat] analyzing insert size distribution for orientation RF...
[M::mem_pestat] (25, 50, 75) percentile: (989, 2321, 3964)
[M::mem_pestat] low and high boundaries for computing mean and std.dev: (1, 9914)
[M::mem_pestat] mean and std.dev: (2849.82, 2290.60)
[M::mem_pestat] low and high boundaries for proper pairs: (1, 12889)
[M::mem_pestat] analyzing insert size distribution for orientation RR...
[M::mem_pestat] (25, 50, 75) percentile: (424, 1023, 2088)
[M::mem_pestat] low and high boundaries for computing mean and std.dev: (1, 5416)
[M::mem_pestat] mean and std.dev: (1336.76, 1189.65)
[M::mem_pestat] low and high boundaries for proper pairs: (1, 7080)
[M::mem_pestat] skip orientation FF
[M::mem_pestat] skip orientation RF
[M::mem_pestat] skip orientation RR
[M::mem_process_seqs] Processed 542956 reads in 37.872 CPU sec, 11.434 real sec
[M::process] read 542888 sequences (40000018 bp)...
[M::mem_pestat] # candidate unique pairs for (FF, FR, RF, RR): (2539, 81620, 483, 2444)
[M::mem_pestat] analyzing insert size distribution for orientation FF...
[M::mem_pestat] (25, 50, 75) percentile: (435, 991, 2116)
[M::mem_pestat] low and high boundaries for computing mean and std.dev: (1, 5478)
[M::mem_pestat] mean and std.dev: (1360.52, 1223.75)
[M::mem_pestat] low and high boundaries for proper pairs: (1, 7159)
[M::mem_pestat] analyzing insert size distribution for orientation FR...
[M::mem_pestat] (25, 50, 75) percentile: (110, 187, 326)
[M::mem_pestat] low and high boundaries for computing mean and std.dev: (1, 758)
[M::mem_pestat] mean and std.dev: (229.29, 159.48)
[M::mem_pestat] low and high boundaries for proper pairs: (1, 974)
[M::mem_pestat] analyzing insert size distribution for orientation RF...
[M::mem_pestat] (25, 50, 75) percentile: (1149, 2386, 4281)
[M::mem_pestat] low and high boundaries for computing mean and std.dev: (1, 10545)
[M::mem_pestat] mean and std.dev: (2925.23, 2235.23)
[M::mem_pestat] low and high boundaries for proper pairs: (1, 13677)
[M::mem_pestat] analyzing insert size distribution for orientation RR...
[M::mem_pestat] (25, 50, 75) percentile: (465, 1089, 2073)
[M::mem_pestat] low and high boundaries for computing mean and std.dev: (1, 5289)
[M::mem_pestat] mean and std.dev: (1342.18, 1129.72)
[M::mem_pestat] low and high boundaries for proper pairs: (1, 6897)
[M::mem_pestat] skip orientation FF
[M::mem_pestat] skip orientation RF
[M::mem_pestat] skip orientation RR
[M::process] read 542868 sequences (40000056 bp)...
[M::mem_process_seqs] Processed 542888 reads in 43.672 CPU sec, 13.210 real sec
[M::mem_pestat] # candidate unique pairs for (FF, FR, RF, RR): (2591, 81563, 433, 2475)
[M::mem_pestat] analyzing insert size distribution for orientation FF...
[M::mem_pestat] (25, 50, 75) percentile: (419, 950, 2024)
[M::mem_pestat] low and high boundaries for computing mean and std.dev: (1, 5234)
[M::mem_pestat] mean and std.dev: (1300.41, 1151.74)
[M::mem_pestat] low and high boundaries for proper pairs: (1, 6839)
[M::mem_pestat] analyzing insert size distribution for orientation FR...
[M::mem_pestat] (25, 50, 75) percentile: (111, 187, 328)
[M::mem_pestat] low and high boundaries for computing mean and std.dev: (1, 762)
[M::mem_pestat] mean and std.dev: (230.33, 160.38)
[M::mem_pestat] low and high boundaries for proper pairs: (1, 979)
[M::mem_pestat] analyzing insert size distribution for orientation RF...
[M::mem_pestat] (25, 50, 75) percentile: (977, 2323, 4068)
[M::mem_pestat] low and high boundaries for computing mean and std.dev: (1, 10250)
[M::mem_pestat] mean and std.dev: (2836.11, 2295.50)
[M::mem_pestat] low and high boundaries for proper pairs: (1, 13341)
[M::mem_pestat] analyzing insert size distribution for orientation RR...
[M::mem_pestat] (25, 50, 75) percentile: (458, 1086, 2133)
[M::mem_pestat] low and high boundaries for computing mean and std.dev: (1, 5483)
[M::mem_pestat] mean and std.dev: (1407.04, 1231.27)
[M::mem_pestat] low and high boundaries for proper pairs: (1, 7158)
[M::mem_pestat] skip orientation FF
[M::mem_pestat] skip orientation RF
[M::mem_pestat] skip orientation RR
[M::process] read 542598 sequences (40000137 bp)...
[M::mem_process_seqs] Processed 542868 reads in 36.654 CPU sec, 11.035 real sec
[M::mem_pestat] # candidate unique pairs for (FF, FR, RF, RR): (2485, 82153, 438, 2473)
[M::mem_pestat] analyzing insert size distribution for orientation FF...
[M::mem_pestat] (25, 50, 75) percentile: (450, 1032, 2151)
[M::mem_pestat] low and high boundaries for computing mean and std.dev: (1, 5553)
[M::mem_pestat] mean and std.dev: (1404.65, 1245.38)
[M::mem_pestat] low and high boundaries for proper pairs: (1, 7254)
[M::mem_pestat] analyzing insert size distribution for orientation FR...
[M::mem_pestat] (25, 50, 75) percentile: (110, 185, 327)
[M::mem_pestat] low and high boundaries for computing mean and std.dev: (1, 761)
[M::mem_pestat] mean and std.dev: (229.25, 159.76)
[M::mem_pestat] low and high boundaries for proper pairs: (1, 978)
[M::mem_pestat] analyzing insert size distribution for orientation RF...
[M::mem_pestat] (25, 50, 75) percentile: (863, 2018, 3730)
[M::mem_pestat] low and high boundaries for computing mean and std.dev: (1, 9464)
[M::mem_pestat] mean and std.dev: (2554.70, 2139.19)
[M::mem_pestat] low and high boundaries for proper pairs: (1, 12331)
[M::mem_pestat] analyzing insert size distribution for orientation RR...
[M::mem_pestat] (25, 50, 75) percentile: (433, 1025, 2058)
[M::mem_pestat] low and high boundaries for computing mean and std.dev: (1, 5308)
[M::mem_pestat] mean and std.dev: (1340.67, 1174.40)
[M::mem_pestat] low and high boundaries for proper pairs: (1, 6933)
[M::mem_pestat] skip orientation FF
[M::mem_pestat] skip orientation RF
[M::mem_pestat] skip orientation RR
[M::process] read 542514 sequences (40000032 bp)...
[M::mem_process_seqs] Processed 542598 reads in 37.299 CPU sec, 11.298 real sec
[M::mem_pestat] # candidate unique pairs for (FF, FR, RF, RR): (2592, 81708, 452, 2504)
[M::mem_pestat] analyzing insert size distribution for orientation FF...
[M::mem_pestat] (25, 50, 75) percentile: (415, 1050, 2076)
[M::mem_pestat] low and high boundaries for computing mean and std.dev: (1, 5398)
[M::mem_pestat] mean and std.dev: (1347.03, 1189.46)
[M::mem_pestat] low and high boundaries for proper pairs: (1, 7059)
[M::mem_pestat] analyzing insert size distribution for orientation FR...
[M::mem_pestat] (25, 50, 75) percentile: (111, 189, 329)
[M::mem_pestat] low and high boundaries for computing mean and std.dev: (1, 765)
[M::mem_pestat] mean and std.dev: (232.29, 161.06)
[M::mem_pestat] low and high boundaries for proper pairs: (1, 983)
[M::mem_pestat] analyzing insert size distribution for orientation RF...
[M::mem_pestat] (25, 50, 75) percentile: (1010, 2218, 4025)
[M::mem_pestat] low and high boundaries for computing mean and std.dev: (1, 10055)
[M::mem_pestat] mean and std.dev: (2801.96, 2226.40)
[M::mem_pestat] low and high boundaries for proper pairs: (1, 13070)
[M::mem_pestat] analyzing insert size distribution for orientation RR...
[M::mem_pestat] (25, 50, 75) percentile: (450, 1044, 2061)
[M::mem_pestat] low and high boundaries for computing mean and std.dev: (1, 5283)
[M::mem_pestat] mean and std.dev: (1350.13, 1163.97)
[M::mem_pestat] low and high boundaries for proper pairs: (1, 6894)
[M::mem_pestat] skip orientation FF
[M::mem_pestat] skip orientation RF
[M::mem_pestat] skip orientation RR
[M::process] read 542334 sequences (40000139 bp)...
[M::mem_process_seqs] Processed 542514 reads in 43.068 CPU sec, 13.026 real sec
[M::mem_pestat] # candidate unique pairs for (FF, FR, RF, RR): (2548, 81728, 465, 2499)
[M::mem_pestat] analyzing insert size distribution for orientation FF...
[M::mem_pestat] (25, 50, 75) percentile: (418, 981, 2019)
[M::mem_pestat] low and high boundaries for computing mean and std.dev: (1, 5221)
[M::mem_pestat] mean and std.dev: (1291.37, 1126.05)
[M::mem_pestat] low and high boundaries for proper pairs: (1, 6822)
[M::mem_pestat] analyzing insert size distribution for orientation FR...
[M::mem_pestat] (25, 50, 75) percentile: (112, 188, 330)
[M::mem_pestat] low and high boundaries for computing mean and std.dev: (1, 766)
[M::mem_pestat] mean and std.dev: (232.22, 161.40)
[M::mem_pestat] low and high boundaries for proper pairs: (1, 984)
[M::mem_pestat] analyzing insert size distribution for orientation RF...
[M::mem_pestat] (25, 50, 75) percentile: (1072, 2148, 3988)
[M::mem_pestat] low and high boundaries for computing mean and std.dev: (1, 9820)
[M::mem_pestat] mean and std.dev: (2801.61, 2277.62)
[M::mem_pestat] low and high boundaries for proper pairs: (1, 12736)
[M::mem_pestat] analyzing insert size distribution for orientation RR...
[M::mem_pestat] (25, 50, 75) percentile: (441, 990, 2023)
[M::mem_pestat] low and high boundaries for computing mean and std.dev: (1, 5187)
[M::mem_pestat] mean and std.dev: (1323.00, 1151.52)
[M::mem_pestat] low and high boundaries for proper pairs: (1, 6769)
[M::mem_pestat] skip orientation FF
[M::mem_pestat] skip orientation RF
[M::mem_pestat] skip orientation RR
[M::process] read 541906 sequences (40000133 bp)...
[M::mem_process_seqs] Processed 542334 reads in 41.988 CPU sec, 12.584 real sec
[M::mem_pestat] # candidate unique pairs for (FF, FR, RF, RR): (2574, 81587, 443, 2611)
[M::mem_pestat] analyzing insert size distribution for orientation FF...
[M::mem_pestat] (25, 50, 75) percentile: (429, 1024, 2099)
[M::mem_pestat] low and high boundaries for computing mean and std.dev: (1, 5439)
[M::mem_pestat] mean and std.dev: (1372.16, 1214.13)
[M::mem_pestat] low and high boundaries for proper pairs: (1, 7109)
[M::mem_pestat] analyzing insert size distribution for orientation FR...
[M::mem_pestat] (25, 50, 75) percentile: (112, 188, 329)
[M::mem_pestat] low and high boundaries for computing mean and std.dev: (1, 763)
[M::mem_pestat] mean and std.dev: (231.96, 160.27)
[M::mem_pestat] low and high boundaries for proper pairs: (1, 980)
[M::mem_pestat] analyzing insert size distribution for orientation RF...
[M::mem_pestat] (25, 50, 75) percentile: (1163, 2377, 4525)
[M::mem_pestat] low and high boundaries for computing mean and std.dev: (1, 11249)
[M::mem_pestat] mean and std.dev: (2980.30, 2277.34)
[M::mem_pestat] low and high boundaries for proper pairs: (1, 14611)
[M::mem_pestat] analyzing insert size distribution for orientation RR...
[M::mem_pestat] (25, 50, 75) percentile: (449, 995, 2028)
[M::mem_pestat] low and high boundaries for computing mean and std.dev: (1, 5186)
[M::mem_pestat] mean and std.dev: (1323.25, 1157.47)
[M::mem_pestat] low and high boundaries for proper pairs: (1, 6765)
[M::mem_pestat] skip orientation FF
[M::mem_pestat] skip orientation RF
[M::mem_pestat] skip orientation RR
[M::process] read 187326 sequences (13831211 bp)...
[M::mem_process_seqs] Processed 541906 reads in 39.585 CPU sec, 11.940 real sec
[M::mem_pestat] # candidate unique pairs for (FF, FR, RF, RR): (884, 28402, 191, 840)
[M::mem_pestat] analyzing insert size distribution for orientation FF...
[M::mem_pestat] (25, 50, 75) percentile: (410, 1014, 2208)
[M::mem_pestat] low and high boundaries for computing mean and std.dev: (1, 5804)
[M::mem_pestat] mean and std.dev: (1410.13, 1267.08)
[M::mem_pestat] low and high boundaries for proper pairs: (1, 7602)
[M::mem_pestat] analyzing insert size distribution for orientation FR...
[M::mem_pestat] (25, 50, 75) percentile: (113, 188, 330)
[M::mem_pestat] low and high boundaries for computing mean and std.dev: (1, 764)
[M::mem_pestat] mean and std.dev: (231.88, 160.09)
[M::mem_pestat] low and high boundaries for proper pairs: (1, 981)
[M::mem_pestat] analyzing insert size distribution for orientation RF...
[M::mem_pestat] (25, 50, 75) percentile: (1054, 2288, 3878)
[M::mem_pestat] low and high boundaries for computing mean and std.dev: (1, 9526)
[M::mem_pestat] mean and std.dev: (2681.45, 2133.79)
[M::mem_pestat] low and high boundaries for proper pairs: (1, 12350)
[M::mem_pestat] analyzing insert size distribution for orientation RR...
[M::mem_pestat] (25, 50, 75) percentile: (459, 1092, 2083)
[M::mem_pestat] low and high boundaries for computing mean and std.dev: (1, 5331)
[M::mem_pestat] mean and std.dev: (1385.19, 1181.27)
[M::mem_pestat] low and high boundaries for proper pairs: (1, 6955)
[M::mem_pestat] skip orientation FF
[M::mem_pestat] skip orientation RF
[M::mem_pestat] skip orientation RR
[M::mem_process_seqs] Processed 187326 reads in 11.856 CPU sec, 3.813 real sec
[main] Version: 0.7.12-r1039
[main] CMD: /home/elon/biosoft/bwa/0.7.12/bwa mem -t 4 -R @RG\tID:SRR3226041\tPL:illumina\tSM:E.coli_K12_SRR3226041 /home/elon/wgs/input/fasta/E.coli_K12_MG1655.fa SRR3226041_1.fastq.gz SRR3226041_2.fastq.gz
[main] Real time: 170.367 sec; CPU: 555.885 sec

real	2m50.643s
user	10m47.207s
sys	0m7.717s

real	0m36.916s
user	1m35.204s
sys	0m3.163s
Using GATK jar /home/elon/biosoft/gatk/4.0/gatk-package-4.0.2.1-local.jar
Running:
    java -Dsamjdk.use_async_io_read_samtools=false -Dsamjdk.use_async_io_write_samtools=true -Dsamjdk.use_async_io_write_tribble=false -Dsamjdk.compression_level=1 -jar /home/elon/biosoft/gatk/4.0/gatk-package-4.0.2.1-local.jar MarkDuplicates -I SRR3226041.sorted.bam -O SRR3226041.sorted.markdup.bam -M SRR3226041.sorted.markup_metrics.txt
22:36:45.357 INFO  NativeLibraryLoader - Loading libgkl_compression.so from jar:file:/home/elon/biosoft/gatk/4.0/gatk-package-4.0.2.1-local.jar!/com/intel/gkl/native/libgkl_compression.so
[Wed Apr 11 22:36:45 CST 2018] MarkDuplicates  --INPUT SRR3226041.sorted.bam --OUTPUT SRR3226041.sorted.markdup.bam --METRICS_FILE SRR3226041.sorted.markup_metrics.txt  --MAX_SEQUENCES_FOR_DISK_READ_ENDS_MAP 50000 --MAX_FILE_HANDLES_FOR_READ_ENDS_MAP 8000 --SORTING_COLLECTION_SIZE_RATIO 0.25 --TAG_DUPLICATE_SET_MEMBERS false --REMOVE_SEQUENCING_DUPLICATES false --TAGGING_POLICY DontTag --CLEAR_DT true --ADD_PG_TAG_TO_READS true --REMOVE_DUPLICATES false --ASSUME_SORTED false --DUPLICATE_SCORING_STRATEGY SUM_OF_BASE_QUALITIES --PROGRAM_RECORD_ID MarkDuplicates --PROGRAM_GROUP_NAME MarkDuplicates --READ_NAME_REGEX <optimized capture of last three ':' separated fields as numeric values> --OPTICAL_DUPLICATE_PIXEL_DISTANCE 100 --MAX_OPTICAL_DUPLICATE_SET_SIZE 300000 --VERBOSITY INFO --QUIET false --VALIDATION_STRINGENCY STRICT --COMPRESSION_LEVEL 1 --MAX_RECORDS_IN_RAM 500000 --CREATE_INDEX false --CREATE_MD5_FILE false --GA4GH_CLIENT_SECRETS client_secrets.json --help false --version false --showHidden false --USE_JDK_DEFLATER false --USE_JDK_INFLATER false
[Wed Apr 11 22:36:45 CST 2018] Executing as elon@longsl on Linux 4.13.0-38-generic amd64; Java HotSpot(TM) 64-Bit Server VM 1.8.0_161-b12; Deflater: Intel; Inflater: Intel; Picard version: Version:4.0.2.1
INFO	2018-04-11 22:36:45	MarkDuplicates	Start of doWork freeMemory: 208514664; totalMemory: 218103808; maxMemory: 1756364800
INFO	2018-04-11 22:36:45	MarkDuplicates	Reading input file and constructing read end information.
INFO	2018-04-11 22:36:45	MarkDuplicates	Will retain up to 6363640 data points before spilling to disk.
WARNING	2018-04-11 22:36:45	AbstractOpticalDuplicateFinderCommandLineProgram	A field field parsed out of a read name was expected to contain an integer and did not. Read name: SRR3226041.203126. Cause: String 'SRR3226041.203126' did not start with a parsable number.
INFO	2018-04-11 22:36:53	MarkDuplicates	Read     1,000,000 records.  Elapsed time: 00:00:07s.  Time for last 1,000,000:    7s.  Last read position: NC_000913.3:743,836
INFO	2018-04-11 22:36:53	MarkDuplicates	Tracking 2655 as yet unmatched pairs. 2655 records in RAM.
INFO	2018-04-11 22:37:00	MarkDuplicates	Read     2,000,000 records.  Elapsed time: 00:00:14s.  Time for last 1,000,000:    6s.  Last read position: NC_000913.3:1,413,443
INFO	2018-04-11 22:37:00	MarkDuplicates	Tracking 2222 as yet unmatched pairs. 2222 records in RAM.
INFO	2018-04-11 22:37:05	MarkDuplicates	Read 2876165 records. 0 pairs never matched.
INFO	2018-04-11 22:37:05	MarkDuplicates	After buildSortedReadEndLists freeMemory: 659023488; totalMemory: 1027604480; maxMemory: 1756364800
INFO	2018-04-11 22:37:05	MarkDuplicates	Will retain up to 54886400 duplicate indices before spilling to disk.
INFO	2018-04-11 22:37:05	MarkDuplicates	Traversing read pair information and detecting duplicates.
INFO	2018-04-11 22:37:06	MarkDuplicates	Traversing fragment information and detecting duplicates.
INFO	2018-04-11 22:37:07	MarkDuplicates	Sorting list of duplicate records.
INFO	2018-04-11 22:37:07	MarkDuplicates	After generateDuplicateIndexes freeMemory: 1010155512; totalMemory: 1466957824; maxMemory: 1756364800
INFO	2018-04-11 22:37:07	MarkDuplicates	Marking 272981 records as duplicates.
INFO	2018-04-11 22:37:07	MarkDuplicates	Found 0 optical duplicate clusters.
INFO	2018-04-11 22:37:07	MarkDuplicates	Reads are assumed to be ordered by: coordinate
INFO	2018-04-11 22:37:34	MarkDuplicates	Before output close freeMemory: 1459793264; totalMemory: 1479540736; maxMemory: 1756364800
INFO	2018-04-11 22:37:34	MarkDuplicates	After output close freeMemory: 1448611192; totalMemory: 1463812096; maxMemory: 1756364800
[Wed Apr 11 22:37:34 CST 2018] picard.sam.markduplicates.MarkDuplicates done. Elapsed time: 0.82 minutes.
Runtime.totalMemory()=1463812096

real	0m54.497s
user	1m28.046s
sys	0m5.667s

real	0m8.083s
user	0m8.007s
sys	0m0.080s
Using GATK jar /home/elon/biosoft/gatk/4.0/gatk-package-4.0.2.1-local.jar
Running:
    java -Dsamjdk.use_async_io_read_samtools=false -Dsamjdk.use_async_io_write_samtools=true -Dsamjdk.use_async_io_write_tribble=false -Dsamjdk.compression_level=1 -jar /home/elon/biosoft/gatk/4.0/gatk-package-4.0.2.1-local.jar HaplotypeCaller -R /home/elon/wgs/input/fasta/E.coli_K12_MG1655.fa --emit-ref-confidence GVCF -I SRR3226041.sorted.markdup.bam -O SRR3226041.g.vcf
22:37:45.730 INFO  NativeLibraryLoader - Loading libgkl_compression.so from jar:file:/home/elon/biosoft/gatk/4.0/gatk-package-4.0.2.1-local.jar!/com/intel/gkl/native/libgkl_compression.so
22:37:45.911 INFO  HaplotypeCaller - ------------------------------------------------------------
22:37:45.911 INFO  HaplotypeCaller - The Genome Analysis Toolkit (GATK) v4.0.2.1
22:37:45.912 INFO  HaplotypeCaller - For support and documentation go to https://software.broadinstitute.org/gatk/
22:37:45.912 INFO  HaplotypeCaller - Executing as elon@longsl on Linux v4.13.0-38-generic amd64
22:37:45.912 INFO  HaplotypeCaller - Java runtime: Java HotSpot(TM) 64-Bit Server VM v1.8.0_161-b12
22:37:45.912 INFO  HaplotypeCaller - Start Date/Time: 2018年4月11日 下午10时37分45秒
22:37:45.912 INFO  HaplotypeCaller - ------------------------------------------------------------
22:37:45.912 INFO  HaplotypeCaller - ------------------------------------------------------------
22:37:45.913 INFO  HaplotypeCaller - HTSJDK Version: 2.14.3
22:37:45.913 INFO  HaplotypeCaller - Picard Version: 2.17.2
22:37:45.913 INFO  HaplotypeCaller - HTSJDK Defaults.COMPRESSION_LEVEL : 1
22:37:45.913 INFO  HaplotypeCaller - HTSJDK Defaults.USE_ASYNC_IO_READ_FOR_SAMTOOLS : false
22:37:45.913 INFO  HaplotypeCaller - HTSJDK Defaults.USE_ASYNC_IO_WRITE_FOR_SAMTOOLS : true
22:37:45.913 INFO  HaplotypeCaller - HTSJDK Defaults.USE_ASYNC_IO_WRITE_FOR_TRIBBLE : false
22:37:45.913 INFO  HaplotypeCaller - Deflater: IntelDeflater
22:37:45.914 INFO  HaplotypeCaller - Inflater: IntelInflater
22:37:45.914 INFO  HaplotypeCaller - GCS max retries/reopens: 20
22:37:45.914 INFO  HaplotypeCaller - Using google-cloud-java patch 6d11bef1c81f885c26b2b56c8616b7a705171e4f from https://github.com/droazen/google-cloud-java/tree/dr_all_nio_fixes
22:37:45.914 INFO  HaplotypeCaller - Initializing engine
22:37:46.417 INFO  HaplotypeCaller - Done initializing engine
22:37:46.422 INFO  HaplotypeCallerEngine - Standard Emitting and Calling confidence set to 0.0 for reference-model confidence output
22:37:46.422 INFO  HaplotypeCallerEngine - All sites annotated with PLs forced to true for reference-model confidence output
22:37:47.139 INFO  NativeLibraryLoader - Loading libgkl_utils.so from jar:file:/home/elon/biosoft/gatk/4.0/gatk-package-4.0.2.1-local.jar!/com/intel/gkl/native/libgkl_utils.so
22:37:47.159 INFO  NativeLibraryLoader - Loading libgkl_pairhmm_omp.so from jar:file:/home/elon/biosoft/gatk/4.0/gatk-package-4.0.2.1-local.jar!/com/intel/gkl/native/libgkl_pairhmm_omp.so
22:37:47.223 WARN  IntelPairHmm - Flush-to-zero (FTZ) is enabled when running PairHMM
22:37:47.223 INFO  IntelPairHmm - Available threads: 4
22:37:47.223 INFO  IntelPairHmm - Requested threads: 4
22:37:47.224 INFO  PairHMM - Using the OpenMP multi-threaded AVX-accelerated native PairHMM implementation
22:37:47.293 INFO  ProgressMeter - Starting traversal
22:37:47.293 INFO  ProgressMeter -        Current Locus  Elapsed Minutes     Regions Processed   Regions/Minute
22:37:57.319 INFO  ProgressMeter -    NC_000913.3:45202              0.2                   190           1137.3
22:37:59.717 WARN  DepthPerSampleHC - Annotation will not be calculated, genotype is not called or alleleLikelihoodMap is null
22:37:59.717 WARN  StrandBiasBySample - Annotation will not be calculated, genotype is not called or alleleLikelihoodMap is null
22:38:07.371 INFO  ProgressMeter -   NC_000913.3:158304              0.3                   670           2002.4
22:38:21.590 INFO  ProgressMeter -   NC_000913.3:225985              0.6                   970           1697.0
22:38:33.345 INFO  ProgressMeter -   NC_000913.3:227545              0.8                   980           1276.9
22:39:05.558 INFO  ProgressMeter -   NC_000913.3:228805              1.3                   990            759.0
22:39:15.668 INFO  ProgressMeter -   NC_000913.3:260675              1.5                  1120            760.4
22:39:33.118 INFO  ProgressMeter -   NC_000913.3:266575              1.8                  1150            652.0
22:39:44.902 INFO  ProgressMeter -   NC_000913.3:272047              2.0                  1180            602.0
22:39:55.079 INFO  ProgressMeter -   NC_000913.3:473906              2.1                  2010            943.8
22:40:05.181 INFO  ProgressMeter -   NC_000913.3:583587              2.3                  2450           1066.1
22:40:15.640 INFO  ProgressMeter -   NC_000913.3:729700              2.5                  3060           1237.7
22:40:26.745 INFO  ProgressMeter -   NC_000913.3:735220              2.7                  3100           1166.5
22:40:36.857 INFO  ProgressMeter -   NC_000913.3:757021              2.8                  3190           1128.8
22:40:46.911 INFO  ProgressMeter -   NC_000913.3:845247              3.0                  3570           1192.6
22:40:56.914 INFO  ProgressMeter -   NC_000913.3:935321              3.2                  3930           1243.5
22:41:06.996 INFO  ProgressMeter -  NC_000913.3:1090881              3.3                  4570           1373.1
22:41:18.868 INFO  ProgressMeter -  NC_000913.3:1209532              3.5                  5050           1432.1
22:41:31.342 INFO  ProgressMeter -  NC_000913.3:1225502              3.7                  5110           1368.5
22:41:41.520 INFO  ProgressMeter -  NC_000913.3:1394691              3.9                  5810           1488.3
22:41:55.290 INFO  ProgressMeter -  NC_000913.3:1479175              4.1                  6140           1485.5
22:42:05.461 INFO  ProgressMeter -  NC_000913.3:1533632              4.3                  6350           1475.8
22:42:15.506 INFO  ProgressMeter -  NC_000913.3:1641696              4.5                  6780           1516.7
22:42:25.369 INFO  HaplotypeCaller - 437037 read(s) filtered by: ((((((((MappingQualityReadFilter AND MappingQualityAvailableReadFilter) AND MappedReadFilter) AND NotSecondaryAlignmentReadFilter) AND NotDuplicateReadFilter) AND PassesVendorQualityCheckReadFilter) AND NonZeroReferenceLengthAlignmentReadFilter) AND GoodCigarReadFilter) AND WellformedReadFilter)
  437037 read(s) filtered by: (((((((MappingQualityReadFilter AND MappingQualityAvailableReadFilter) AND MappedReadFilter) AND NotSecondaryAlignmentReadFilter) AND NotDuplicateReadFilter) AND PassesVendorQualityCheckReadFilter) AND NonZeroReferenceLengthAlignmentReadFilter) AND GoodCigarReadFilter)
      437037 read(s) filtered by: ((((((MappingQualityReadFilter AND MappingQualityAvailableReadFilter) AND MappedReadFilter) AND NotSecondaryAlignmentReadFilter) AND NotDuplicateReadFilter) AND PassesVendorQualityCheckReadFilter) AND NonZeroReferenceLengthAlignmentReadFilter)
          437037 read(s) filtered by: (((((MappingQualityReadFilter AND MappingQualityAvailableReadFilter) AND MappedReadFilter) AND NotSecondaryAlignmentReadFilter) AND NotDuplicateReadFilter) AND PassesVendorQualityCheckReadFilter)
              437037 read(s) filtered by: ((((MappingQualityReadFilter AND MappingQualityAvailableReadFilter) AND MappedReadFilter) AND NotSecondaryAlignmentReadFilter) AND NotDuplicateReadFilter)
                  191745 read(s) filtered by: (((MappingQualityReadFilter AND MappingQualityAvailableReadFilter) AND MappedReadFilter) AND NotSecondaryAlignmentReadFilter)
                      191745 read(s) filtered by: ((MappingQualityReadFilter AND MappingQualityAvailableReadFilter) AND MappedReadFilter)
                          191745 read(s) filtered by: (MappingQualityReadFilter AND MappingQualityAvailableReadFilter)
                              191745 read(s) filtered by: MappingQualityReadFilter 
                  245292 read(s) filtered by: NotDuplicateReadFilter 

22:42:25.369 INFO  ProgressMeter -  NC_000913.3:1769295              4.6                  7290           1573.0
22:42:25.369 INFO  ProgressMeter - Traversal complete. Processed 7290 total regions in 4.6 minutes.
22:42:25.391 INFO  VectorLoglessPairHMM - Time spent in setup for JNI call : 0.20106480100000002
22:42:25.391 INFO  PairHMM - Total compute time in PairHMM computeLogLikelihoods() : 89.920678221
22:42:25.392 INFO  SmithWatermanAligner - Total compute time in java Smith-Waterman : 30.61 sec
22:42:25.392 INFO  HaplotypeCaller - Shutting down engine
[2018年4月11日 下午10时42分25秒] org.broadinstitute.hellbender.tools.walkers.haplotypecaller.HaplotypeCaller done. Elapsed time: 4.66 minutes.
Runtime.totalMemory()=739770368

real	4m42.879s
user	10m16.714s
sys	0m1.496s
18/04/11 22:42:26 WARN util.NativeCodeLoader: Unable to load native-hadoop library for your platform... using builtin-java classes where applicable
