18/04/05 19:01:09 WARN util.NativeCodeLoader: Unable to load native-hadoop library for your platform... using builtin-java classes where applicable
get: `SRR1770413_1.fastq.gz': File exists
18/04/05 19:01:11 WARN util.NativeCodeLoader: Unable to load native-hadoop library for your platform... using builtin-java classes where applicable
get: `SRR1770413_2.fastq.gz': File exists
[M::bwa_idx_load_from_disk] read 0 ALT contigs
[M::process] read 132892 sequences (40000492 bp)...
[M::process] read 132892 sequences (40000492 bp)...
[M::mem_pestat] # candidate unique pairs for (FF, FR, RF, RR): (2, 17629, 0, 3)
[M::mem_pestat] skip orientation FF as there are not enough pairs
[M::mem_pestat] analyzing insert size distribution for orientation FR...
[M::mem_pestat] (25, 50, 75) percentile: (515, 579, 640)
[M::mem_pestat] low and high boundaries for computing mean and std.dev: (265, 890)
[M::mem_pestat] mean and std.dev: (575.94, 102.19)
[M::mem_pestat] low and high boundaries for proper pairs: (140, 1015)
[M::mem_pestat] skip orientation RF as there are not enough pairs
[M::mem_pestat] skip orientation RR as there are not enough pairs
[M::mem_process_seqs] Processed 132892 reads in 39.884 CPU sec, 10.106 real sec
[M::process] read 132892 sequences (40000492 bp)...
[M::mem_pestat] # candidate unique pairs for (FF, FR, RF, RR): (0, 17820, 0, 0)
[M::mem_pestat] skip orientation FF as there are not enough pairs
[M::mem_pestat] analyzing insert size distribution for orientation FR...
[M::mem_pestat] (25, 50, 75) percentile: (514, 579, 641)
[M::mem_pestat] low and high boundaries for computing mean and std.dev: (260, 895)
[M::mem_pestat] mean and std.dev: (575.25, 105.13)
[M::mem_pestat] low and high boundaries for proper pairs: (133, 1022)
[M::mem_pestat] skip orientation RF as there are not enough pairs
[M::mem_pestat] skip orientation RR as there are not enough pairs
[M::mem_process_seqs] Processed 132892 reads in 40.815 CPU sec, 12.947 real sec
[M::process] read 132892 sequences (40000492 bp)...
[M::mem_pestat] # candidate unique pairs for (FF, FR, RF, RR): (1, 17852, 0, 0)
[M::mem_pestat] skip orientation FF as there are not enough pairs
[M::mem_pestat] analyzing insert size distribution for orientation FR...
[M::mem_pestat] (25, 50, 75) percentile: (513, 579, 640)
[M::mem_pestat] low and high boundaries for computing mean and std.dev: (259, 894)
[M::mem_pestat] mean and std.dev: (574.03, 104.18)
[M::mem_pestat] low and high boundaries for proper pairs: (132, 1021)
[M::mem_pestat] skip orientation RF as there are not enough pairs
[M::mem_pestat] skip orientation RR as there are not enough pairs
[M::mem_process_seqs] Processed 132892 reads in 40.198 CPU sec, 12.065 real sec
[M::process] read 132892 sequences (40000492 bp)...
[M::mem_pestat] # candidate unique pairs for (FF, FR, RF, RR): (4, 17758, 0, 1)
[M::mem_pestat] skip orientation FF as there are not enough pairs
[M::mem_pestat] analyzing insert size distribution for orientation FR...
[M::mem_pestat] (25, 50, 75) percentile: (514, 579, 640)
[M::mem_pestat] low and high boundaries for computing mean and std.dev: (262, 892)
[M::mem_pestat] mean and std.dev: (574.33, 104.85)
[M::mem_pestat] low and high boundaries for proper pairs: (136, 1018)
[M::mem_pestat] skip orientation RF as there are not enough pairs
[M::mem_pestat] skip orientation RR as there are not enough pairs
[M::mem_process_seqs] Processed 132892 reads in 40.276 CPU sec, 11.688 real sec
[M::process] read 132892 sequences (40000492 bp)...
[M::mem_pestat] # candidate unique pairs for (FF, FR, RF, RR): (3, 17783, 1, 4)
[M::mem_pestat] skip orientation FF as there are not enough pairs
[M::mem_pestat] analyzing insert size distribution for orientation FR...
[M::mem_pestat] (25, 50, 75) percentile: (516, 579, 640)
[M::mem_pestat] low and high boundaries for computing mean and std.dev: (268, 888)
[M::mem_pestat] mean and std.dev: (575.81, 102.66)
[M::mem_pestat] low and high boundaries for proper pairs: (144, 1012)
[M::mem_pestat] skip orientation RF as there are not enough pairs
[M::mem_pestat] skip orientation RR as there are not enough pairs
[M::mem_process_seqs] Processed 132892 reads in 40.268 CPU sec, 11.496 real sec
[M::process] read 132892 sequences (40000492 bp)...
[M::mem_pestat] # candidate unique pairs for (FF, FR, RF, RR): (2, 17927, 0, 0)
[M::mem_pestat] skip orientation FF as there are not enough pairs
[M::mem_pestat] analyzing insert size distribution for orientation FR...
[M::mem_pestat] (25, 50, 75) percentile: (515, 579, 643)
[M::mem_pestat] low and high boundaries for computing mean and std.dev: (259, 899)
[M::mem_pestat] mean and std.dev: (576.21, 105.48)
[M::mem_pestat] low and high boundaries for proper pairs: (131, 1027)
[M::mem_pestat] skip orientation RF as there are not enough pairs
[M::mem_pestat] skip orientation RR as there are not enough pairs
[M::mem_process_seqs] Processed 132892 reads in 40.449 CPU sec, 11.540 real sec
[M::process] read 132892 sequences (40000492 bp)...
[M::mem_pestat] # candidate unique pairs for (FF, FR, RF, RR): (2, 17945, 0, 1)
[M::mem_pestat] skip orientation FF as there are not enough pairs
[M::mem_pestat] analyzing insert size distribution for orientation FR...
[M::mem_pestat] (25, 50, 75) percentile: (517, 582, 642)
[M::mem_pestat] low and high boundaries for computing mean and std.dev: (267, 892)
[M::mem_pestat] mean and std.dev: (577.15, 103.95)
[M::mem_pestat] low and high boundaries for proper pairs: (142, 1017)
[M::mem_pestat] skip orientation RF as there are not enough pairs
[M::mem_pestat] skip orientation RR as there are not enough pairs
[M::mem_process_seqs] Processed 132892 reads in 40.389 CPU sec, 11.562 real sec
[M::process] read 132892 sequences (40000492 bp)...
[M::mem_pestat] # candidate unique pairs for (FF, FR, RF, RR): (2, 18129, 0, 4)
[M::mem_pestat] skip orientation FF as there are not enough pairs
[M::mem_pestat] analyzing insert size distribution for orientation FR...
[M::mem_pestat] (25, 50, 75) percentile: (517, 580, 642)
[M::mem_pestat] low and high boundaries for computing mean and std.dev: (267, 892)
[M::mem_pestat] mean and std.dev: (576.20, 103.00)
[M::mem_pestat] low and high boundaries for proper pairs: (142, 1017)
[M::mem_pestat] skip orientation RF as there are not enough pairs
[M::mem_pestat] skip orientation RR as there are not enough pairs
[M::mem_process_seqs] Processed 132892 reads in 40.485 CPU sec, 11.580 real sec
[M::process] read 90478 sequences (27233878 bp)...
[M::mem_pestat] # candidate unique pairs for (FF, FR, RF, RR): (2, 18180, 0, 1)
[M::mem_pestat] skip orientation FF as there are not enough pairs
[M::mem_pestat] analyzing insert size distribution for orientation FR...
[M::mem_pestat] (25, 50, 75) percentile: (515, 580, 642)
[M::mem_pestat] low and high boundaries for computing mean and std.dev: (261, 896)
[M::mem_pestat] mean and std.dev: (575.72, 104.61)
[M::mem_pestat] low and high boundaries for proper pairs: (134, 1023)
[M::mem_pestat] skip orientation RF as there are not enough pairs
[M::mem_pestat] skip orientation RR as there are not enough pairs
[M::mem_process_seqs] Processed 132892 reads in 40.116 CPU sec, 11.499 real sec
[M::mem_pestat] # candidate unique pairs for (FF, FR, RF, RR): (0, 12357, 0, 0)
[M::mem_pestat] skip orientation FF as there are not enough pairs
[M::mem_pestat] analyzing insert size distribution for orientation FR...
[M::mem_pestat] (25, 50, 75) percentile: (517, 579, 641)
[M::mem_pestat] low and high boundaries for computing mean and std.dev: (269, 889)
[M::mem_pestat] mean and std.dev: (576.19, 102.48)
[M::mem_pestat] low and high boundaries for proper pairs: (145, 1013)
[M::mem_pestat] skip orientation RF as there are not enough pairs
[M::mem_pestat] skip orientation RR as there are not enough pairs
[M::mem_process_seqs] Processed 90478 reads in 27.112 CPU sec, 8.198 real sec
[main] Version: 0.7.12-r1039
[main] CMD: /home/elon/biosoft/bwa/0.7.12/bwa mem -t 4 -R @RG\tID:foo\tPL:illumina\tSM:E.coli_K12 /home/elon/wgs/input/fasta/E.coli_K12_MG1655.fa SRR1770413_1.fastq.gz SRR1770413_2.fastq.gz
[main] Real time: 115.862 sec; CPU: 390.724 sec

real	1m56.373s
user	7m17.164s
sys	0m3.067s

real	0m16.948s
user	0m44.391s
sys	0m0.500s
Using GATK jar /home/elon/biosoft/gatk/4.0/gatk-package-4.0.2.1-local.jar
Running:
    java -Dsamjdk.use_async_io_read_samtools=false -Dsamjdk.use_async_io_write_samtools=true -Dsamjdk.use_async_io_write_tribble=false -Dsamjdk.compression_level=1 -jar /home/elon/biosoft/gatk/4.0/gatk-package-4.0.2.1-local.jar MarkDuplicates -I SRR1770413.sorted.bam -O SRR1770413.sorted.markdup.bam -M SRR1770413.sorted.markup_metrics.txt
19:03:27.918 INFO  NativeLibraryLoader - Loading libgkl_compression.so from jar:file:/home/elon/biosoft/gatk/4.0/gatk-package-4.0.2.1-local.jar!/com/intel/gkl/native/libgkl_compression.so
[Thu Apr 05 19:03:27 CST 2018] MarkDuplicates  --INPUT SRR1770413.sorted.bam --OUTPUT SRR1770413.sorted.markdup.bam --METRICS_FILE SRR1770413.sorted.markup_metrics.txt  --MAX_SEQUENCES_FOR_DISK_READ_ENDS_MAP 50000 --MAX_FILE_HANDLES_FOR_READ_ENDS_MAP 8000 --SORTING_COLLECTION_SIZE_RATIO 0.25 --TAG_DUPLICATE_SET_MEMBERS false --REMOVE_SEQUENCING_DUPLICATES false --TAGGING_POLICY DontTag --CLEAR_DT true --ADD_PG_TAG_TO_READS true --REMOVE_DUPLICATES false --ASSUME_SORTED false --DUPLICATE_SCORING_STRATEGY SUM_OF_BASE_QUALITIES --PROGRAM_RECORD_ID MarkDuplicates --PROGRAM_GROUP_NAME MarkDuplicates --READ_NAME_REGEX <optimized capture of last three ':' separated fields as numeric values> --OPTICAL_DUPLICATE_PIXEL_DISTANCE 100 --MAX_OPTICAL_DUPLICATE_SET_SIZE 300000 --VERBOSITY INFO --QUIET false --VALIDATION_STRINGENCY STRICT --COMPRESSION_LEVEL 1 --MAX_RECORDS_IN_RAM 500000 --CREATE_INDEX false --CREATE_MD5_FILE false --GA4GH_CLIENT_SECRETS client_secrets.json --help false --version false --showHidden false --USE_JDK_DEFLATER false --USE_JDK_INFLATER false
[Thu Apr 05 19:03:27 CST 2018] Executing as elon@longsl on Linux 4.13.0-36-generic amd64; Java HotSpot(TM) 64-Bit Server VM 1.8.0_161-b12; Deflater: Intel; Inflater: Intel; Picard version: Version:4.0.2.1
INFO	2018-04-05 19:03:27	MarkDuplicates	Start of doWork freeMemory: 176997672; totalMemory: 186122240; maxMemory: 1756364800
INFO	2018-04-05 19:03:27	MarkDuplicates	Reading input file and constructing read end information.
INFO	2018-04-05 19:03:27	MarkDuplicates	Will retain up to 6363640 data points before spilling to disk.
WARNING	2018-04-05 19:03:28	AbstractOpticalDuplicateFinderCommandLineProgram	A field field parsed out of a read name was expected to contain an integer and did not. Read name: SRR1770413.4997. Cause: String 'SRR1770413.4997' did not start with a parsable number.
INFO	2018-04-05 19:03:31	MarkDuplicates	Read 386444 records. 0 pairs never matched.
INFO	2018-04-05 19:03:32	MarkDuplicates	After buildSortedReadEndLists freeMemory: 454500664; totalMemory: 559415296; maxMemory: 1756364800
INFO	2018-04-05 19:03:32	MarkDuplicates	Will retain up to 54886400 duplicate indices before spilling to disk.
INFO	2018-04-05 19:03:32	MarkDuplicates	Traversing read pair information and detecting duplicates.
INFO	2018-04-05 19:03:32	MarkDuplicates	Traversing fragment information and detecting duplicates.
INFO	2018-04-05 19:03:32	MarkDuplicates	Sorting list of duplicate records.
INFO	2018-04-05 19:03:32	MarkDuplicates	After generateDuplicateIndexes freeMemory: 545760384; totalMemory: 998768640; maxMemory: 1756364800
INFO	2018-04-05 19:03:32	MarkDuplicates	Marking 9931 records as duplicates.
INFO	2018-04-05 19:03:32	MarkDuplicates	Found 0 optical duplicate clusters.
INFO	2018-04-05 19:03:32	MarkDuplicates	Reads are assumed to be ordered by: coordinate
INFO	2018-04-05 19:03:44	MarkDuplicates	Before output close freeMemory: 1123706168; totalMemory: 1143472128; maxMemory: 1756364800
INFO	2018-04-05 19:03:44	MarkDuplicates	After output close freeMemory: 1119271096; totalMemory: 1132986368; maxMemory: 1756364800
[Thu Apr 05 19:03:44 CST 2018] picard.sam.markduplicates.MarkDuplicates done. Elapsed time: 0.28 minutes.
Runtime.totalMemory()=1132986368

real	0m19.483s
user	0m36.956s
sys	0m2.269s

real	0m4.533s
user	0m3.919s
sys	0m0.088s
Using GATK jar /home/elon/biosoft/gatk/4.0/gatk-package-4.0.2.1-local.jar
Running:
    java -Dsamjdk.use_async_io_read_samtools=false -Dsamjdk.use_async_io_write_samtools=true -Dsamjdk.use_async_io_write_tribble=false -Dsamjdk.compression_level=1 -jar /home/elon/biosoft/gatk/4.0/gatk-package-4.0.2.1-local.jar HaplotypeCaller -R /home/elon/wgs/input/fasta/E.coli_K12_MG1655.fa --emit-ref-confidence GVCF -I SRR1770413.sorted.markdup.bam -O SRR1770413.g.vcf
19:03:51.952 INFO  NativeLibraryLoader - Loading libgkl_compression.so from jar:file:/home/elon/biosoft/gatk/4.0/gatk-package-4.0.2.1-local.jar!/com/intel/gkl/native/libgkl_compression.so
19:06:21.674 INFO  HaplotypeCaller - ------------------------------------------------------------
19:06:21.675 INFO  HaplotypeCaller - The Genome Analysis Toolkit (GATK) v4.0.2.1
19:06:21.675 INFO  HaplotypeCaller - For support and documentation go to https://software.broadinstitute.org/gatk/
19:06:21.676 INFO  HaplotypeCaller - Executing as elon@longsl on Linux v4.13.0-36-generic amd64
19:06:21.676 INFO  HaplotypeCaller - Java runtime: Java HotSpot(TM) 64-Bit Server VM v1.8.0_161-b12
19:06:21.677 INFO  HaplotypeCaller - Start Date/Time: 2018年4月5日 下午07时03分51秒
19:06:21.678 INFO  HaplotypeCaller - ------------------------------------------------------------
19:06:21.678 INFO  HaplotypeCaller - ------------------------------------------------------------
19:06:21.679 INFO  HaplotypeCaller - HTSJDK Version: 2.14.3
19:06:21.679 INFO  HaplotypeCaller - Picard Version: 2.17.2
19:06:21.679 INFO  HaplotypeCaller - HTSJDK Defaults.COMPRESSION_LEVEL : 1
19:06:21.679 INFO  HaplotypeCaller - HTSJDK Defaults.USE_ASYNC_IO_READ_FOR_SAMTOOLS : false
19:06:21.680 INFO  HaplotypeCaller - HTSJDK Defaults.USE_ASYNC_IO_WRITE_FOR_SAMTOOLS : true
19:06:21.680 INFO  HaplotypeCaller - HTSJDK Defaults.USE_ASYNC_IO_WRITE_FOR_TRIBBLE : false
19:06:21.680 INFO  HaplotypeCaller - Deflater: IntelDeflater
19:06:21.680 INFO  HaplotypeCaller - Inflater: IntelInflater
19:06:21.680 INFO  HaplotypeCaller - GCS max retries/reopens: 20
19:06:21.680 INFO  HaplotypeCaller - Using google-cloud-java patch 6d11bef1c81f885c26b2b56c8616b7a705171e4f from https://github.com/droazen/google-cloud-java/tree/dr_all_nio_fixes
19:06:21.680 INFO  HaplotypeCaller - Initializing engine
19:06:22.088 INFO  HaplotypeCaller - Done initializing engine
19:06:22.092 INFO  HaplotypeCallerEngine - Standard Emitting and Calling confidence set to 0.0 for reference-model confidence output
19:06:22.092 INFO  HaplotypeCallerEngine - All sites annotated with PLs forced to true for reference-model confidence output
19:06:22.651 INFO  NativeLibraryLoader - Loading libgkl_utils.so from jar:file:/home/elon/biosoft/gatk/4.0/gatk-package-4.0.2.1-local.jar!/com/intel/gkl/native/libgkl_utils.so
19:06:22.652 INFO  NativeLibraryLoader - Loading libgkl_pairhmm_omp.so from jar:file:/home/elon/biosoft/gatk/4.0/gatk-package-4.0.2.1-local.jar!/com/intel/gkl/native/libgkl_pairhmm_omp.so
19:06:22.702 WARN  IntelPairHmm - Flush-to-zero (FTZ) is enabled when running PairHMM
19:06:22.702 INFO  IntelPairHmm - Available threads: 4
19:06:22.702 INFO  IntelPairHmm - Requested threads: 4
19:06:22.703 INFO  PairHMM - Using the OpenMP multi-threaded AVX-accelerated native PairHMM implementation
19:06:22.750 INFO  ProgressMeter - Starting traversal
19:06:22.750 INFO  ProgressMeter -        Current Locus  Elapsed Minutes     Regions Processed   Regions/Minute
19:06:32.934 INFO  ProgressMeter -    NC_000913.3:74359              0.2                   260           1532.0
19:06:43.751 INFO  ProgressMeter -   NC_000913.3:224730              0.4                   770           2199.9
19:06:53.791 INFO  ProgressMeter -   NC_000913.3:259927              0.5                   910           1759.0
19:07:09.553 INFO  ProgressMeter -   NC_000913.3:268522              0.8                   950           1217.9
19:07:12.183 WARN  DepthPerSampleHC - Annotation will not be calculated, genotype is not called or alleleLikelihoodMap is null
19:07:12.183 WARN  StrandBiasBySample - Annotation will not be calculated, genotype is not called or alleleLikelihoodMap is null
19:07:12.184 WARN  DepthPerSampleHC - Annotation will not be calculated, genotype is not called or alleleLikelihoodMap is null
19:07:12.184 WARN  StrandBiasBySample - Annotation will not be calculated, genotype is not called or alleleLikelihoodMap is null
19:07:12.185 WARN  DepthPerSampleHC - Annotation will not be calculated, genotype is not called or alleleLikelihoodMap is null
19:07:12.185 WARN  StrandBiasBySample - Annotation will not be calculated, genotype is not called or alleleLikelihoodMap is null
19:07:12.186 WARN  DepthPerSampleHC - Annotation will not be calculated, genotype is not called or alleleLikelihoodMap is null
19:07:12.186 WARN  StrandBiasBySample - Annotation will not be calculated, genotype is not called or alleleLikelihoodMap is null
19:07:12.186 WARN  DepthPerSampleHC - Annotation will not be calculated, genotype is not called or alleleLikelihoodMap is null
19:07:12.186 WARN  StrandBiasBySample - Annotation will not be calculated, genotype is not called or alleleLikelihoodMap is null
19:07:12.187 WARN  DepthPerSampleHC - Annotation will not be calculated, genotype is not called or alleleLikelihoodMap is null
19:07:12.187 WARN  StrandBiasBySample - Annotation will not be calculated, genotype is not called or alleleLikelihoodMap is null
19:07:12.187 WARN  DepthPerSampleHC - Annotation will not be calculated, genotype is not called or alleleLikelihoodMap is null
19:07:12.187 WARN  StrandBiasBySample - Annotation will not be calculated, genotype is not called or alleleLikelihoodMap is null
19:07:12.188 WARN  DepthPerSampleHC - Annotation will not be calculated, genotype is not called or alleleLikelihoodMap is null
19:07:12.188 WARN  StrandBiasBySample - Annotation will not be calculated, genotype is not called or alleleLikelihoodMap is null
19:07:12.189 WARN  DepthPerSampleHC - Annotation will not be calculated, genotype is not called or alleleLikelihoodMap is null
19:07:12.189 WARN  StrandBiasBySample - Annotation will not be calculated, genotype is not called or alleleLikelihoodMap is null
19:07:12.189 WARN  DepthPerSampleHC - Annotation will not be calculated, genotype is not called or alleleLikelihoodMap is null
19:07:12.189 WARN  StrandBiasBySample - Annotation will not be calculated, genotype is not called or alleleLikelihoodMap is null
19:07:12.190 WARN  DepthPerSampleHC - Annotation will not be calculated, genotype is not called or alleleLikelihoodMap is null
19:07:12.190 WARN  StrandBiasBySample - Annotation will not be calculated, genotype is not called or alleleLikelihoodMap is null
19:07:12.191 WARN  DepthPerSampleHC - Annotation will not be calculated, genotype is not called or alleleLikelihoodMap is null
19:07:12.191 WARN  StrandBiasBySample - Annotation will not be calculated, genotype is not called or alleleLikelihoodMap is null
19:07:12.192 WARN  DepthPerSampleHC - Annotation will not be calculated, genotype is not called or alleleLikelihoodMap is null
19:07:12.192 WARN  StrandBiasBySample - Annotation will not be calculated, genotype is not called or alleleLikelihoodMap is null
19:07:12.193 WARN  DepthPerSampleHC - Annotation will not be calculated, genotype is not called or alleleLikelihoodMap is null
19:07:12.193 WARN  StrandBiasBySample - Annotation will not be calculated, genotype is not called or alleleLikelihoodMap is null
19:07:12.194 WARN  DepthPerSampleHC - Annotation will not be calculated, genotype is not called or alleleLikelihoodMap is null
19:07:12.194 WARN  StrandBiasBySample - Annotation will not be calculated, genotype is not called or alleleLikelihoodMap is null
19:07:12.196 WARN  DepthPerSampleHC - Annotation will not be calculated, genotype is not called or alleleLikelihoodMap is null
19:07:12.196 WARN  StrandBiasBySample - Annotation will not be calculated, genotype is not called or alleleLikelihoodMap is null
19:07:12.197 WARN  DepthPerSampleHC - Annotation will not be calculated, genotype is not called or alleleLikelihoodMap is null
19:07:12.197 WARN  StrandBiasBySample - Annotation will not be calculated, genotype is not called or alleleLikelihoodMap is null
19:07:12.198 WARN  DepthPerSampleHC - Annotation will not be calculated, genotype is not called or alleleLikelihoodMap is null
19:07:12.199 WARN  StrandBiasBySample - Annotation will not be calculated, genotype is not called or alleleLikelihoodMap is null
19:07:12.723 WARN  DepthPerSampleHC - Annotation will not be calculated, genotype is not called or alleleLikelihoodMap is null
19:07:12.723 WARN  StrandBiasBySample - Annotation will not be calculated, genotype is not called or alleleLikelihoodMap is null
19:07:12.725 WARN  DepthPerSampleHC - Annotation will not be calculated, genotype is not called or alleleLikelihoodMap is null
19:07:12.725 WARN  StrandBiasBySample - Annotation will not be calculated, genotype is not called or alleleLikelihoodMap is null
19:07:12.726 WARN  DepthPerSampleHC - Annotation will not be calculated, genotype is not called or alleleLikelihoodMap is null
19:07:12.728 WARN  StrandBiasBySample - Annotation will not be calculated, genotype is not called or alleleLikelihoodMap is null
19:07:12.729 WARN  DepthPerSampleHC - Annotation will not be calculated, genotype is not called or alleleLikelihoodMap is null
19:07:12.729 WARN  StrandBiasBySample - Annotation will not be calculated, genotype is not called or alleleLikelihoodMap is null
19:07:12.730 WARN  DepthPerSampleHC - Annotation will not be calculated, genotype is not called or alleleLikelihoodMap is null
19:07:12.730 WARN  StrandBiasBySample - Annotation will not be calculated, genotype is not called or alleleLikelihoodMap is null
19:07:12.730 WARN  DepthPerSampleHC - Annotation will not be calculated, genotype is not called or alleleLikelihoodMap is null
19:07:12.731 WARN  StrandBiasBySample - Annotation will not be calculated, genotype is not called or alleleLikelihoodMap is null
19:07:12.731 WARN  DepthPerSampleHC - Annotation will not be calculated, genotype is not called or alleleLikelihoodMap is null
19:07:12.731 WARN  StrandBiasBySample - Annotation will not be calculated, genotype is not called or alleleLikelihoodMap is null
19:07:12.732 WARN  DepthPerSampleHC - Annotation will not be calculated, genotype is not called or alleleLikelihoodMap is null
19:07:12.732 WARN  StrandBiasBySample - Annotation will not be calculated, genotype is not called or alleleLikelihoodMap is null
19:07:12.733 WARN  DepthPerSampleHC - Annotation will not be calculated, genotype is not called or alleleLikelihoodMap is null
19:07:12.733 WARN  StrandBiasBySample - Annotation will not be calculated, genotype is not called or alleleLikelihoodMap is null
19:07:12.733 WARN  DepthPerSampleHC - Annotation will not be calculated, genotype is not called or alleleLikelihoodMap is null
19:07:12.733 WARN  StrandBiasBySample - Annotation will not be calculated, genotype is not called or alleleLikelihoodMap is null
19:07:12.734 WARN  DepthPerSampleHC - Annotation will not be calculated, genotype is not called or alleleLikelihoodMap is null
19:07:12.734 WARN  StrandBiasBySample - Annotation will not be calculated, genotype is not called or alleleLikelihoodMap is null
19:07:12.734 WARN  DepthPerSampleHC - Annotation will not be calculated, genotype is not called or alleleLikelihoodMap is null
19:07:12.735 WARN  StrandBiasBySample - Annotation will not be calculated, genotype is not called or alleleLikelihoodMap is null
19:07:12.735 WARN  DepthPerSampleHC - Annotation will not be calculated, genotype is not called or alleleLikelihoodMap is null
19:07:12.735 WARN  StrandBiasBySample - Annotation will not be calculated, genotype is not called or alleleLikelihoodMap is null
19:07:12.736 WARN  DepthPerSampleHC - Annotation will not be calculated, genotype is not called or alleleLikelihoodMap is null
19:07:12.736 WARN  StrandBiasBySample - Annotation will not be calculated, genotype is not called or alleleLikelihoodMap is null
19:07:12.737 WARN  DepthPerSampleHC - Annotation will not be calculated, genotype is not called or alleleLikelihoodMap is null
19:07:12.737 WARN  StrandBiasBySample - Annotation will not be calculated, genotype is not called or alleleLikelihoodMap is null
19:07:12.738 WARN  DepthPerSampleHC - Annotation will not be calculated, genotype is not called or alleleLikelihoodMap is null
19:07:12.738 WARN  StrandBiasBySample - Annotation will not be calculated, genotype is not called or alleleLikelihoodMap is null
19:07:12.739 WARN  DepthPerSampleHC - Annotation will not be calculated, genotype is not called or alleleLikelihoodMap is null
19:07:12.739 WARN  StrandBiasBySample - Annotation will not be calculated, genotype is not called or alleleLikelihoodMap is null
19:07:12.740 WARN  DepthPerSampleHC - Annotation will not be calculated, genotype is not called or alleleLikelihoodMap is null
19:07:12.740 WARN  StrandBiasBySample - Annotation will not be calculated, genotype is not called or alleleLikelihoodMap is null
19:07:12.740 WARN  DepthPerSampleHC - Annotation will not be calculated, genotype is not called or alleleLikelihoodMap is null
19:07:12.740 WARN  StrandBiasBySample - Annotation will not be calculated, genotype is not called or alleleLikelihoodMap is null
19:07:12.741 WARN  DepthPerSampleHC - Annotation will not be calculated, genotype is not called or alleleLikelihoodMap is null
19:07:12.741 WARN  StrandBiasBySample - Annotation will not be calculated, genotype is not called or alleleLikelihoodMap is null
19:07:12.742 WARN  DepthPerSampleHC - Annotation will not be calculated, genotype is not called or alleleLikelihoodMap is null
19:07:12.742 WARN  StrandBiasBySample - Annotation will not be calculated, genotype is not called or alleleLikelihoodMap is null
19:07:12.742 WARN  DepthPerSampleHC - Annotation will not be calculated, genotype is not called or alleleLikelihoodMap is null
19:07:12.743 WARN  StrandBiasBySample - Annotation will not be calculated, genotype is not called or alleleLikelihoodMap is null
19:07:12.743 WARN  DepthPerSampleHC - Annotation will not be calculated, genotype is not called or alleleLikelihoodMap is null
19:07:12.743 WARN  StrandBiasBySample - Annotation will not be calculated, genotype is not called or alleleLikelihoodMap is null
19:07:12.744 WARN  DepthPerSampleHC - Annotation will not be calculated, genotype is not called or alleleLikelihoodMap is null
19:07:12.744 WARN  StrandBiasBySample - Annotation will not be calculated, genotype is not called or alleleLikelihoodMap is null
19:07:19.642 INFO  ProgressMeter -   NC_000913.3:468004              0.9                  1640           1729.6
19:07:30.256 INFO  ProgressMeter -   NC_000913.3:583327              1.1                  2070           1839.8
19:07:41.185 INFO  ProgressMeter -   NC_000913.3:733949              1.3                  2600           1988.9
19:07:51.393 INFO  ProgressMeter -   NC_000913.3:918129              1.5                  3250           2199.9
19:08:01.396 INFO  ProgressMeter -  NC_000913.3:1142534              1.6                  4020           2445.1
19:08:11.464 INFO  ProgressMeter -  NC_000913.3:1340432              1.8                  4700           2594.0
19:08:21.761 INFO  ProgressMeter -  NC_000913.3:1548191              2.0                  5420           2732.5
19:08:34.046 INFO  ProgressMeter -  NC_000913.3:1687880              2.2                  5910           2700.8
19:08:36.566 INFO  HaplotypeCaller - 32824 read(s) filtered by: ((((((((MappingQualityReadFilter AND MappingQualityAvailableReadFilter) AND MappedReadFilter) AND NotSecondaryAlignmentReadFilter) AND NotDuplicateReadFilter) AND PassesVendorQualityCheckReadFilter) AND NonZeroReferenceLengthAlignmentReadFilter) AND GoodCigarReadFilter) AND WellformedReadFilter)
  32824 read(s) filtered by: (((((((MappingQualityReadFilter AND MappingQualityAvailableReadFilter) AND MappedReadFilter) AND NotSecondaryAlignmentReadFilter) AND NotDuplicateReadFilter) AND PassesVendorQualityCheckReadFilter) AND NonZeroReferenceLengthAlignmentReadFilter) AND GoodCigarReadFilter)
      32824 read(s) filtered by: ((((((MappingQualityReadFilter AND MappingQualityAvailableReadFilter) AND MappedReadFilter) AND NotSecondaryAlignmentReadFilter) AND NotDuplicateReadFilter) AND PassesVendorQualityCheckReadFilter) AND NonZeroReferenceLengthAlignmentReadFilter)
          32824 read(s) filtered by: (((((MappingQualityReadFilter AND MappingQualityAvailableReadFilter) AND MappedReadFilter) AND NotSecondaryAlignmentReadFilter) AND NotDuplicateReadFilter) AND PassesVendorQualityCheckReadFilter)
              32824 read(s) filtered by: ((((MappingQualityReadFilter AND MappingQualityAvailableReadFilter) AND MappedReadFilter) AND NotSecondaryAlignmentReadFilter) AND NotDuplicateReadFilter)
                  24493 read(s) filtered by: (((MappingQualityReadFilter AND MappingQualityAvailableReadFilter) AND MappedReadFilter) AND NotSecondaryAlignmentReadFilter)
                      24493 read(s) filtered by: ((MappingQualityReadFilter AND MappingQualityAvailableReadFilter) AND MappedReadFilter)
                          24493 read(s) filtered by: (MappingQualityReadFilter AND MappingQualityAvailableReadFilter)
                              24493 read(s) filtered by: MappingQualityReadFilter 
                  8331 read(s) filtered by: NotDuplicateReadFilter 

19:08:36.566 INFO  ProgressMeter -  NC_000913.3:1767127              2.2                  6188           2774.6
19:08:36.566 INFO  ProgressMeter - Traversal complete. Processed 6188 total regions in 2.2 minutes.
19:08:36.579 INFO  VectorLoglessPairHMM - Time spent in setup for JNI call : 0.043412237
19:08:36.579 INFO  PairHMM - Total compute time in PairHMM computeLogLikelihoods() : 27.007227016
19:08:36.579 INFO  SmithWatermanAligner - Total compute time in java Smith-Waterman : 23.05 sec
19:08:36.579 INFO  HaplotypeCaller - Shutting down engine
[2018年4月5日 下午07时08分36秒] org.broadinstitute.hellbender.tools.walkers.haplotypecaller.HaplotypeCaller done. Elapsed time: 4.74 minutes.
Runtime.totalMemory()=713555968

real	4m47.320s
user	4m24.201s
sys	0m0.967s
18/04/05 19:08:37 WARN util.NativeCodeLoader: Unable to load native-hadoop library for your platform... using builtin-java classes where applicable
put: `/wgs/output/gvcf/SRR1770413.g.vcf': File exists
